2022-10-13 20:20:39.865 [main] INFO  com.student.userService.UserApplication - Starting UserApplication on DESKTOP-DQS4SD0 with PID 18548 (D:\Projects\StudentProject\student_Backend\student_userService\student-userService\target\classes started by liuziyu in D:\Projects\StudentProject\student_Backend\student_userService\student-userService)
2022-10-13 20:20:39.885 [main] INFO  com.student.userService.UserApplication - No active profile set, falling back to default profiles: default
2022-10-13 20:20:40.425 [background-preinit] WARN  o.s.h.converter.json.Jackson2ObjectMapperBuilder - For Jackson Kotlin classes support please add "com.fasterxml.jackson.module:jackson-module-kotlin" to the classpath
2022-10-13 20:20:43.685 [main] DEBUG c.b.m.autoconfigure.MybatisPlusAutoConfiguration - Searching for mappers annotated with @Mapper
2022-10-13 20:20:43.685 [main] DEBUG c.b.m.autoconfigure.MybatisPlusAutoConfiguration - Using auto-configuration base package 'com.student.userService.Config'
2022-10-13 20:20:43.705 [main] DEBUG c.b.m.autoconfigure.MybatisPlusAutoConfiguration - Using auto-configuration base package 'com.student.userService'
2022-10-13 20:20:44.077 [main] INFO  o.s.d.r.config.RepositoryConfigurationDelegate - Multiple Spring Data modules found, entering strict repository configuration mode!
2022-10-13 20:20:44.077 [main] INFO  o.s.d.r.config.RepositoryConfigurationDelegate - Bootstrapping Spring Data Redis repositories in DEFAULT mode.
2022-10-13 20:20:44.167 [main] INFO  o.s.d.r.config.RepositoryConfigurationDelegate - Finished Spring Data repository scanning in 72ms. Found 0 Redis repository interfaces.
2022-10-13 20:20:44.917 [main] INFO  o.s.c.s.PostProcessorRegistrationDelegate$BeanPostProcessorChecker - Bean 'redisConfig' of type [com.student.userService.Config.RedisConfig$$EnhancerBySpringCGLIB$$472a7212] is not eligible for getting processed by all BeanPostProcessors (for example: not eligible for auto-proxying)
2022-10-13 20:20:45.817 [main] INFO  o.s.boot.web.embedded.tomcat.TomcatWebServer - Tomcat initialized with port(s): 8081 (http)
2022-10-13 20:20:45.878 [main] INFO  org.apache.coyote.http11.Http11NioProtocol - Initializing ProtocolHandler ["http-nio-8081"]
2022-10-13 20:20:45.878 [main] INFO  org.apache.catalina.core.StandardService - Starting service [Tomcat]
2022-10-13 20:20:45.878 [main] INFO  org.apache.catalina.core.StandardEngine - Starting Servlet engine: [Apache Tomcat/9.0.41]
2022-10-13 20:20:46.037 [main] INFO  o.a.c.core.ContainerBase.[Tomcat].[localhost].[/] - Initializing Spring embedded WebApplicationContext
2022-10-13 20:20:46.037 [main] INFO  o.s.b.w.s.c.ServletWebServerApplicationContext - Root WebApplicationContext: initialization completed in 5691 ms
2022-10-13 20:20:48.178 [main] DEBUG c.b.m.e.spring.MybatisSqlSessionFactoryBean - Parsed mapper file: 'file [D:\Projects\StudentProject\student_Backend\student_userService\student-userService\target\classes\mapper\CourseMapper.xml]'
2022-10-13 20:20:48.217 [main] DEBUG c.b.m.e.spring.MybatisSqlSessionFactoryBean - Parsed mapper file: 'file [D:\Projects\StudentProject\student_Backend\student_userService\student-userService\target\classes\mapper\SubjectMapper.xml]'
2022-10-13 20:20:48.267 [main] DEBUG c.b.m.e.spring.MybatisSqlSessionFactoryBean - Parsed mapper file: 'file [D:\Projects\StudentProject\student_Backend\student_userService\student-userService\target\classes\mapper\TsMapper.xml]'
2022-10-13 20:20:48.297 [main] DEBUG c.b.m.e.spring.MybatisSqlSessionFactoryBean - Parsed mapper file: 'file [D:\Projects\StudentProject\student_Backend\student_userService\student-userService\target\classes\mapper\UserMapper.xml]'
2022-10-13 20:20:49.447 [main] INFO  o.s.scheduling.concurrent.ThreadPoolTaskExecutor - Initializing ExecutorService 'applicationTaskExecutor'
2022-10-13 20:20:49.457 [main] DEBUG o.s.w.s.m.m.a.RequestMappingHandlerAdapter - ControllerAdvice beans: 0 @ModelAttribute, 0 @InitBinder, 1 RequestBodyAdvice, 1 ResponseBodyAdvice
2022-10-13 20:20:49.537 [main] DEBUG o.s.w.s.m.m.a.RequestMappingHandlerMapping - 23 mappings in 'requestMappingHandlerMapping'
2022-10-13 20:20:49.547 [main] DEBUG o.s.web.servlet.handler.SimpleUrlHandlerMapping - Patterns [/webjars/**, /**] in 'resourceHandlerMapping'
2022-10-13 20:20:49.567 [main] DEBUG o.s.w.s.m.m.a.ExceptionHandlerExceptionResolver - ControllerAdvice beans: 0 @ExceptionHandler, 1 ResponseBodyAdvice
2022-10-13 20:20:49.598 [main] DEBUG c.b.m.autoconfigure.MybatisPlusAutoConfiguration - Not found configuration for registering mapper bean using @MapperScan, MapperFactoryBean and MapperScannerConfigurer.
2022-10-13 20:20:49.978 [main] INFO  org.apache.coyote.http11.Http11NioProtocol - Starting ProtocolHandler ["http-nio-8081"]
2022-10-13 20:20:50.017 [main] INFO  o.s.boot.web.embedded.tomcat.TomcatWebServer - Tomcat started on port(s): 8081 (http) with context path ''
2022-10-13 20:20:50.027 [main] INFO  com.student.userService.UserApplication - Started UserApplication in 12.473 seconds (JVM running for 15.765)
2022-10-13 20:25:40.854 [http-nio-8081-exec-1] INFO  o.a.c.core.ContainerBase.[Tomcat].[localhost].[/] - Initializing Spring DispatcherServlet 'dispatcherServlet'
2022-10-13 20:25:40.854 [http-nio-8081-exec-1] INFO  org.springframework.web.servlet.DispatcherServlet - Initializing Servlet 'dispatcherServlet'
2022-10-13 20:25:40.854 [http-nio-8081-exec-1] DEBUG org.springframework.web.servlet.DispatcherServlet - Detected StandardServletMultipartResolver
2022-10-13 20:25:40.894 [http-nio-8081-exec-1] DEBUG org.springframework.web.servlet.DispatcherServlet - enableLoggingRequestDetails='false': request parameters and headers will be masked to prevent unsafe logging of potentially sensitive data
2022-10-13 20:25:40.894 [http-nio-8081-exec-1] INFO  org.springframework.web.servlet.DispatcherServlet - Completed initialization in 40 ms
2022-10-13 20:25:40.924 [http-nio-8081-exec-1] DEBUG org.springframework.web.servlet.DispatcherServlet - POST "/user/login", parameters={}
2022-10-13 20:25:40.945 [http-nio-8081-exec-1] DEBUG o.s.w.s.m.m.a.RequestMappingHandlerMapping - Mapped to com.student.userService.Controller.UserController#login(User)
2022-10-13 20:25:41.174 [http-nio-8081-exec-1] DEBUG o.s.w.s.m.m.a.RequestResponseBodyMethodProcessor - Read "application/json;charset=UTF-8" to [User(id=null, mobile=17605603455, userName=null, password=123456, province=null, city=null, area=nul (truncated)...]
2022-10-13 20:25:41.324 [http-nio-8081-exec-1] INFO  com.zaxxer.hikari.HikariDataSource - HikariPool-1 - Starting...
2022-10-13 20:25:43.747 [http-nio-8081-exec-1] INFO  com.zaxxer.hikari.HikariDataSource - HikariPool-1 - Start completed.
2022-10-13 20:25:43.778 [http-nio-8081-exec-1] DEBUG c.student.userService.Mapper.UserMapper.userLogin - ==>  Preparing: select * from user where mobile=? and password=?
2022-10-13 20:25:43.817 [http-nio-8081-exec-1] DEBUG c.student.userService.Mapper.UserMapper.userLogin - ==> Parameters: 17605603455(String), 123456(String)
2022-10-13 20:25:44.933 [http-nio-8081-exec-1] DEBUG c.student.userService.Mapper.UserMapper.userLogin - <==      Total: 1
2022-10-13 20:25:49.415 [http-nio-8081-exec-1] DEBUG o.s.w.s.m.m.a.RequestResponseBodyMethodProcessor - Using 'application/json', given [application/json, text/plain, */*] and supported [application/json, application/*+json, application/json, application/*+json]
2022-10-13 20:25:49.415 [http-nio-8081-exec-1] DEBUG o.s.w.s.m.m.a.RequestResponseBodyMethodProcessor - Writing [com.student.userService.Utils.ApiResult@35e6920a]
2022-10-13 20:25:49.435 [http-nio-8081-exec-1] DEBUG org.springframework.web.servlet.DispatcherServlet - Completed 200 OK
2022-10-13 20:27:15.559 [http-nio-8081-exec-5] DEBUG org.springframework.web.servlet.DispatcherServlet - POST "/user/login", parameters={}
2022-10-13 20:27:15.559 [http-nio-8081-exec-5] DEBUG o.s.w.s.m.m.a.RequestMappingHandlerMapping - Mapped to com.student.userService.Controller.UserController#login(User)
2022-10-13 20:27:15.559 [http-nio-8081-exec-5] DEBUG o.s.w.s.m.m.a.RequestResponseBodyMethodProcessor - Read "application/json;charset=UTF-8" to [User(id=null, mobile=17605603455, userName=null, password=123456, province=null, city=null, area=nul (truncated)...]
2022-10-13 20:27:15.559 [http-nio-8081-exec-5] DEBUG c.student.userService.Mapper.UserMapper.userLogin - ==>  Preparing: select * from user where mobile=? and password=?
2022-10-13 20:27:15.559 [http-nio-8081-exec-5] DEBUG c.student.userService.Mapper.UserMapper.userLogin - ==> Parameters: 17605603455(String), 123456(String)
2022-10-13 20:27:15.569 [http-nio-8081-exec-5] DEBUG c.student.userService.Mapper.UserMapper.userLogin - <==      Total: 1
2022-10-13 20:27:15.626 [http-nio-8081-exec-5] DEBUG o.s.w.s.m.m.a.RequestResponseBodyMethodProcessor - Using 'application/json', given [application/json, text/plain, */*] and supported [application/json, application/*+json, application/json, application/*+json]
2022-10-13 20:27:15.626 [http-nio-8081-exec-5] DEBUG o.s.w.s.m.m.a.RequestResponseBodyMethodProcessor - Writing [com.student.userService.Utils.ApiResult@1f42ba36]
2022-10-13 20:27:15.626 [http-nio-8081-exec-5] DEBUG org.springframework.web.servlet.DispatcherServlet - Completed 200 OK
2022-10-13 20:27:15.813 [http-nio-8081-exec-6] DEBUG org.springframework.web.servlet.DispatcherServlet - GET "/subject/getSubjectList?page=1&pageSize=10&subjectName=", parameters={masked}
2022-10-13 20:27:15.813 [http-nio-8081-exec-6] DEBUG o.s.w.s.m.m.a.RequestMappingHandlerMapping - Mapped to com.student.userService.Controller.Subject.SubjectController#getSubjectList(int, int, String)
2022-10-13 20:27:16.435 [http-nio-8081-exec-6] DEBUG c.s.u.Mapper.SubjectMapper.getSubjectList_COUNT - ==>  Preparing: SELECT count(0) FROM subject WHERE 1 = 1
2022-10-13 20:27:16.436 [http-nio-8081-exec-6] DEBUG c.s.u.Mapper.SubjectMapper.getSubjectList_COUNT - ==> Parameters: 
2022-10-13 20:27:16.993 [http-nio-8081-exec-6] DEBUG c.s.u.Mapper.SubjectMapper.getSubjectList_COUNT - <==      Total: 1
2022-10-13 20:27:16.995 [http-nio-8081-exec-6] DEBUG c.s.u.Mapper.SubjectMapper.getSubjectList - ==>  Preparing: select * from subject where 1=1 LIMIT ?
2022-10-13 20:27:16.995 [http-nio-8081-exec-6] DEBUG c.s.u.Mapper.SubjectMapper.getSubjectList - ==> Parameters: 10(Integer)
2022-10-13 20:27:17.067 [http-nio-8081-exec-6] DEBUG c.s.u.Mapper.SubjectMapper.getSubjectList - <==      Total: 4
2022-10-13 20:27:17.098 [http-nio-8081-exec-6] DEBUG o.s.w.s.m.m.a.RequestResponseBodyMethodProcessor - Using 'application/json', given [application/json, text/plain, */*] and supported [application/json, application/*+json, application/json, application/*+json]
2022-10-13 20:27:17.098 [http-nio-8081-exec-6] DEBUG o.s.w.s.m.m.a.RequestResponseBodyMethodProcessor - Writing [com.student.userService.Utils.ApiResult@5156dd7b]
2022-10-13 20:27:17.108 [http-nio-8081-exec-6] DEBUG org.springframework.web.servlet.DispatcherServlet - Completed 200 OK
