2022-08-04 10:52:58.912 [main] INFO  com.student.userService.UserApplication - Starting UserApplication on DESKTOP-DQS4SD0 with PID 10984 (D:\Projects\StudentProject\student_Backend\student_userService\student-userService\target\classes started by liuziyu in D:\Projects\StudentProject\student_Backend\student_userService\student-userService)
2022-08-04 10:52:58.922 [main] INFO  com.student.userService.UserApplication - No active profile set, falling back to default profiles: default
2022-08-04 10:52:59.762 [background-preinit] WARN  o.s.h.converter.json.Jackson2ObjectMapperBuilder - For Jackson Kotlin classes support please add "com.fasterxml.jackson.module:jackson-module-kotlin" to the classpath
2022-08-04 10:53:01.870 [main] DEBUG c.b.m.autoconfigure.MybatisPlusAutoConfiguration - Searching for mappers annotated with @Mapper
2022-08-04 10:53:01.870 [main] DEBUG c.b.m.autoconfigure.MybatisPlusAutoConfiguration - Using auto-configuration base package 'com.student.userService'
2022-08-04 10:53:02.130 [main] INFO  o.s.d.r.config.RepositoryConfigurationDelegate - Multiple Spring Data modules found, entering strict repository configuration mode!
2022-08-04 10:53:02.141 [main] INFO  o.s.d.r.config.RepositoryConfigurationDelegate - Bootstrapping Spring Data Redis repositories in DEFAULT mode.
2022-08-04 10:53:02.180 [main] INFO  o.s.d.r.config.RepositoryConfigurationDelegate - Finished Spring Data repository scanning in 7ms. Found 0 Redis repository interfaces.
2022-08-04 10:53:02.770 [main] INFO  o.s.c.s.PostProcessorRegistrationDelegate$BeanPostProcessorChecker - Bean 'redisConfig' of type [com.student.userService.Config.RedisConfig$$EnhancerBySpringCGLIB$$d3d13511] is not eligible for getting processed by all BeanPostProcessors (for example: not eligible for auto-proxying)
2022-08-04 10:53:03.929 [main] INFO  o.s.boot.web.embedded.tomcat.TomcatWebServer - Tomcat initialized with port(s): 8081 (http)
2022-08-04 10:53:03.960 [main] INFO  org.apache.coyote.http11.Http11NioProtocol - Initializing ProtocolHandler ["http-nio-8081"]
2022-08-04 10:53:03.960 [main] INFO  org.apache.catalina.core.StandardService - Starting service [Tomcat]
2022-08-04 10:53:03.960 [main] INFO  org.apache.catalina.core.StandardEngine - Starting Servlet engine: [Apache Tomcat/9.0.41]
2022-08-04 10:53:03.960 [main] INFO  org.apache.catalina.core.AprLifecycleListener - An older version [1.2.21] of the Apache Tomcat Native library is installed, while Tomcat recommends a minimum version of [1.2.23]
2022-08-04 10:53:03.960 [main] INFO  org.apache.catalina.core.AprLifecycleListener - Loaded Apache Tomcat Native library [1.2.21] using APR version [1.6.5].
2022-08-04 10:53:03.960 [main] INFO  org.apache.catalina.core.AprLifecycleListener - APR capabilities: IPv6 [true], sendfile [true], accept filters [false], random [true].
2022-08-04 10:53:03.960 [main] INFO  org.apache.catalina.core.AprLifecycleListener - APR/OpenSSL configuration: useAprConnector [false], useOpenSSL [true]
2022-08-04 10:53:04.049 [main] INFO  org.apache.catalina.core.AprLifecycleListener - OpenSSL successfully initialized [OpenSSL 1.1.1a  20 Nov 2018]
2022-08-04 10:53:04.279 [main] INFO  o.a.c.core.ContainerBase.[Tomcat].[localhost].[/] - Initializing Spring embedded WebApplicationContext
2022-08-04 10:53:04.279 [main] INFO  o.s.b.w.s.c.ServletWebServerApplicationContext - Root WebApplicationContext: initialization completed in 5117 ms
2022-08-04 10:53:06.878 [main] INFO  o.s.scheduling.concurrent.ThreadPoolTaskExecutor - Initializing ExecutorService 'applicationTaskExecutor'
2022-08-04 10:53:06.888 [main] DEBUG o.s.w.s.m.m.a.RequestMappingHandlerAdapter - ControllerAdvice beans: 0 @ModelAttribute, 0 @InitBinder, 1 RequestBodyAdvice, 1 ResponseBodyAdvice
2022-08-04 10:53:06.958 [main] DEBUG o.s.w.s.m.m.a.RequestMappingHandlerMapping - 13 mappings in 'requestMappingHandlerMapping'
2022-08-04 10:53:06.968 [main] DEBUG o.s.web.servlet.handler.SimpleUrlHandlerMapping - Patterns [/webjars/**, /**] in 'resourceHandlerMapping'
2022-08-04 10:53:06.978 [main] DEBUG o.s.w.s.m.m.a.ExceptionHandlerExceptionResolver - ControllerAdvice beans: 0 @ExceptionHandler, 1 ResponseBodyAdvice
2022-08-04 10:53:07.018 [main] DEBUG c.b.m.autoconfigure.MybatisPlusAutoConfiguration - Not found configuration for registering mapper bean using @MapperScan, MapperFactoryBean and MapperScannerConfigurer.
2022-08-04 10:53:07.288 [main] INFO  org.apache.coyote.http11.Http11NioProtocol - Starting ProtocolHandler ["http-nio-8081"]
2022-08-04 10:53:07.338 [main] INFO  o.s.boot.web.embedded.tomcat.TomcatWebServer - Tomcat started on port(s): 8081 (http) with context path ''
2022-08-04 10:53:07.338 [main] INFO  com.student.userService.UserApplication - Started UserApplication in 10.306 seconds (JVM running for 14.37)
2022-08-04 15:41:50.437 [background-preinit] WARN  o.s.h.converter.json.Jackson2ObjectMapperBuilder - For Jackson Kotlin classes support please add "com.fasterxml.jackson.module:jackson-module-kotlin" to the classpath
2022-08-04 15:41:51.107 [main] INFO  com.student.userService.UserApplication - Starting UserApplication on DESKTOP-DQS4SD0 with PID 14124 (D:\Projects\StudentProject\student_Backend\student_userService\student-userService\target\classes started by liuziyu in D:\Projects\StudentProject\student_Backend\student_userService\student-userService)
2022-08-04 15:41:51.107 [main] INFO  com.student.userService.UserApplication - No active profile set, falling back to default profiles: default
2022-08-04 15:42:04.030 [main] DEBUG c.b.m.autoconfigure.MybatisPlusAutoConfiguration - Searching for mappers annotated with @Mapper
2022-08-04 15:42:04.030 [main] DEBUG c.b.m.autoconfigure.MybatisPlusAutoConfiguration - Using auto-configuration base package 'com.student.userService'
2022-08-04 15:42:05.110 [main] INFO  o.s.d.r.config.RepositoryConfigurationDelegate - Multiple Spring Data modules found, entering strict repository configuration mode!
2022-08-04 15:42:05.150 [main] INFO  o.s.d.r.config.RepositoryConfigurationDelegate - Bootstrapping Spring Data Redis repositories in DEFAULT mode.
2022-08-04 15:42:05.569 [main] INFO  o.s.d.r.config.RepositoryConfigurationDelegate - Finished Spring Data repository scanning in 299ms. Found 0 Redis repository interfaces.
2022-08-04 15:42:08.518 [main] INFO  o.s.c.s.PostProcessorRegistrationDelegate$BeanPostProcessorChecker - Bean 'redisConfig' of type [com.student.userService.Config.RedisConfig$$EnhancerBySpringCGLIB$$73cf717b] is not eligible for getting processed by all BeanPostProcessors (for example: not eligible for auto-proxying)
2022-08-04 15:42:17.634 [main] INFO  o.s.boot.web.embedded.tomcat.TomcatWebServer - Tomcat initialized with port(s): 8081 (http)
2022-08-04 15:42:17.874 [main] INFO  org.apache.coyote.http11.Http11NioProtocol - Initializing ProtocolHandler ["http-nio-8081"]
2022-08-04 15:42:17.874 [main] INFO  org.apache.catalina.core.StandardService - Starting service [Tomcat]
2022-08-04 15:42:17.874 [main] INFO  org.apache.catalina.core.StandardEngine - Starting Servlet engine: [Apache Tomcat/9.0.41]
2022-08-04 15:42:17.884 [main] INFO  org.apache.catalina.core.AprLifecycleListener - An older version [1.2.21] of the Apache Tomcat Native library is installed, while Tomcat recommends a minimum version of [1.2.23]
2022-08-04 15:42:17.884 [main] INFO  org.apache.catalina.core.AprLifecycleListener - Loaded Apache Tomcat Native library [1.2.21] using APR version [1.6.5].
2022-08-04 15:42:17.884 [main] INFO  org.apache.catalina.core.AprLifecycleListener - APR capabilities: IPv6 [true], sendfile [true], accept filters [false], random [true].
2022-08-04 15:42:17.894 [main] INFO  org.apache.catalina.core.AprLifecycleListener - APR/OpenSSL configuration: useAprConnector [false], useOpenSSL [true]
2022-08-04 15:42:17.974 [main] INFO  org.apache.catalina.core.AprLifecycleListener - OpenSSL successfully initialized [OpenSSL 1.1.1a  20 Nov 2018]
2022-08-04 15:42:19.995 [main] INFO  o.a.c.core.ContainerBase.[Tomcat].[localhost].[/] - Initializing Spring embedded WebApplicationContext
2022-08-04 15:42:19.995 [main] INFO  o.s.b.w.s.c.ServletWebServerApplicationContext - Root WebApplicationContext: initialization completed in 28378 ms
2022-08-04 15:42:35.728 [main] INFO  o.s.scheduling.concurrent.ThreadPoolTaskExecutor - Initializing ExecutorService 'applicationTaskExecutor'
2022-08-04 15:42:36.037 [main] DEBUG o.s.w.s.m.m.a.RequestMappingHandlerAdapter - ControllerAdvice beans: 0 @ModelAttribute, 0 @InitBinder, 1 RequestBodyAdvice, 1 ResponseBodyAdvice
2022-08-04 15:42:36.827 [main] DEBUG o.s.w.s.m.m.a.RequestMappingHandlerMapping - 13 mappings in 'requestMappingHandlerMapping'
2022-08-04 15:42:37.107 [main] DEBUG o.s.web.servlet.handler.SimpleUrlHandlerMapping - Patterns [/webjars/**, /**] in 'resourceHandlerMapping'
2022-08-04 15:42:37.866 [main] DEBUG o.s.w.s.m.m.a.ExceptionHandlerExceptionResolver - ControllerAdvice beans: 0 @ExceptionHandler, 1 ResponseBodyAdvice
2022-08-04 15:42:38.146 [main] DEBUG c.b.m.autoconfigure.MybatisPlusAutoConfiguration - Not found configuration for registering mapper bean using @MapperScan, MapperFactoryBean and MapperScannerConfigurer.
2022-08-04 15:42:42.826 [main] INFO  org.apache.coyote.http11.Http11NioProtocol - Starting ProtocolHandler ["http-nio-8081"]
2022-08-04 15:42:43.159 [main] INFO  o.s.boot.web.embedded.tomcat.TomcatWebServer - Tomcat started on port(s): 8081 (http) with context path ''
2022-08-04 15:42:43.469 [main] INFO  com.student.userService.UserApplication - Started UserApplication in 59.21 seconds (JVM running for 81.975)
2022-08-04 16:17:59.708 [RMI TCP Accept-0] WARN  sun.rmi.transport.tcp - RMI TCP Accept-0: accept loop for ServerSocket[addr=0.0.0.0/0.0.0.0,localport=52490] throws
java.io.IOException: The server sockets created using the LocalRMIServerSocketFactory only accept connections from clients running on the host where the RMI remote objects have been exported.
	at jdk.management.agent/sun.management.jmxremote.LocalRMIServerSocketFactory$1.accept(LocalRMIServerSocketFactory.java:114)
	at java.rmi/sun.rmi.transport.tcp.TCPTransport$AcceptLoop.executeAcceptLoop(TCPTransport.java:394)
	at java.rmi/sun.rmi.transport.tcp.TCPTransport$AcceptLoop.run(TCPTransport.java:366)
	at java.base/java.lang.Thread.run(Thread.java:834)
2022-08-04 16:17:59.998 [RMI TCP Accept-0] WARN  sun.rmi.transport.tcp - RMI TCP Accept-0: accept loop for ServerSocket[addr=0.0.0.0/0.0.0.0,localport=52490] throws
java.io.IOException: The server sockets created using the LocalRMIServerSocketFactory only accept connections from clients running on the host where the RMI remote objects have been exported.
	at jdk.management.agent/sun.management.jmxremote.LocalRMIServerSocketFactory$1.accept(LocalRMIServerSocketFactory.java:114)
	at java.rmi/sun.rmi.transport.tcp.TCPTransport$AcceptLoop.executeAcceptLoop(TCPTransport.java:394)
	at java.rmi/sun.rmi.transport.tcp.TCPTransport$AcceptLoop.run(TCPTransport.java:366)
	at java.base/java.lang.Thread.run(Thread.java:834)
2022-08-04 16:18:00.258 [RMI TCP Accept-0] WARN  sun.rmi.transport.tcp - RMI TCP Accept-0: accept loop for ServerSocket[addr=0.0.0.0/0.0.0.0,localport=52490] throws
java.io.IOException: The server sockets created using the LocalRMIServerSocketFactory only accept connections from clients running on the host where the RMI remote objects have been exported.
	at jdk.management.agent/sun.management.jmxremote.LocalRMIServerSocketFactory$1.accept(LocalRMIServerSocketFactory.java:114)
	at java.rmi/sun.rmi.transport.tcp.TCPTransport$AcceptLoop.executeAcceptLoop(TCPTransport.java:394)
	at java.rmi/sun.rmi.transport.tcp.TCPTransport$AcceptLoop.run(TCPTransport.java:366)
	at java.base/java.lang.Thread.run(Thread.java:834)
2022-08-04 16:18:00.507 [RMI TCP Accept-0] WARN  sun.rmi.transport.tcp - RMI TCP Accept-0: accept loop for ServerSocket[addr=0.0.0.0/0.0.0.0,localport=52490] throws
java.io.IOException: The server sockets created using the LocalRMIServerSocketFactory only accept connections from clients running on the host where the RMI remote objects have been exported.
	at jdk.management.agent/sun.management.jmxremote.LocalRMIServerSocketFactory$1.accept(LocalRMIServerSocketFactory.java:114)
	at java.rmi/sun.rmi.transport.tcp.TCPTransport$AcceptLoop.executeAcceptLoop(TCPTransport.java:394)
	at java.rmi/sun.rmi.transport.tcp.TCPTransport$AcceptLoop.run(TCPTransport.java:366)
	at java.base/java.lang.Thread.run(Thread.java:834)
2022-08-04 16:18:00.767 [RMI TCP Accept-0] WARN  sun.rmi.transport.tcp - RMI TCP Accept-0: accept loop for ServerSocket[addr=0.0.0.0/0.0.0.0,localport=52490] throws
java.io.IOException: The server sockets created using the LocalRMIServerSocketFactory only accept connections from clients running on the host where the RMI remote objects have been exported.
	at jdk.management.agent/sun.management.jmxremote.LocalRMIServerSocketFactory$1.accept(LocalRMIServerSocketFactory.java:114)
	at java.rmi/sun.rmi.transport.tcp.TCPTransport$AcceptLoop.executeAcceptLoop(TCPTransport.java:394)
	at java.rmi/sun.rmi.transport.tcp.TCPTransport$AcceptLoop.run(TCPTransport.java:366)
	at java.base/java.lang.Thread.run(Thread.java:834)
2022-08-04 16:18:01.007 [RMI TCP Accept-0] WARN  sun.rmi.transport.tcp - RMI TCP Accept-0: accept loop for ServerSocket[addr=0.0.0.0/0.0.0.0,localport=52490] throws
java.io.IOException: The server sockets created using the LocalRMIServerSocketFactory only accept connections from clients running on the host where the RMI remote objects have been exported.
	at jdk.management.agent/sun.management.jmxremote.LocalRMIServerSocketFactory$1.accept(LocalRMIServerSocketFactory.java:114)
	at java.rmi/sun.rmi.transport.tcp.TCPTransport$AcceptLoop.executeAcceptLoop(TCPTransport.java:394)
	at java.rmi/sun.rmi.transport.tcp.TCPTransport$AcceptLoop.run(TCPTransport.java:366)
	at java.base/java.lang.Thread.run(Thread.java:834)
2022-08-04 16:18:01.267 [RMI TCP Accept-0] WARN  sun.rmi.transport.tcp - RMI TCP Accept-0: accept loop for ServerSocket[addr=0.0.0.0/0.0.0.0,localport=52490] throws
java.io.IOException: The server sockets created using the LocalRMIServerSocketFactory only accept connections from clients running on the host where the RMI remote objects have been exported.
	at jdk.management.agent/sun.management.jmxremote.LocalRMIServerSocketFactory$1.accept(LocalRMIServerSocketFactory.java:114)
	at java.rmi/sun.rmi.transport.tcp.TCPTransport$AcceptLoop.executeAcceptLoop(TCPTransport.java:394)
	at java.rmi/sun.rmi.transport.tcp.TCPTransport$AcceptLoop.run(TCPTransport.java:366)
	at java.base/java.lang.Thread.run(Thread.java:834)
2022-08-04 16:18:01.517 [RMI TCP Accept-0] WARN  sun.rmi.transport.tcp - RMI TCP Accept-0: accept loop for ServerSocket[addr=0.0.0.0/0.0.0.0,localport=52490] throws
java.io.IOException: The server sockets created using the LocalRMIServerSocketFactory only accept connections from clients running on the host where the RMI remote objects have been exported.
	at jdk.management.agent/sun.management.jmxremote.LocalRMIServerSocketFactory$1.accept(LocalRMIServerSocketFactory.java:114)
	at java.rmi/sun.rmi.transport.tcp.TCPTransport$AcceptLoop.executeAcceptLoop(TCPTransport.java:394)
	at java.rmi/sun.rmi.transport.tcp.TCPTransport$AcceptLoop.run(TCPTransport.java:366)
	at java.base/java.lang.Thread.run(Thread.java:834)
2022-08-04 16:21:05.215 [main] INFO  com.student.userService.UserApplication - Starting UserApplication on DESKTOP-DQS4SD0 with PID 12256 (D:\Projects\StudentProject\student_Backend\student_userService\student-userService\target\classes started by liuziyu in D:\Projects\StudentProject\student_Backend\student_userService\student-userService)
2022-08-04 16:21:05.225 [main] INFO  com.student.userService.UserApplication - No active profile set, falling back to default profiles: default
2022-08-04 16:21:05.275 [background-preinit] WARN  o.s.h.converter.json.Jackson2ObjectMapperBuilder - For Jackson Kotlin classes support please add "com.fasterxml.jackson.module:jackson-module-kotlin" to the classpath
2022-08-04 16:21:05.694 [main] DEBUG c.b.m.autoconfigure.MybatisPlusAutoConfiguration - Searching for mappers annotated with @Mapper
2022-08-04 16:21:05.694 [main] DEBUG c.b.m.autoconfigure.MybatisPlusAutoConfiguration - Using auto-configuration base package 'com.student.userService'
2022-08-04 16:21:05.754 [main] INFO  o.s.d.r.config.RepositoryConfigurationDelegate - Multiple Spring Data modules found, entering strict repository configuration mode!
2022-08-04 16:21:05.754 [main] INFO  o.s.d.r.config.RepositoryConfigurationDelegate - Bootstrapping Spring Data Redis repositories in DEFAULT mode.
2022-08-04 16:21:05.764 [main] INFO  o.s.d.r.config.RepositoryConfigurationDelegate - Finished Spring Data repository scanning in 6ms. Found 0 Redis repository interfaces.
2022-08-04 16:21:25.104 [main] INFO  com.student.userService.UserApplication - Starting UserApplication on DESKTOP-DQS4SD0 with PID 7828 (D:\Projects\StudentProject\student_Backend\student_userService\student-userService\target\classes started by liuziyu in D:\Projects\StudentProject\student_Backend\student_userService\student-userService)
2022-08-04 16:21:25.104 [main] INFO  com.student.userService.UserApplication - No active profile set, falling back to default profiles: default
2022-08-04 16:21:25.204 [background-preinit] WARN  o.s.h.converter.json.Jackson2ObjectMapperBuilder - For Jackson Kotlin classes support please add "com.fasterxml.jackson.module:jackson-module-kotlin" to the classpath
2022-08-04 16:21:25.723 [main] DEBUG c.b.m.autoconfigure.MybatisPlusAutoConfiguration - Searching for mappers annotated with @Mapper
2022-08-04 16:21:25.723 [main] DEBUG c.b.m.autoconfigure.MybatisPlusAutoConfiguration - Using auto-configuration base package 'com.student.userService'
2022-08-04 16:32:55.050 [main] INFO  com.student.userService.UserApplication - Starting UserApplication on DESKTOP-DQS4SD0 with PID 14768 (D:\Projects\StudentProject\student_Backend\student_userService\student-userService\target\classes started by liuziyu in D:\Projects\StudentProject\student_Backend\student_userService\student-userService)
2022-08-04 16:32:55.050 [main] INFO  com.student.userService.UserApplication - No active profile set, falling back to default profiles: default
2022-08-04 16:32:55.150 [background-preinit] WARN  o.s.h.converter.json.Jackson2ObjectMapperBuilder - For Jackson Kotlin classes support please add "com.fasterxml.jackson.module:jackson-module-kotlin" to the classpath
2022-08-04 16:32:55.759 [main] DEBUG c.b.m.autoconfigure.MybatisPlusAutoConfiguration - Searching for mappers annotated with @Mapper
2022-08-04 16:32:55.759 [main] DEBUG c.b.m.autoconfigure.MybatisPlusAutoConfiguration - Using auto-configuration base package 'com.student.userService'
2022-08-04 19:42:02.068 [main] INFO  com.student.userService.UserApplication - Starting UserApplication on DESKTOP-DQS4SD0 with PID 7404 (D:\Projects\StudentProject\student_Backend\student_userService\student-userService\target\classes started by liuziyu in D:\Projects\StudentProject\student_Backend\student_userService\student-userService)
2022-08-04 19:42:02.098 [main] INFO  com.student.userService.UserApplication - No active profile set, falling back to default profiles: default
2022-08-04 19:42:02.328 [background-preinit] WARN  o.s.h.converter.json.Jackson2ObjectMapperBuilder - For Jackson Kotlin classes support please add "com.fasterxml.jackson.module:jackson-module-kotlin" to the classpath
2022-08-04 19:57:47.364 [main] INFO  com.student.userService.UserApplication - Starting UserApplication on DESKTOP-DQS4SD0 with PID 2724 (D:\Projects\StudentProject\student_Backend\student_userService\student-userService\target\classes started by liuziyu in D:\Projects\StudentProject\student_Backend\student_userService\student-userService)
2022-08-04 19:57:47.374 [main] INFO  com.student.userService.UserApplication - No active profile set, falling back to default profiles: default
2022-08-04 19:57:47.494 [background-preinit] WARN  o.s.h.converter.json.Jackson2ObjectMapperBuilder - For Jackson Kotlin classes support please add "com.fasterxml.jackson.module:jackson-module-kotlin" to the classpath
2022-08-04 21:19:22.437 [main] INFO  com.student.userService.UserApplication - Starting UserApplication on DESKTOP-DQS4SD0 with PID 12776 (D:\Projects\StudentProject\student_Backend\student_userService\student-userService\target\classes started by liuziyu in D:\Projects\StudentProject\student_Backend\student_userService\student-userService)
2022-08-04 21:19:22.457 [main] INFO  com.student.userService.UserApplication - No active profile set, falling back to default profiles: default
2022-08-04 21:19:22.537 [background-preinit] WARN  o.s.h.converter.json.Jackson2ObjectMapperBuilder - For Jackson Kotlin classes support please add "com.fasterxml.jackson.module:jackson-module-kotlin" to the classpath
