2022-09-05 11:16:48.925 [main] INFO  com.student.userService.UserApplication - Starting UserApplication on DESKTOP-DQS4SD0 with PID 14044 (D:\Projects\StudentProject\student_Backend\student_userService\student-userService\target\classes started by liuziyu in D:\Projects\StudentProject\student_Backend\student_userService\student-userService)
2022-09-05 11:16:48.936 [main] INFO  com.student.userService.UserApplication - No active profile set, falling back to default profiles: default
2022-09-05 11:16:50.201 [background-preinit] WARN  o.s.h.converter.json.Jackson2ObjectMapperBuilder - For Jackson Kotlin classes support please add "com.fasterxml.jackson.module:jackson-module-kotlin" to the classpath
2022-09-05 11:16:53.071 [main] DEBUG c.b.m.autoconfigure.MybatisPlusAutoConfiguration - Searching for mappers annotated with @Mapper
2022-09-05 11:16:53.081 [main] DEBUG c.b.m.autoconfigure.MybatisPlusAutoConfiguration - Using auto-configuration base package 'com.student.userService.Config'
2022-09-05 11:16:53.101 [main] DEBUG c.b.m.autoconfigure.MybatisPlusAutoConfiguration - Using auto-configuration base package 'com.student.userService'
2022-09-05 11:16:53.501 [main] INFO  o.s.d.r.config.RepositoryConfigurationDelegate - Multiple Spring Data modules found, entering strict repository configuration mode!
2022-09-05 11:16:53.511 [main] INFO  o.s.d.r.config.RepositoryConfigurationDelegate - Bootstrapping Spring Data Redis repositories in DEFAULT mode.
2022-09-05 11:16:53.591 [main] INFO  o.s.d.r.config.RepositoryConfigurationDelegate - Finished Spring Data repository scanning in 28ms. Found 0 Redis repository interfaces.
2022-09-05 11:16:54.271 [main] INFO  o.s.c.s.PostProcessorRegistrationDelegate$BeanPostProcessorChecker - Bean 'redisConfig' of type [com.student.userService.Config.RedisConfig$$EnhancerBySpringCGLIB$$7ad65c5] is not eligible for getting processed by all BeanPostProcessors (for example: not eligible for auto-proxying)
2022-09-05 11:16:55.466 [main] INFO  o.s.boot.web.embedded.tomcat.TomcatWebServer - Tomcat initialized with port(s): 8081 (http)
2022-09-05 11:16:55.526 [main] INFO  org.apache.coyote.http11.Http11NioProtocol - Initializing ProtocolHandler ["http-nio-8081"]
2022-09-05 11:16:55.526 [main] INFO  org.apache.catalina.core.StandardService - Starting service [Tomcat]
2022-09-05 11:16:55.526 [main] INFO  org.apache.catalina.core.StandardEngine - Starting Servlet engine: [Apache Tomcat/9.0.41]
2022-09-05 11:16:55.726 [main] INFO  o.a.c.core.ContainerBase.[Tomcat].[localhost].[/] - Initializing Spring embedded WebApplicationContext
2022-09-05 11:16:55.726 [main] INFO  o.s.b.w.s.c.ServletWebServerApplicationContext - Root WebApplicationContext: initialization completed in 6490 ms
2022-09-05 11:16:59.046 [main] INFO  o.s.scheduling.concurrent.ThreadPoolTaskExecutor - Initializing ExecutorService 'applicationTaskExecutor'
2022-09-05 11:16:59.056 [main] DEBUG o.s.w.s.m.m.a.RequestMappingHandlerAdapter - ControllerAdvice beans: 0 @ModelAttribute, 0 @InitBinder, 1 RequestBodyAdvice, 1 ResponseBodyAdvice
2022-09-05 11:16:59.136 [main] DEBUG o.s.w.s.m.m.a.RequestMappingHandlerMapping - 19 mappings in 'requestMappingHandlerMapping'
2022-09-05 11:16:59.146 [main] DEBUG o.s.web.servlet.handler.SimpleUrlHandlerMapping - Patterns [/webjars/**, /**] in 'resourceHandlerMapping'
2022-09-05 11:16:59.186 [main] DEBUG o.s.w.s.m.m.a.ExceptionHandlerExceptionResolver - ControllerAdvice beans: 0 @ExceptionHandler, 1 ResponseBodyAdvice
2022-09-05 11:16:59.206 [main] DEBUG c.b.m.autoconfigure.MybatisPlusAutoConfiguration - Not found configuration for registering mapper bean using @MapperScan, MapperFactoryBean and MapperScannerConfigurer.
2022-09-05 11:16:59.682 [main] INFO  org.apache.coyote.http11.Http11NioProtocol - Starting ProtocolHandler ["http-nio-8081"]
2022-09-05 11:16:59.732 [main] INFO  o.s.boot.web.embedded.tomcat.TomcatWebServer - Tomcat started on port(s): 8081 (http) with context path ''
2022-09-05 11:16:59.742 [main] INFO  com.student.userService.UserApplication - Started UserApplication in 13.267 seconds (JVM running for 16.589)
2022-09-05 11:19:07.193 [http-nio-8081-exec-1] INFO  o.a.c.core.ContainerBase.[Tomcat].[localhost].[/] - Initializing Spring DispatcherServlet 'dispatcherServlet'
2022-09-05 11:19:07.193 [http-nio-8081-exec-1] INFO  org.springframework.web.servlet.DispatcherServlet - Initializing Servlet 'dispatcherServlet'
2022-09-05 11:19:07.193 [http-nio-8081-exec-1] DEBUG org.springframework.web.servlet.DispatcherServlet - Detected StandardServletMultipartResolver
2022-09-05 11:19:07.233 [http-nio-8081-exec-1] DEBUG org.springframework.web.servlet.DispatcherServlet - enableLoggingRequestDetails='false': request parameters and headers will be masked to prevent unsafe logging of potentially sensitive data
2022-09-05 11:19:07.233 [http-nio-8081-exec-1] INFO  org.springframework.web.servlet.DispatcherServlet - Completed initialization in 40 ms
2022-09-05 11:19:07.253 [http-nio-8081-exec-1] DEBUG org.springframework.web.servlet.DispatcherServlet - POST "/user/login", parameters={}
2022-09-05 11:19:07.273 [http-nio-8081-exec-1] DEBUG o.s.w.s.m.m.a.RequestMappingHandlerMapping - Mapped to com.student.userService.Controller.UserController#login(User)
2022-09-05 11:19:07.523 [http-nio-8081-exec-1] DEBUG o.s.w.s.m.m.a.RequestResponseBodyMethodProcessor - Read "application/json;charset=UTF-8" to [User(id=null, mobile=17605603455, userName=null, password=123456, province=null, city=null, area=nul (truncated)...]
2022-09-05 11:19:07.643 [http-nio-8081-exec-1] INFO  com.zaxxer.hikari.HikariDataSource - HikariPool-1 - Starting...
2022-09-05 11:19:07.887 [http-nio-8081-exec-2] DEBUG org.springframework.web.servlet.DispatcherServlet - POST "/user/login", parameters={}
2022-09-05 11:19:07.887 [http-nio-8081-exec-2] DEBUG o.s.w.s.m.m.a.RequestMappingHandlerMapping - Mapped to com.student.userService.Controller.UserController#login(User)
2022-09-05 11:19:07.888 [http-nio-8081-exec-2] DEBUG o.s.w.s.m.m.a.RequestResponseBodyMethodProcessor - Read "application/json;charset=UTF-8" to [User(id=null, mobile=17605603455, userName=null, password=123456, province=null, city=null, area=nul (truncated)...]
2022-09-05 11:19:09.744 [http-nio-8081-exec-1] INFO  com.zaxxer.hikari.HikariDataSource - HikariPool-1 - Start completed.
2022-09-05 11:19:12.343 [http-nio-8081-exec-2] DEBUG o.s.w.s.m.m.a.RequestResponseBodyMethodProcessor - Using 'application/json', given [application/json, text/plain, */*] and supported [application/json, application/*+json, application/json, application/*+json]
2022-09-05 11:19:12.343 [http-nio-8081-exec-1] DEBUG o.s.w.s.m.m.a.RequestResponseBodyMethodProcessor - Using 'application/json', given [application/json, text/plain, */*] and supported [application/json, application/*+json, application/json, application/*+json]
2022-09-05 11:19:12.343 [http-nio-8081-exec-2] DEBUG o.s.w.s.m.m.a.RequestResponseBodyMethodProcessor - Writing [com.student.userService.Utils.ApiResult@25a6bf57]
2022-09-05 11:19:12.343 [http-nio-8081-exec-1] DEBUG o.s.w.s.m.m.a.RequestResponseBodyMethodProcessor - Writing [com.student.userService.Utils.ApiResult@dbc2c99]
2022-09-05 11:19:12.372 [http-nio-8081-exec-2] DEBUG org.springframework.web.servlet.DispatcherServlet - Completed 200 OK
2022-09-05 11:19:12.372 [http-nio-8081-exec-1] DEBUG org.springframework.web.servlet.DispatcherServlet - Completed 200 OK
2022-09-05 11:19:20.304 [http-nio-8081-exec-3] DEBUG org.springframework.web.servlet.DispatcherServlet - GET "/subject/getSubjectList?page=&pageSize=&subjectName=", parameters={masked}
2022-09-05 11:19:20.304 [http-nio-8081-exec-3] DEBUG o.s.w.s.m.m.a.RequestMappingHandlerMapping - Mapped to com.student.userService.Controller.Subject.SubjectController#getSubjectList(int, int, String)
2022-09-05 11:19:20.950 [http-nio-8081-exec-3] DEBUG o.s.w.s.m.m.a.RequestResponseBodyMethodProcessor - Using 'application/json', given [application/json, text/plain, */*] and supported [application/json, application/*+json, application/json, application/*+json]
2022-09-05 11:19:20.960 [http-nio-8081-exec-3] DEBUG o.s.w.s.m.m.a.RequestResponseBodyMethodProcessor - Writing [com.student.userService.Utils.ApiResult@3033716d]
2022-09-05 11:19:20.979 [http-nio-8081-exec-3] DEBUG org.springframework.web.servlet.DispatcherServlet - Completed 200 OK
2022-09-05 11:42:59.443 [http-nio-8081-exec-4] DEBUG org.springframework.web.servlet.DispatcherServlet - POST "/user/login", parameters={}
2022-09-05 11:42:59.488 [http-nio-8081-exec-4] DEBUG o.s.w.s.m.m.a.RequestMappingHandlerMapping - Mapped to com.student.userService.Controller.UserController#login(User)
2022-09-05 11:42:59.489 [http-nio-8081-exec-4] DEBUG o.s.w.s.m.m.a.RequestResponseBodyMethodProcessor - Read "application/json;charset=UTF-8" to [User(id=null, mobile=17605603455, userName=null, password=123456, province=null, city=null, area=nul (truncated)...]
2022-09-05 11:43:02.518 [http-nio-8081-exec-4] DEBUG o.s.w.s.m.m.a.RequestResponseBodyMethodProcessor - Using 'application/json', given [application/json, text/plain, */*] and supported [application/json, application/*+json, application/json, application/*+json]
2022-09-05 11:43:02.518 [http-nio-8081-exec-4] DEBUG o.s.w.s.m.m.a.RequestResponseBodyMethodProcessor - Writing [com.student.userService.Utils.ApiResult@1a41c935]
2022-09-05 11:43:02.518 [http-nio-8081-exec-4] DEBUG org.springframework.web.servlet.DispatcherServlet - Completed 200 OK
2022-09-05 11:43:02.963 [http-nio-8081-exec-5] DEBUG org.springframework.web.servlet.DispatcherServlet - GET "/subject/getSubjectList?page=&pageSize=&subjectName=", parameters={masked}
2022-09-05 11:43:03.005 [http-nio-8081-exec-5] DEBUG o.s.w.s.m.m.a.RequestMappingHandlerMapping - Mapped to com.student.userService.Controller.Subject.SubjectController#getSubjectList(int, int, String)
2022-09-05 11:43:03.532 [http-nio-8081-exec-5] DEBUG o.s.w.s.m.m.a.RequestResponseBodyMethodProcessor - Using 'application/json', given [application/json, text/plain, */*] and supported [application/json, application/*+json, application/json, application/*+json]
2022-09-05 11:43:03.532 [http-nio-8081-exec-5] DEBUG o.s.w.s.m.m.a.RequestResponseBodyMethodProcessor - Writing [com.student.userService.Utils.ApiResult@7662f43]
2022-09-05 11:43:03.532 [http-nio-8081-exec-5] DEBUG org.springframework.web.servlet.DispatcherServlet - Completed 200 OK
2022-09-05 11:43:14.810 [http-nio-8081-exec-6] DEBUG org.springframework.web.servlet.DispatcherServlet - GET "/subject/getSubjectList?page=&pageSize=&subjectName=", parameters={masked}
2022-09-05 11:43:14.810 [http-nio-8081-exec-6] DEBUG o.s.w.s.m.m.a.RequestMappingHandlerMapping - Mapped to com.student.userService.Controller.Subject.SubjectController#getSubjectList(int, int, String)
2022-09-05 11:43:14.825 [http-nio-8081-exec-6] DEBUG o.s.w.s.m.m.a.RequestResponseBodyMethodProcessor - Using 'application/json', given [application/json, text/plain, */*] and supported [application/json, application/*+json, application/json, application/*+json]
2022-09-05 11:43:14.825 [http-nio-8081-exec-6] DEBUG o.s.w.s.m.m.a.RequestResponseBodyMethodProcessor - Writing [com.student.userService.Utils.ApiResult@1f1a90bb]
2022-09-05 11:43:14.827 [http-nio-8081-exec-6] DEBUG org.springframework.web.servlet.DispatcherServlet - Completed 200 OK
2022-09-05 11:51:17.967 [http-nio-8081-exec-7] DEBUG org.springframework.web.servlet.DispatcherServlet - GET "/user/getProvince", parameters={}
2022-09-05 11:51:17.968 [http-nio-8081-exec-7] DEBUG o.s.w.s.m.m.a.RequestMappingHandlerMapping - Mapped to com.student.userService.Controller.UserController#getProvince()
2022-09-05 11:51:17.969 [http-nio-8081-exec-7] DEBUG o.s.w.s.m.m.a.RequestResponseBodyMethodProcessor - Using 'application/json', given [application/json, text/plain, */*] and supported [application/json, application/*+json, application/json, application/*+json]
2022-09-05 11:51:17.969 [http-nio-8081-exec-7] DEBUG o.s.w.s.m.m.a.RequestResponseBodyMethodProcessor - Writing [com.student.userService.Utils.ApiResult@10bafa2f]
2022-09-05 11:51:17.970 [http-nio-8081-exec-7] DEBUG org.springframework.web.servlet.DispatcherServlet - Completed 200 OK
2022-09-05 11:51:17.972 [http-nio-8081-exec-8] DEBUG org.springframework.web.servlet.DispatcherServlet - GET "/user/tsInfo?page=1&pageSize=10&tsVoData=%7B%22identity%22:%22%22,%22userName%22:%22%22,%22userNo%22:%22%22%7D", parameters={masked}
2022-09-05 11:51:17.973 [http-nio-8081-exec-8] DEBUG o.s.w.s.m.m.a.RequestMappingHandlerMapping - Mapped to com.student.userService.Controller.UserController#getTsInfo(int, int, String)
2022-09-05 11:51:17.977 [http-nio-8081-exec-8] DEBUG o.s.w.s.m.m.a.RequestResponseBodyMethodProcessor - Using 'application/json', given [application/json, text/plain, */*] and supported [application/json, application/*+json, application/json, application/*+json]
2022-09-05 11:51:17.977 [http-nio-8081-exec-8] DEBUG o.s.w.s.m.m.a.RequestResponseBodyMethodProcessor - Writing [com.student.userService.Utils.ApiResult@6afc6ccf]
2022-09-05 11:51:17.979 [http-nio-8081-exec-8] DEBUG org.springframework.web.servlet.DispatcherServlet - Completed 200 OK
2022-09-05 11:51:18.553 [http-nio-8081-exec-9] DEBUG org.springframework.web.servlet.DispatcherServlet - GET "/subject/getSubjectList?page=&pageSize=&subjectName=", parameters={masked}
2022-09-05 11:51:19.574 [http-nio-8081-exec-9] DEBUG o.s.w.s.m.m.a.RequestMappingHandlerMapping - Mapped to com.student.userService.Controller.Subject.SubjectController#getSubjectList(int, int, String)
2022-09-05 11:51:19.583 [http-nio-8081-exec-9] DEBUG o.s.w.s.m.m.a.RequestResponseBodyMethodProcessor - Using 'application/json', given [application/json, text/plain, */*] and supported [application/json, application/*+json, application/json, application/*+json]
2022-09-05 11:51:19.583 [http-nio-8081-exec-9] DEBUG o.s.w.s.m.m.a.RequestResponseBodyMethodProcessor - Writing [com.student.userService.Utils.ApiResult@5d801083]
2022-09-05 11:51:19.590 [http-nio-8081-exec-9] DEBUG org.springframework.web.servlet.DispatcherServlet - Completed 200 OK
2022-09-05 15:37:21.579 [HikariPool-1 housekeeper] WARN  com.zaxxer.hikari.pool.HikariPool - HikariPool-1 - Thread starvation or clock leap detected (housekeeper delta=2h1m11s12ms41µs800ns).
2022-09-05 15:37:35.043 [http-nio-8081-exec-10] DEBUG org.springframework.web.servlet.DispatcherServlet - POST "/subject/insertSubject", parameters={masked}
2022-09-05 15:37:35.043 [http-nio-8081-exec-10] DEBUG o.s.w.s.m.m.a.RequestMappingHandlerMapping - Mapped to com.student.userService.Controller.Subject.SubjectController#insertSubject(String, int)
2022-09-05 15:37:37.712 [http-nio-8081-exec-10] DEBUG o.s.w.s.m.m.a.RequestResponseBodyMethodProcessor - Using 'application/json', given [application/json, text/plain, */*] and supported [application/json, application/*+json, application/json, application/*+json]
2022-09-05 15:37:37.712 [http-nio-8081-exec-10] DEBUG o.s.w.s.m.m.a.RequestResponseBodyMethodProcessor - Writing [com.student.userService.Utils.ApiResult@28b0b348]
2022-09-05 15:37:37.774 [http-nio-8081-exec-10] DEBUG org.springframework.web.servlet.DispatcherServlet - Completed 200 OK
2022-09-05 15:38:46.214 [http-nio-8081-exec-1] DEBUG org.springframework.web.servlet.DispatcherServlet - GET "/subject/getSubjectList?page=&pageSize=&subjectName=", parameters={masked}
