2022-07-25 09:34:34.174 [main] INFO  com.student.userService.UserApplication - Starting UserApplication on DESKTOP-DQS4SD0 with PID 4772 (D:\Projects\StudentProject\student_Backend\student_userService\student-userService\target\classes started by liuziyu in D:\Projects\StudentProject\student_Backend\student_userService\student-userService)
2022-07-25 09:34:34.178 [main] INFO  com.student.userService.UserApplication - No active profile set, falling back to default profiles: default
2022-07-25 09:34:34.810 [background-preinit] WARN  o.s.h.converter.json.Jackson2ObjectMapperBuilder - For Jackson Kotlin classes support please add "com.fasterxml.jackson.module:jackson-module-kotlin" to the classpath
2022-07-25 09:34:37.169 [main] INFO  o.s.d.r.config.RepositoryConfigurationDelegate - Multiple Spring Data modules found, entering strict repository configuration mode!
2022-07-25 09:34:37.182 [main] INFO  o.s.d.r.config.RepositoryConfigurationDelegate - Bootstrapping Spring Data Redis repositories in DEFAULT mode.
2022-07-25 09:34:37.257 [main] INFO  o.s.d.r.config.RepositoryConfigurationDelegate - Finished Spring Data repository scanning in 28ms. Found 0 Redis repository interfaces.
2022-07-25 09:34:38.160 [main] INFO  o.s.c.s.PostProcessorRegistrationDelegate$BeanPostProcessorChecker - Bean 'redisConfig' of type [com.student.userService.Config.RedisConfig$$EnhancerBySpringCGLIB$$29606c5b] is not eligible for getting processed by all BeanPostProcessors (for example: not eligible for auto-proxying)
2022-07-25 09:34:39.413 [main] INFO  o.s.boot.web.embedded.tomcat.TomcatWebServer - Tomcat initialized with port(s): 8081 (http)
2022-07-25 09:34:39.494 [main] INFO  org.apache.coyote.http11.Http11NioProtocol - Initializing ProtocolHandler ["http-nio-8081"]
2022-07-25 09:34:39.494 [main] INFO  org.apache.catalina.core.StandardService - Starting service [Tomcat]
2022-07-25 09:34:39.494 [main] INFO  org.apache.catalina.core.StandardEngine - Starting Servlet engine: [Apache Tomcat/9.0.41]
2022-07-25 09:34:39.494 [main] INFO  org.apache.catalina.core.AprLifecycleListener - An older version [1.2.21] of the Apache Tomcat Native library is installed, while Tomcat recommends a minimum version of [1.2.23]
2022-07-25 09:34:39.494 [main] INFO  org.apache.catalina.core.AprLifecycleListener - Loaded Apache Tomcat Native library [1.2.21] using APR version [1.6.5].
2022-07-25 09:34:39.494 [main] INFO  org.apache.catalina.core.AprLifecycleListener - APR capabilities: IPv6 [true], sendfile [true], accept filters [false], random [true].
2022-07-25 09:34:39.494 [main] INFO  org.apache.catalina.core.AprLifecycleListener - APR/OpenSSL configuration: useAprConnector [false], useOpenSSL [true]
2022-07-25 09:34:39.593 [main] INFO  org.apache.catalina.core.AprLifecycleListener - OpenSSL successfully initialized [OpenSSL 1.1.1a  20 Nov 2018]
2022-07-25 09:34:39.887 [main] INFO  o.a.c.core.ContainerBase.[Tomcat].[localhost].[/] - Initializing Spring embedded WebApplicationContext
2022-07-25 09:34:39.887 [main] INFO  o.s.b.w.s.c.ServletWebServerApplicationContext - Root WebApplicationContext: initialization completed in 5482 ms
2022-07-25 09:34:44.239 [main] INFO  o.s.scheduling.concurrent.ThreadPoolTaskExecutor - Initializing ExecutorService 'applicationTaskExecutor'
2022-07-25 09:34:44.249 [main] DEBUG o.s.w.s.m.m.a.RequestMappingHandlerAdapter - ControllerAdvice beans: 0 @ModelAttribute, 0 @InitBinder, 1 RequestBodyAdvice, 1 ResponseBodyAdvice
2022-07-25 09:34:44.305 [main] DEBUG o.s.w.s.m.m.a.RequestMappingHandlerMapping - 13 mappings in 'requestMappingHandlerMapping'
2022-07-25 09:34:44.318 [main] DEBUG o.s.web.servlet.handler.SimpleUrlHandlerMapping - Patterns [/webjars/**, /**] in 'resourceHandlerMapping'
2022-07-25 09:34:44.338 [main] DEBUG o.s.w.s.m.m.a.ExceptionHandlerExceptionResolver - ControllerAdvice beans: 0 @ExceptionHandler, 1 ResponseBodyAdvice
2022-07-25 09:34:44.690 [main] INFO  org.apache.coyote.http11.Http11NioProtocol - Starting ProtocolHandler ["http-nio-8081"]
2022-07-25 09:34:44.735 [main] INFO  o.s.boot.web.embedded.tomcat.TomcatWebServer - Tomcat started on port(s): 8081 (http) with context path ''
2022-07-25 09:34:44.748 [main] INFO  com.student.userService.UserApplication - Started UserApplication in 12.789 seconds (JVM running for 18.327)
2022-07-25 09:36:15.542 [http-nio-8081-exec-1] INFO  o.a.c.core.ContainerBase.[Tomcat].[localhost].[/] - Initializing Spring DispatcherServlet 'dispatcherServlet'
2022-07-25 09:36:15.542 [http-nio-8081-exec-1] INFO  org.springframework.web.servlet.DispatcherServlet - Initializing Servlet 'dispatcherServlet'
2022-07-25 09:36:15.542 [http-nio-8081-exec-1] DEBUG org.springframework.web.servlet.DispatcherServlet - Detected StandardServletMultipartResolver
2022-07-25 09:36:15.582 [http-nio-8081-exec-1] DEBUG org.springframework.web.servlet.DispatcherServlet - enableLoggingRequestDetails='false': request parameters and headers will be masked to prevent unsafe logging of potentially sensitive data
2022-07-25 09:36:15.582 [http-nio-8081-exec-1] INFO  org.springframework.web.servlet.DispatcherServlet - Completed initialization in 40 ms
2022-07-25 09:36:15.622 [http-nio-8081-exec-1] DEBUG org.springframework.web.servlet.DispatcherServlet - POST "/user/login", parameters={}
2022-07-25 09:36:15.653 [http-nio-8081-exec-1] DEBUG o.s.w.s.m.m.a.RequestMappingHandlerMapping - Mapped to com.student.userService.Controller.UserController#login(User)
2022-07-25 09:36:16.031 [http-nio-8081-exec-1] DEBUG o.s.w.s.m.m.a.RequestResponseBodyMethodProcessor - Read "application/json;charset=UTF-8" to [User(id=null, mobile=17605603455, userName=null, password=123456, province=null, city=null, area=nul (truncated)...]
2022-07-25 09:36:16.126 [http-nio-8081-exec-1] INFO  com.zaxxer.hikari.HikariDataSource - HikariPool-1 - Starting...
2022-07-25 09:36:21.955 [http-nio-8081-exec-1] INFO  com.zaxxer.hikari.HikariDataSource - HikariPool-1 - Start completed.
2022-07-25 09:36:26.895 [http-nio-8081-exec-1] DEBUG o.s.w.s.m.m.a.RequestResponseBodyMethodProcessor - Using 'application/json', given [application/json, text/plain, */*] and supported [application/json, application/*+json, application/json, application/*+json]
2022-07-25 09:36:26.895 [http-nio-8081-exec-1] DEBUG o.s.w.s.m.m.a.RequestResponseBodyMethodProcessor - Writing [com.student.userService.Utils.ApiResult@12632f09]
2022-07-25 09:36:27.005 [http-nio-8081-exec-1] DEBUG org.springframework.web.servlet.DispatcherServlet - Completed 200 OK
2022-07-25 09:37:12.881 [http-nio-8081-exec-2] DEBUG org.springframework.web.servlet.DispatcherServlet - GET "/user/getProvince", parameters={}
2022-07-25 09:37:12.882 [http-nio-8081-exec-2] DEBUG o.s.w.s.m.m.a.RequestMappingHandlerMapping - Mapped to com.student.userService.Controller.UserController#getProvince()
2022-07-25 09:37:12.976 [http-nio-8081-exec-3] DEBUG org.springframework.web.servlet.DispatcherServlet - GET "/user/tsInfo?page=1&pageSize=10&tsVoData=%7B%22identity%22:%22%22,%22userName%22:%22%22,%22userNo%22:%22%22%7D", parameters={masked}
2022-07-25 09:37:12.977 [http-nio-8081-exec-3] DEBUG o.s.w.s.m.m.a.RequestMappingHandlerMapping - Mapped to com.student.userService.Controller.UserController#getTsInfo(int, int, String)
2022-07-25 09:37:13.497 [http-nio-8081-exec-2] DEBUG o.s.w.s.m.m.a.RequestResponseBodyMethodProcessor - Using 'application/json', given [application/json, text/plain, */*] and supported [application/json, application/*+json, application/json, application/*+json]
2022-07-25 09:37:13.497 [http-nio-8081-exec-2] DEBUG o.s.w.s.m.m.a.RequestResponseBodyMethodProcessor - Writing [com.student.userService.Utils.ApiResult@40e855ec]
2022-07-25 09:37:13.497 [http-nio-8081-exec-2] DEBUG org.springframework.web.servlet.DispatcherServlet - Completed 200 OK
2022-07-25 09:37:13.967 [http-nio-8081-exec-3] DEBUG o.s.w.s.m.m.a.RequestResponseBodyMethodProcessor - Using 'application/json', given [application/json, text/plain, */*] and supported [application/json, application/*+json, application/json, application/*+json]
2022-07-25 09:37:13.967 [http-nio-8081-exec-3] DEBUG o.s.w.s.m.m.a.RequestResponseBodyMethodProcessor - Writing [com.student.userService.Utils.ApiResult@69cf6d6a]
2022-07-25 09:37:13.967 [http-nio-8081-exec-3] DEBUG org.springframework.web.servlet.DispatcherServlet - Completed 200 OK
2022-07-25 09:45:18.379 [main] INFO  com.student.userService.UserApplication - Starting UserApplication on DESKTOP-DQS4SD0 with PID 24012 (D:\Projects\StudentProject\student_Backend\student_userService\student-userService\target\classes started by liuziyu in D:\Projects\StudentProject\student_Backend\student_userService\student-userService)
2022-07-25 09:45:18.379 [main] INFO  com.student.userService.UserApplication - No active profile set, falling back to default profiles: default
2022-07-25 09:45:18.609 [background-preinit] WARN  o.s.h.converter.json.Jackson2ObjectMapperBuilder - For Jackson Kotlin classes support please add "com.fasterxml.jackson.module:jackson-module-kotlin" to the classpath
2022-07-25 09:45:20.449 [main] INFO  o.s.d.r.config.RepositoryConfigurationDelegate - Multiple Spring Data modules found, entering strict repository configuration mode!
2022-07-25 09:45:20.449 [main] INFO  o.s.d.r.config.RepositoryConfigurationDelegate - Bootstrapping Spring Data Redis repositories in DEFAULT mode.
2022-07-25 09:45:20.489 [main] INFO  o.s.d.r.config.RepositoryConfigurationDelegate - Finished Spring Data repository scanning in 9ms. Found 0 Redis repository interfaces.
2022-07-25 09:45:20.769 [main] INFO  o.s.c.s.PostProcessorRegistrationDelegate$BeanPostProcessorChecker - Bean 'redisConfig' of type [com.student.userService.Config.RedisConfig$$EnhancerBySpringCGLIB$$d01f5f57] is not eligible for getting processed by all BeanPostProcessors (for example: not eligible for auto-proxying)
2022-07-25 09:45:21.319 [main] INFO  o.s.boot.web.embedded.tomcat.TomcatWebServer - Tomcat initialized with port(s): 8081 (http)
2022-07-25 09:45:21.339 [main] INFO  org.apache.coyote.http11.Http11NioProtocol - Initializing ProtocolHandler ["http-nio-8081"]
2022-07-25 09:45:21.339 [main] INFO  org.apache.catalina.core.StandardService - Starting service [Tomcat]
2022-07-25 09:45:21.339 [main] INFO  org.apache.catalina.core.StandardEngine - Starting Servlet engine: [Apache Tomcat/9.0.41]
2022-07-25 09:45:21.339 [main] INFO  org.apache.catalina.core.AprLifecycleListener - An older version [1.2.21] of the Apache Tomcat Native library is installed, while Tomcat recommends a minimum version of [1.2.23]
2022-07-25 09:45:21.339 [main] INFO  org.apache.catalina.core.AprLifecycleListener - Loaded Apache Tomcat Native library [1.2.21] using APR version [1.6.5].
2022-07-25 09:45:21.339 [main] INFO  org.apache.catalina.core.AprLifecycleListener - APR capabilities: IPv6 [true], sendfile [true], accept filters [false], random [true].
2022-07-25 09:45:21.339 [main] INFO  org.apache.catalina.core.AprLifecycleListener - APR/OpenSSL configuration: useAprConnector [false], useOpenSSL [true]
2022-07-25 09:45:21.379 [main] INFO  org.apache.catalina.core.AprLifecycleListener - OpenSSL successfully initialized [OpenSSL 1.1.1a  20 Nov 2018]
2022-07-25 09:45:21.519 [main] INFO  o.a.c.core.ContainerBase.[Tomcat].[localhost].[/] - Initializing Spring embedded WebApplicationContext
2022-07-25 09:45:21.519 [main] INFO  o.s.b.w.s.c.ServletWebServerApplicationContext - Root WebApplicationContext: initialization completed in 2990 ms
2022-07-25 09:45:22.829 [main] INFO  o.s.scheduling.concurrent.ThreadPoolTaskExecutor - Initializing ExecutorService 'applicationTaskExecutor'
2022-07-25 09:45:23.009 [main] INFO  org.apache.coyote.http11.Http11NioProtocol - Starting ProtocolHandler ["http-nio-8081"]
2022-07-25 09:45:23.029 [main] INFO  o.s.boot.web.embedded.tomcat.TomcatWebServer - Tomcat started on port(s): 8081 (http) with context path ''
2022-07-25 09:45:23.029 [main] INFO  com.student.userService.UserApplication - Started UserApplication in 5.408 seconds (JVM running for 6.933)
2022-07-25 09:45:53.397 [http-nio-8081-exec-1] INFO  o.a.c.core.ContainerBase.[Tomcat].[localhost].[/] - Initializing Spring DispatcherServlet 'dispatcherServlet'
2022-07-25 09:45:53.397 [http-nio-8081-exec-1] INFO  org.springframework.web.servlet.DispatcherServlet - Initializing Servlet 'dispatcherServlet'
2022-07-25 09:45:53.397 [http-nio-8081-exec-1] INFO  org.springframework.web.servlet.DispatcherServlet - Completed initialization in 0 ms
2022-07-25 09:45:54.188 [http-nio-8081-exec-1] INFO  com.zaxxer.hikari.HikariDataSource - HikariPool-1 - Starting...
2022-07-25 09:45:54.492 [http-nio-8081-exec-1] INFO  com.zaxxer.hikari.HikariDataSource - HikariPool-1 - Start completed.
2022-07-25 09:47:14.113 [main] INFO  com.student.userService.UserApplication - Starting UserApplication on DESKTOP-DQS4SD0 with PID 2196 (D:\Projects\StudentProject\student_Backend\student_userService\student-userService\target\classes started by liuziyu in D:\Projects\StudentProject\student_Backend\student_userService\student-userService)
2022-07-25 09:47:14.115 [main] INFO  com.student.userService.UserApplication - No active profile set, falling back to default profiles: default
2022-07-25 09:47:14.179 [background-preinit] WARN  o.s.h.converter.json.Jackson2ObjectMapperBuilder - For Jackson Kotlin classes support please add "com.fasterxml.jackson.module:jackson-module-kotlin" to the classpath
2022-07-25 09:47:15.069 [main] INFO  o.s.d.r.config.RepositoryConfigurationDelegate - Multiple Spring Data modules found, entering strict repository configuration mode!
2022-07-25 09:47:15.069 [main] INFO  o.s.d.r.config.RepositoryConfigurationDelegate - Bootstrapping Spring Data Redis repositories in DEFAULT mode.
2022-07-25 09:47:15.099 [main] INFO  o.s.d.r.config.RepositoryConfigurationDelegate - Finished Spring Data repository scanning in 12ms. Found 0 Redis repository interfaces.
2022-07-25 09:47:15.269 [main] INFO  o.s.c.s.PostProcessorRegistrationDelegate$BeanPostProcessorChecker - Bean 'redisConfig' of type [com.student.userService.Config.RedisConfig$$EnhancerBySpringCGLIB$$4072938f] is not eligible for getting processed by all BeanPostProcessors (for example: not eligible for auto-proxying)
2022-07-25 09:47:15.519 [main] INFO  o.s.boot.web.embedded.tomcat.TomcatWebServer - Tomcat initialized with port(s): 8081 (http)
2022-07-25 09:47:15.519 [main] INFO  org.apache.coyote.http11.Http11NioProtocol - Initializing ProtocolHandler ["http-nio-8081"]
2022-07-25 09:47:15.519 [main] INFO  org.apache.catalina.core.StandardService - Starting service [Tomcat]
2022-07-25 09:47:15.519 [main] INFO  org.apache.catalina.core.StandardEngine - Starting Servlet engine: [Apache Tomcat/9.0.41]
2022-07-25 09:47:15.519 [main] INFO  org.apache.catalina.core.AprLifecycleListener - An older version [1.2.21] of the Apache Tomcat Native library is installed, while Tomcat recommends a minimum version of [1.2.23]
2022-07-25 09:47:15.519 [main] INFO  org.apache.catalina.core.AprLifecycleListener - Loaded Apache Tomcat Native library [1.2.21] using APR version [1.6.5].
2022-07-25 09:47:15.519 [main] INFO  org.apache.catalina.core.AprLifecycleListener - APR capabilities: IPv6 [true], sendfile [true], accept filters [false], random [true].
2022-07-25 09:47:15.519 [main] INFO  org.apache.catalina.core.AprLifecycleListener - APR/OpenSSL configuration: useAprConnector [false], useOpenSSL [true]
2022-07-25 09:48:50.566 [main] INFO  com.student.userService.UserApplication - Starting UserApplication on DESKTOP-DQS4SD0 with PID 19980 (D:\Projects\StudentProject\student_Backend\student_userService\student-userService\target\classes started by liuziyu in D:\Projects\StudentProject\student_Backend\student_userService\student-userService)
2022-07-25 09:48:50.566 [main] INFO  com.student.userService.UserApplication - No active profile set, falling back to default profiles: default
2022-07-25 09:48:50.646 [background-preinit] WARN  o.s.h.converter.json.Jackson2ObjectMapperBuilder - For Jackson Kotlin classes support please add "com.fasterxml.jackson.module:jackson-module-kotlin" to the classpath
2022-07-25 09:48:51.126 [main] INFO  o.s.d.r.config.RepositoryConfigurationDelegate - Multiple Spring Data modules found, entering strict repository configuration mode!
2022-07-25 09:48:51.126 [main] INFO  o.s.d.r.config.RepositoryConfigurationDelegate - Bootstrapping Spring Data Redis repositories in DEFAULT mode.
2022-07-25 09:48:51.156 [main] INFO  o.s.d.r.config.RepositoryConfigurationDelegate - Finished Spring Data repository scanning in 10ms. Found 0 Redis repository interfaces.
2022-07-25 09:50:09.729 [background-preinit] WARN  o.s.h.converter.json.Jackson2ObjectMapperBuilder - For Jackson Kotlin classes support please add "com.fasterxml.jackson.module:jackson-module-kotlin" to the classpath
2022-07-25 09:50:09.759 [main] INFO  com.student.userService.UserApplication - Starting UserApplication on DESKTOP-DQS4SD0 with PID 14224 (D:\Projects\StudentProject\student_Backend\student_userService\student-userService\target\classes started by liuziyu in D:\Projects\StudentProject\student_Backend\student_userService\student-userService)
2022-07-25 09:50:09.759 [main] INFO  com.student.userService.UserApplication - No active profile set, falling back to default profiles: default
2022-07-25 09:50:10.339 [main] INFO  o.s.d.r.config.RepositoryConfigurationDelegate - Multiple Spring Data modules found, entering strict repository configuration mode!
2022-07-25 09:50:10.339 [main] INFO  o.s.d.r.config.RepositoryConfigurationDelegate - Bootstrapping Spring Data Redis repositories in DEFAULT mode.
2022-07-25 09:50:10.359 [main] INFO  o.s.d.r.config.RepositoryConfigurationDelegate - Finished Spring Data repository scanning in 10ms. Found 0 Redis repository interfaces.
2022-07-25 09:50:58.854 [main] INFO  com.student.userService.UserApplication - Starting UserApplication on DESKTOP-DQS4SD0 with PID 14524 (D:\Projects\StudentProject\student_Backend\student_userService\student-userService\target\classes started by liuziyu in D:\Projects\StudentProject\student_Backend\student_userService\student-userService)
2022-07-25 09:50:58.854 [main] INFO  com.student.userService.UserApplication - No active profile set, falling back to default profiles: default
2022-07-25 09:50:58.974 [background-preinit] WARN  o.s.h.converter.json.Jackson2ObjectMapperBuilder - For Jackson Kotlin classes support please add "com.fasterxml.jackson.module:jackson-module-kotlin" to the classpath
2022-07-25 09:50:59.444 [main] INFO  o.s.d.r.config.RepositoryConfigurationDelegate - Multiple Spring Data modules found, entering strict repository configuration mode!
2022-07-25 09:50:59.444 [main] INFO  o.s.d.r.config.RepositoryConfigurationDelegate - Bootstrapping Spring Data Redis repositories in DEFAULT mode.
2022-07-25 09:50:59.474 [main] INFO  o.s.d.r.config.RepositoryConfigurationDelegate - Finished Spring Data repository scanning in 10ms. Found 0 Redis repository interfaces.
2022-07-25 14:43:16.987 [main] INFO  com.student.userService.UserApplication - Starting UserApplication on DESKTOP-DQS4SD0 with PID 21364 (D:\Projects\StudentProject\student_Backend\student_userService\student-userService\target\classes started by liuziyu in D:\Projects\StudentProject\student_Backend\student_userService\student-userService)
2022-07-25 14:43:17.017 [main] INFO  com.student.userService.UserApplication - No active profile set, falling back to default profiles: default
2022-07-25 14:43:17.065 [background-preinit] WARN  o.s.h.converter.json.Jackson2ObjectMapperBuilder - For Jackson Kotlin classes support please add "com.fasterxml.jackson.module:jackson-module-kotlin" to the classpath
2022-07-25 14:45:24.675 [main] INFO  com.student.userService.UserApplication - Starting UserApplication on DESKTOP-DQS4SD0 with PID 10980 (D:\Projects\StudentProject\student_Backend\student_userService\student-userService\target\classes started by liuziyu in D:\Projects\StudentProject\student_Backend\student_userService\student-userService)
2022-07-25 14:45:24.675 [main] INFO  com.student.userService.UserApplication - No active profile set, falling back to default profiles: default
2022-07-25 14:45:24.773 [background-preinit] WARN  o.s.h.converter.json.Jackson2ObjectMapperBuilder - For Jackson Kotlin classes support please add "com.fasterxml.jackson.module:jackson-module-kotlin" to the classpath
2022-07-25 14:45:25.254 [main] DEBUG c.b.m.autoconfigure.MybatisPlusAutoConfiguration - Searching for mappers annotated with @Mapper
2022-07-25 14:45:25.254 [main] DEBUG c.b.m.autoconfigure.MybatisPlusAutoConfiguration - Using auto-configuration base package 'com.student.userService'
2022-07-25 14:45:25.298 [main] INFO  o.s.d.r.config.RepositoryConfigurationDelegate - Multiple Spring Data modules found, entering strict repository configuration mode!
2022-07-25 14:45:25.305 [main] INFO  o.s.d.r.config.RepositoryConfigurationDelegate - Bootstrapping Spring Data Redis repositories in DEFAULT mode.
2022-07-25 14:45:25.338 [main] INFO  o.s.d.r.config.RepositoryConfigurationDelegate - Finished Spring Data repository scanning in 12ms. Found 0 Redis repository interfaces.
2022-07-25 15:01:08.492 [main] INFO  com.student.userService.UserApplication - Starting UserApplication on DESKTOP-DQS4SD0 with PID 6956 (D:\Projects\StudentProject\student_Backend\student_userService\student-userService\target\classes started by liuziyu in D:\Projects\StudentProject\student_Backend\student_userService\student-userService)
2022-07-25 15:01:08.497 [main] INFO  com.student.userService.UserApplication - No active profile set, falling back to default profiles: default
2022-07-25 15:01:08.550 [background-preinit] WARN  o.s.h.converter.json.Jackson2ObjectMapperBuilder - For Jackson Kotlin classes support please add "com.fasterxml.jackson.module:jackson-module-kotlin" to the classpath
2022-07-25 15:01:08.996 [main] DEBUG c.b.m.autoconfigure.MybatisPlusAutoConfiguration - Searching for mappers annotated with @Mapper
2022-07-25 15:01:08.997 [main] DEBUG c.b.m.autoconfigure.MybatisPlusAutoConfiguration - Using auto-configuration base package 'com.student.userService'
2022-07-25 15:01:09.044 [main] INFO  o.s.d.r.config.RepositoryConfigurationDelegate - Multiple Spring Data modules found, entering strict repository configuration mode!
2022-07-25 15:01:09.052 [main] INFO  o.s.d.r.config.RepositoryConfigurationDelegate - Bootstrapping Spring Data Redis repositories in DEFAULT mode.
2022-07-25 15:01:09.074 [main] INFO  o.s.d.r.config.RepositoryConfigurationDelegate - Finished Spring Data repository scanning in 12ms. Found 0 Redis repository interfaces.
2022-07-25 15:04:02.043 [main] INFO  com.student.userService.UserApplication - Starting UserApplication on DESKTOP-DQS4SD0 with PID 9984 (D:\Projects\StudentProject\student_Backend\student_userService\student-userService\target\classes started by liuziyu in D:\Projects\StudentProject\student_Backend\student_userService\student-userService)
2022-07-25 15:04:02.045 [main] INFO  com.student.userService.UserApplication - No active profile set, falling back to default profiles: default
2022-07-25 15:04:02.108 [background-preinit] WARN  o.s.h.converter.json.Jackson2ObjectMapperBuilder - For Jackson Kotlin classes support please add "com.fasterxml.jackson.module:jackson-module-kotlin" to the classpath
2022-07-25 15:04:48.275 [main] INFO  com.student.userService.UserApplication - Starting UserApplication on DESKTOP-DQS4SD0 with PID 10532 (D:\Projects\StudentProject\student_Backend\student_userService\student-userService\target\classes started by liuziyu in D:\Projects\StudentProject\student_Backend\student_userService\student-userService)
2022-07-25 15:04:48.277 [main] INFO  com.student.userService.UserApplication - No active profile set, falling back to default profiles: default
2022-07-25 15:04:48.398 [background-preinit] WARN  o.s.h.converter.json.Jackson2ObjectMapperBuilder - For Jackson Kotlin classes support please add "com.fasterxml.jackson.module:jackson-module-kotlin" to the classpath
2022-07-25 15:04:48.849 [main] DEBUG c.b.m.autoconfigure.MybatisPlusAutoConfiguration - Searching for mappers annotated with @Mapper
2022-07-25 15:04:48.850 [main] DEBUG c.b.m.autoconfigure.MybatisPlusAutoConfiguration - Using auto-configuration base package 'com.student.userService'
2022-07-25 15:04:48.891 [main] INFO  o.s.d.r.config.RepositoryConfigurationDelegate - Multiple Spring Data modules found, entering strict repository configuration mode!
2022-07-25 15:04:48.893 [main] INFO  o.s.d.r.config.RepositoryConfigurationDelegate - Bootstrapping Spring Data Redis repositories in DEFAULT mode.
2022-07-25 15:04:48.920 [main] INFO  o.s.d.r.config.RepositoryConfigurationDelegate - Finished Spring Data repository scanning in 11ms. Found 0 Redis repository interfaces.
2022-07-25 15:05:25.381 [main] INFO  com.student.userService.UserApplication - Starting UserApplication on DESKTOP-DQS4SD0 with PID 18880 (D:\Projects\StudentProject\student_Backend\student_userService\student-userService\target\classes started by liuziyu in D:\Projects\StudentProject\student_Backend\student_userService\student-userService)
2022-07-25 15:05:25.383 [main] INFO  com.student.userService.UserApplication - No active profile set, falling back to default profiles: default
2022-07-25 15:05:25.462 [background-preinit] WARN  o.s.h.converter.json.Jackson2ObjectMapperBuilder - For Jackson Kotlin classes support please add "com.fasterxml.jackson.module:jackson-module-kotlin" to the classpath
2022-07-25 15:05:25.902 [main] DEBUG c.b.m.autoconfigure.MybatisPlusAutoConfiguration - Searching for mappers annotated with @Mapper
2022-07-25 15:05:25.902 [main] DEBUG c.b.m.autoconfigure.MybatisPlusAutoConfiguration - Using auto-configuration base package 'com.student.userService'
2022-07-25 15:05:25.943 [main] INFO  o.s.d.r.config.RepositoryConfigurationDelegate - Multiple Spring Data modules found, entering strict repository configuration mode!
2022-07-25 15:05:25.944 [main] INFO  o.s.d.r.config.RepositoryConfigurationDelegate - Bootstrapping Spring Data Redis repositories in DEFAULT mode.
2022-07-25 15:05:25.968 [main] INFO  o.s.d.r.config.RepositoryConfigurationDelegate - Finished Spring Data repository scanning in 10ms. Found 0 Redis repository interfaces.
2022-07-25 15:05:55.141 [main] INFO  com.student.userService.UserApplication - Starting UserApplication on DESKTOP-DQS4SD0 with PID 21852 (D:\Projects\StudentProject\student_Backend\student_userService\student-userService\target\classes started by liuziyu in D:\Projects\StudentProject\student_Backend\student_userService\student-userService)
2022-07-25 15:05:55.144 [main] INFO  com.student.userService.UserApplication - No active profile set, falling back to default profiles: default
2022-07-25 15:05:55.200 [background-preinit] WARN  o.s.h.converter.json.Jackson2ObjectMapperBuilder - For Jackson Kotlin classes support please add "com.fasterxml.jackson.module:jackson-module-kotlin" to the classpath
2022-07-25 15:05:55.683 [main] DEBUG c.b.m.autoconfigure.MybatisPlusAutoConfiguration - Searching for mappers annotated with @Mapper
2022-07-25 15:05:55.684 [main] DEBUG c.b.m.autoconfigure.MybatisPlusAutoConfiguration - Using auto-configuration base package 'com.student.userService'
2022-07-25 15:05:55.725 [main] INFO  o.s.d.r.config.RepositoryConfigurationDelegate - Multiple Spring Data modules found, entering strict repository configuration mode!
2022-07-25 15:05:55.726 [main] INFO  o.s.d.r.config.RepositoryConfigurationDelegate - Bootstrapping Spring Data Redis repositories in DEFAULT mode.
2022-07-25 15:05:55.751 [main] INFO  o.s.d.r.config.RepositoryConfigurationDelegate - Finished Spring Data repository scanning in 9ms. Found 0 Redis repository interfaces.
2022-07-25 15:22:51.480 [main] INFO  com.student.userService.UserApplication - Starting UserApplication on DESKTOP-DQS4SD0 with PID 2908 (D:\Projects\StudentProject\student_Backend\student_userService\student-userService\target\classes started by liuziyu in D:\Projects\StudentProject\student_Backend\student_userService\student-userService)
2022-07-25 15:22:51.482 [main] INFO  com.student.userService.UserApplication - No active profile set, falling back to default profiles: default
2022-07-25 15:22:51.536 [background-preinit] WARN  o.s.h.converter.json.Jackson2ObjectMapperBuilder - For Jackson Kotlin classes support please add "com.fasterxml.jackson.module:jackson-module-kotlin" to the classpath
2022-07-25 15:22:52.082 [main] DEBUG c.b.m.autoconfigure.MybatisPlusAutoConfiguration - Searching for mappers annotated with @Mapper
2022-07-25 15:22:52.083 [main] DEBUG c.b.m.autoconfigure.MybatisPlusAutoConfiguration - Using auto-configuration base package 'com.student.userService'
2022-07-25 15:22:52.186 [main] INFO  o.s.d.r.config.RepositoryConfigurationDelegate - Multiple Spring Data modules found, entering strict repository configuration mode!
2022-07-25 15:22:52.188 [main] INFO  o.s.d.r.config.RepositoryConfigurationDelegate - Bootstrapping Spring Data Redis repositories in DEFAULT mode.
2022-07-25 15:24:30.204 [main] INFO  com.student.userService.UserApplication - Starting UserApplication on DESKTOP-DQS4SD0 with PID 12080 (D:\Projects\StudentProject\student_Backend\student_userService\student-userService\target\classes started by liuziyu in D:\Projects\StudentProject\student_Backend\student_userService\student-userService)
2022-07-25 15:24:30.207 [main] INFO  com.student.userService.UserApplication - No active profile set, falling back to default profiles: default
2022-07-25 15:24:30.336 [background-preinit] WARN  o.s.h.converter.json.Jackson2ObjectMapperBuilder - For Jackson Kotlin classes support please add "com.fasterxml.jackson.module:jackson-module-kotlin" to the classpath
2022-07-25 15:24:30.830 [main] DEBUG c.b.m.autoconfigure.MybatisPlusAutoConfiguration - Searching for mappers annotated with @Mapper
2022-07-25 15:24:30.830 [main] DEBUG c.b.m.autoconfigure.MybatisPlusAutoConfiguration - Using auto-configuration base package 'com.student.userService'
2022-07-25 15:24:30.872 [main] INFO  o.s.d.r.config.RepositoryConfigurationDelegate - Multiple Spring Data modules found, entering strict repository configuration mode!
2022-07-25 15:24:30.873 [main] INFO  o.s.d.r.config.RepositoryConfigurationDelegate - Bootstrapping Spring Data Redis repositories in DEFAULT mode.
2022-07-25 15:25:39.816 [main] INFO  com.student.userService.UserApplication - Starting UserApplication on DESKTOP-DQS4SD0 with PID 17040 (D:\Projects\StudentProject\student_Backend\student_userService\student-userService\target\classes started by liuziyu in D:\Projects\StudentProject\student_Backend\student_userService\student-userService)
2022-07-25 15:25:39.818 [main] INFO  com.student.userService.UserApplication - No active profile set, falling back to default profiles: default
2022-07-25 15:25:39.875 [background-preinit] WARN  o.s.h.converter.json.Jackson2ObjectMapperBuilder - For Jackson Kotlin classes support please add "com.fasterxml.jackson.module:jackson-module-kotlin" to the classpath
2022-07-25 15:25:40.281 [main] DEBUG c.b.m.autoconfigure.MybatisPlusAutoConfiguration - Searching for mappers annotated with @Mapper
2022-07-25 15:25:40.282 [main] DEBUG c.b.m.autoconfigure.MybatisPlusAutoConfiguration - Using auto-configuration base package 'com.student.userService'
2022-07-25 15:25:40.320 [main] INFO  o.s.d.r.config.RepositoryConfigurationDelegate - Multiple Spring Data modules found, entering strict repository configuration mode!
2022-07-25 15:25:40.322 [main] INFO  o.s.d.r.config.RepositoryConfigurationDelegate - Bootstrapping Spring Data Redis repositories in DEFAULT mode.
2022-07-25 15:25:40.349 [main] INFO  o.s.d.r.config.RepositoryConfigurationDelegate - Finished Spring Data repository scanning in 11ms. Found 0 Redis repository interfaces.
2022-07-25 15:36:10.591 [main] INFO  com.student.userService.UserApplication - Starting UserApplication on DESKTOP-DQS4SD0 with PID 22160 (D:\Projects\StudentProject\student_Backend\student_userService\student-userService\target\classes started by liuziyu in D:\Projects\StudentProject\student_Backend\student_userService\student-userService)
2022-07-25 15:36:10.624 [main] INFO  com.student.userService.UserApplication - No active profile set, falling back to default profiles: default
2022-07-25 15:36:10.904 [background-preinit] WARN  o.s.h.converter.json.Jackson2ObjectMapperBuilder - For Jackson Kotlin classes support please add "com.fasterxml.jackson.module:jackson-module-kotlin" to the classpath
2022-07-25 15:46:14.832 [main] ERROR org.springframework.boot.SpringApplication - Application run failed
java.lang.IllegalStateException: Logback configuration error detected: 
ERROR in c.q.l.core.rolling.DefaultTimeBasedFileNamingAndTriggeringPolicy - Filename pattern [logs/userService.%d{yyyy-MM-dd}-%i.log] contains an integer token converter, i.e. %i, INCOMPATIBLE with this configuration. Remove it.
	at org.springframework.boot.logging.logback.LogbackLoggingSystem.loadConfiguration(LogbackLoggingSystem.java:169)
	at org.springframework.boot.logging.AbstractLoggingSystem.initializeWithConventions(AbstractLoggingSystem.java:80)
	at org.springframework.boot.logging.AbstractLoggingSystem.initialize(AbstractLoggingSystem.java:60)
	at org.springframework.boot.logging.logback.LogbackLoggingSystem.initialize(LogbackLoggingSystem.java:118)
	at org.springframework.boot.context.logging.LoggingApplicationListener.initializeSystem(LoggingApplicationListener.java:306)
	at org.springframework.boot.context.logging.LoggingApplicationListener.initialize(LoggingApplicationListener.java:281)
	at org.springframework.boot.context.logging.LoggingApplicationListener.onApplicationEnvironmentPreparedEvent(LoggingApplicationListener.java:239)
	at org.springframework.boot.context.logging.LoggingApplicationListener.onApplicationEvent(LoggingApplicationListener.java:216)
	at org.springframework.context.event.SimpleApplicationEventMulticaster.doInvokeListener(SimpleApplicationEventMulticaster.java:172)
	at org.springframework.context.event.SimpleApplicationEventMulticaster.invokeListener(SimpleApplicationEventMulticaster.java:165)
	at org.springframework.context.event.SimpleApplicationEventMulticaster.multicastEvent(SimpleApplicationEventMulticaster.java:139)
	at org.springframework.context.event.SimpleApplicationEventMulticaster.multicastEvent(SimpleApplicationEventMulticaster.java:127)
	at org.springframework.boot.context.event.EventPublishingRunListener.environmentPrepared(EventPublishingRunListener.java:80)
	at org.springframework.boot.SpringApplicationRunListeners.environmentPrepared(SpringApplicationRunListeners.java:53)
	at org.springframework.boot.SpringApplication.prepareEnvironment(SpringApplication.java:345)
	at org.springframework.boot.SpringApplication.run(SpringApplication.java:308)
	at org.springframework.boot.SpringApplication.run(SpringApplication.java:1237)
	at org.springframework.boot.SpringApplication.run(SpringApplication.java:1226)
	at com.student.userService.UserApplication.main(UserApplication.java:10)
2022-07-25 16:25:23.613 [main] INFO  com.student.userService.UserApplication - Starting UserApplication on DESKTOP-DQS4SD0 with PID 6820 (D:\Projects\StudentProject\student_Backend\student_userService\student-userService\target\classes started by liuziyu in D:\Projects\StudentProject\student_Backend\student_userService\student-userService)
2022-07-25 16:25:23.616 [main] INFO  com.student.userService.UserApplication - No active profile set, falling back to default profiles: default
2022-07-25 16:25:23.730 [background-preinit] WARN  o.s.h.converter.json.Jackson2ObjectMapperBuilder - For Jackson Kotlin classes support please add "com.fasterxml.jackson.module:jackson-module-kotlin" to the classpath
2022-07-25 16:27:35.570 [main] DEBUG o.s.b.c.l.ClasspathLoggingApplicationListener - Application started with classpath: unknown
2022-07-25 16:27:35.654 [main] DEBUG o.s.core.env.PropertySourcesPropertyResolver - Found key 'spring.application.name' in PropertySource 'configurationProperties' with value of type String
2022-07-25 16:27:35.665 [main] INFO  com.student.userService.UserApplication - Starting UserApplication on DESKTOP-DQS4SD0 with PID 1288 (D:\Projects\StudentProject\student_Backend\student_userService\student-userService\target\classes started by liuziyu in D:\Projects\StudentProject\student_Backend\student_userService\student-userService)
2022-07-25 16:27:35.668 [main] DEBUG com.student.userService.UserApplication - Running with Spring Boot v2.3.8.RELEASE, Spring v5.2.12.RELEASE
2022-07-25 16:27:35.670 [main] INFO  com.student.userService.UserApplication - No active profile set, falling back to default profiles: default
2022-07-25 16:27:35.671 [main] DEBUG org.springframework.boot.SpringApplication - Loading source class com.student.userService.UserApplication
2022-07-25 16:27:35.747 [main] DEBUG o.s.b.context.config.ConfigFileApplicationListener - Loaded config file 'file:/D:/Projects/StudentProject/student_Backend/student_userService/student-userService/target/classes/application.properties' (classpath:/application.properties)
2022-07-25 16:27:35.748 [main] DEBUG o.s.b.w.s.c.AnnotationConfigServletWebServerApplicationContext - Refreshing org.springframework.boot.web.servlet.context.AnnotationConfigServletWebServerApplicationContext@344f4dea
2022-07-25 16:27:35.770 [main] DEBUG o.s.b.factory.support.DefaultListableBeanFactory - Creating shared instance of singleton bean 'org.springframework.context.annotation.internalConfigurationAnnotationProcessor'
2022-07-25 16:27:35.786 [background-preinit] WARN  o.s.h.converter.json.Jackson2ObjectMapperBuilder - For Jackson Kotlin classes support please add "com.fasterxml.jackson.module:jackson-module-kotlin" to the classpath
2022-07-25 16:27:35.801 [main] DEBUG o.s.b.factory.support.DefaultListableBeanFactory - Creating shared instance of singleton bean 'org.springframework.boot.autoconfigure.internalCachingMetadataReaderFactory'
2022-07-25 16:27:35.931 [main] DEBUG o.s.c.annotation.ClassPathBeanDefinitionScanner - Identified candidate component class: file [D:\Projects\StudentProject\student_Backend\student_userService\student-userService\target\classes\com\student\userService\Config\FilterConfig.class]
2022-07-25 16:27:35.932 [main] DEBUG o.s.c.annotation.ClassPathBeanDefinitionScanner - Identified candidate component class: file [D:\Projects\StudentProject\student_Backend\student_userService\student-userService\target\classes\com\student\userService\Config\InterceptorConfigurer.class]
2022-07-25 16:27:35.935 [main] DEBUG o.s.c.annotation.ClassPathBeanDefinitionScanner - Identified candidate component class: file [D:\Projects\StudentProject\student_Backend\student_userService\student-userService\target\classes\com\student\userService\Config\PropotiesConfiger.class]
2022-07-25 16:27:35.939 [main] DEBUG o.s.c.annotation.ClassPathBeanDefinitionScanner - Identified candidate component class: file [D:\Projects\StudentProject\student_Backend\student_userService\student-userService\target\classes\com\student\userService\Config\RedisConfig.class]
2022-07-25 16:28:25.360 [main] INFO  com.student.userService.UserApplication - Starting UserApplication on DESKTOP-DQS4SD0 with PID 25104 (D:\Projects\StudentProject\student_Backend\student_userService\student-userService\target\classes started by liuziyu in D:\Projects\StudentProject\student_Backend\student_userService\student-userService)
2022-07-25 16:28:25.363 [main] INFO  com.student.userService.UserApplication - No active profile set, falling back to default profiles: default
2022-07-25 16:28:25.506 [background-preinit] WARN  o.s.h.converter.json.Jackson2ObjectMapperBuilder - For Jackson Kotlin classes support please add "com.fasterxml.jackson.module:jackson-module-kotlin" to the classpath
2022-07-25 16:28:25.973 [main] DEBUG c.b.m.autoconfigure.MybatisPlusAutoConfiguration - Searching for mappers annotated with @Mapper
2022-07-25 16:28:25.974 [main] DEBUG c.b.m.autoconfigure.MybatisPlusAutoConfiguration - Using auto-configuration base package 'com.student.userService'
2022-07-25 16:28:26.014 [main] INFO  o.s.d.r.config.RepositoryConfigurationDelegate - Multiple Spring Data modules found, entering strict repository configuration mode!
2022-07-25 16:28:26.015 [main] INFO  o.s.d.r.config.RepositoryConfigurationDelegate - Bootstrapping Spring Data Redis repositories in DEFAULT mode.
2022-07-25 16:28:26.041 [main] INFO  o.s.d.r.config.RepositoryConfigurationDelegate - Finished Spring Data repository scanning in 10ms. Found 0 Redis repository interfaces.
2022-07-25 16:30:47.400 [main] INFO  com.student.userService.UserApplication - Starting UserApplication on DESKTOP-DQS4SD0 with PID 17400 (D:\Projects\StudentProject\student_Backend\student_userService\student-userService\target\classes started by liuziyu in D:\Projects\StudentProject\student_Backend\student_userService\student-userService)
2022-07-25 16:30:47.403 [main] INFO  com.student.userService.UserApplication - No active profile set, falling back to default profiles: default
2022-07-25 16:30:47.479 [background-preinit] WARN  o.s.h.converter.json.Jackson2ObjectMapperBuilder - For Jackson Kotlin classes support please add "com.fasterxml.jackson.module:jackson-module-kotlin" to the classpath
2022-07-25 16:30:48.114 [main] DEBUG c.b.m.autoconfigure.MybatisPlusAutoConfiguration - Searching for mappers annotated with @Mapper
2022-07-25 16:30:48.114 [main] DEBUG c.b.m.autoconfigure.MybatisPlusAutoConfiguration - Using auto-configuration base package 'com.student.userService'
2022-07-25 17:15:53.084 [main] INFO  com.student.userService.UserApplication - Starting UserApplication on DESKTOP-DQS4SD0 with PID 24384 (D:\Projects\StudentProject\student_Backend\student_userService\student-userService\target\classes started by liuziyu in D:\Projects\StudentProject\student_Backend\student_userService\student-userService)
2022-07-25 17:15:53.086 [main] INFO  com.student.userService.UserApplication - No active profile set, falling back to default profiles: default
2022-07-25 17:15:53.146 [background-preinit] WARN  o.s.h.converter.json.Jackson2ObjectMapperBuilder - For Jackson Kotlin classes support please add "com.fasterxml.jackson.module:jackson-module-kotlin" to the classpath
