2022-06-26 12:50:49.642  INFO 600 --- [main] com.student.userService.UserApplication  : Starting UserApplication on DESKTOP-DQS4SD0 with PID 600 (D:\Projects\StudentProject\student_Backend\userService\student-userService\target\classes started by liuziyu in D:\Projects\StudentProject\student_Backend\userService\student-userService)
2022-06-26 12:50:49.712  INFO 600 --- [main] com.student.userService.UserApplication  : No active profile set, falling back to default profiles: default
2022-06-26 12:50:56.403  INFO 600 --- [main] .s.d.r.c.RepositoryConfigurationDelegate : Multiple Spring Data modules found, entering strict repository configuration mode!
2022-06-26 12:50:56.406  INFO 600 --- [main] .s.d.r.c.RepositoryConfigurationDelegate : Bootstrapping Spring Data Redis repositories in DEFAULT mode.
2022-06-26 12:50:56.479  INFO 600 --- [main] .s.d.r.c.RepositoryConfigurationDelegate : Finished Spring Data repository scanning in 8ms. Found 0 Redis repository interfaces.
2022-06-26 12:50:57.080  INFO 600 --- [main] trationDelegate$BeanPostProcessorChecker : Bean 'redisConfig' of type [com.student.userService.Config.RedisConfig$$EnhancerBySpringCGLIB$$26f05406] is not eligible for getting processed by all BeanPostProcessors (for example: not eligible for auto-proxying)
2022-06-26 12:50:57.888  INFO 600 --- [main] o.s.b.w.embedded.tomcat.TomcatWebServer  : Tomcat initialized with port(s): 8081 (http)
2022-06-26 12:50:57.909  INFO 600 --- [main] o.apache.catalina.core.StandardService   : Starting service [Tomcat]
2022-06-26 12:50:57.909  INFO 600 --- [main] org.apache.catalina.core.StandardEngine  : Starting Servlet engine: [Apache Tomcat/9.0.41]
2022-06-26 12:50:57.911  INFO 600 --- [main] o.a.catalina.core.AprLifecycleListener   : An older version [1.2.21] of the Apache Tomcat Native library is installed, while Tomcat recommends a minimum version of [1.2.23]
2022-06-26 12:50:57.911  INFO 600 --- [main] o.a.catalina.core.AprLifecycleListener   : Loaded Apache Tomcat Native library [1.2.21] using APR version [1.6.5].
2022-06-26 12:50:57.911  INFO 600 --- [main] o.a.catalina.core.AprLifecycleListener   : APR capabilities: IPv6 [true], sendfile [true], accept filters [false], random [true].
2022-06-26 12:50:57.912  INFO 600 --- [main] o.a.catalina.core.AprLifecycleListener   : APR/OpenSSL configuration: useAprConnector [false], useOpenSSL [true]
2022-06-26 12:50:58.007  INFO 600 --- [main] o.a.catalina.core.AprLifecycleListener   : OpenSSL successfully initialized [OpenSSL 1.1.1a  20 Nov 2018]
2022-06-26 12:50:58.249  INFO 600 --- [main] o.a.c.c.C.[Tomcat].[localhost].[/]       : Initializing Spring embedded WebApplicationContext
2022-06-26 12:50:58.250  INFO 600 --- [main] w.s.c.ServletWebServerApplicationContext : Root WebApplicationContext: initialization completed in 7690 ms
2022-06-26 12:51:00.300  INFO 600 --- [main] o.s.s.concurrent.ThreadPoolTaskExecutor  : Initializing ExecutorService 'applicationTaskExecutor'
2022-06-26 12:51:00.311 DEBUG 600 --- [main] s.w.s.m.m.a.RequestMappingHandlerAdapter : ControllerAdvice beans: 0 @ModelAttribute, 0 @InitBinder, 1 RequestBodyAdvice, 1 ResponseBodyAdvice
2022-06-26 12:51:00.390 DEBUG 600 --- [main] s.w.s.m.m.a.RequestMappingHandlerMapping : 5 mappings in 'requestMappingHandlerMapping'
2022-06-26 12:51:00.405 DEBUG 600 --- [main] o.s.w.s.handler.SimpleUrlHandlerMapping  : Patterns [/webjars/**, /**] in 'resourceHandlerMapping'
2022-06-26 12:51:00.440 DEBUG 600 --- [main] .m.m.a.ExceptionHandlerExceptionResolver : ControllerAdvice beans: 0 @ExceptionHandler, 1 ResponseBodyAdvice
2022-06-26 12:51:00.789  INFO 600 --- [main] o.s.b.w.embedded.tomcat.TomcatWebServer  : Tomcat started on port(s): 8081 (http) with context path ''
2022-06-26 12:51:00.796  INFO 600 --- [main] com.student.userService.UserApplication  : Started UserApplication in 15.453 seconds (JVM running for 19.245)
2022-06-26 12:51:47.419  INFO 600 --- [http-nio-8081-exec-1] o.a.c.c.C.[Tomcat].[localhost].[/]       : Initializing Spring DispatcherServlet 'dispatcherServlet'
2022-06-26 12:51:47.420  INFO 600 --- [http-nio-8081-exec-1] o.s.web.servlet.DispatcherServlet        : Initializing Servlet 'dispatcherServlet'
2022-06-26 12:51:47.420 DEBUG 600 --- [http-nio-8081-exec-1] o.s.web.servlet.DispatcherServlet        : Detected StandardServletMultipartResolver
2022-06-26 12:51:47.425 DEBUG 600 --- [http-nio-8081-exec-1] o.s.web.servlet.DispatcherServlet        : enableLoggingRequestDetails='false': request parameters and headers will be masked to prevent unsafe logging of potentially sensitive data
2022-06-26 12:51:47.425  INFO 600 --- [http-nio-8081-exec-1] o.s.web.servlet.DispatcherServlet        : Completed initialization in 5 ms
2022-06-26 12:51:47.442 DEBUG 600 --- [http-nio-8081-exec-1] o.s.web.servlet.DispatcherServlet        : POST "/user/login", parameters={}
2022-06-26 12:51:47.444 DEBUG 600 --- [http-nio-8081-exec-1] s.w.s.m.m.a.RequestMappingHandlerMapping : Mapped to com.student.userService.Controller.UserController#login(User)
2022-06-26 12:51:47.642 DEBUG 600 --- [http-nio-8081-exec-1] m.m.a.RequestResponseBodyMethodProcessor : Read "application/json;charset=UTF-8" to [User(id=null, mobile=17605603455, userName=null, password=123456, province=null, city=null, area=nul (truncated)...]
2022-06-26 12:51:47.697  INFO 600 --- [http-nio-8081-exec-1] com.zaxxer.hikari.HikariDataSource       : HikariPool-1 - Starting...
2022-06-26 12:51:52.621  INFO 600 --- [http-nio-8081-exec-1] com.zaxxer.hikari.HikariDataSource       : HikariPool-1 - Start completed.
2022-06-26 12:51:55.375 DEBUG 600 --- [http-nio-8081-exec-1] m.m.a.RequestResponseBodyMethodProcessor : Using 'application/json', given [application/json, text/plain, */*] and supported [application/json, application/*+json, application/json, application/*+json]
2022-06-26 12:51:55.376 DEBUG 600 --- [http-nio-8081-exec-1] m.m.a.RequestResponseBodyMethodProcessor : Writing [com.student.userService.Utils.ApiResult@58140c53]
2022-06-26 12:51:55.401 DEBUG 600 --- [http-nio-8081-exec-1] o.s.web.servlet.DispatcherServlet        : Completed 200 OK
2022-06-26 13:43:55.018 DEBUG 600 --- [http-nio-8081-exec-2] o.s.web.servlet.DispatcherServlet        : POST "/user/login", parameters={}
2022-06-26 13:43:55.025 DEBUG 600 --- [http-nio-8081-exec-2] s.w.s.m.m.a.RequestMappingHandlerMapping : Mapped to com.student.userService.Controller.UserController#login(User)
2022-06-26 13:43:55.030 DEBUG 600 --- [http-nio-8081-exec-2] m.m.a.RequestResponseBodyMethodProcessor : Read "application/json;charset=UTF-8" to [User(id=null, mobile=17605603455, userName=null, password=123456, province=null, city=null, area=nul (truncated)...]
2022-06-26 13:43:55.635 DEBUG 600 --- [http-nio-8081-exec-2] m.m.a.RequestResponseBodyMethodProcessor : Using 'application/json', given [application/json, text/plain, */*] and supported [application/json, application/*+json, application/json, application/*+json]
2022-06-26 13:43:55.636 DEBUG 600 --- [http-nio-8081-exec-2] m.m.a.RequestResponseBodyMethodProcessor : Writing [com.student.userService.Utils.ApiResult@55173a2a]
2022-06-26 13:43:55.642 DEBUG 600 --- [http-nio-8081-exec-2] o.s.web.servlet.DispatcherServlet        : Completed 200 OK
2022-06-26 14:09:09.340 DEBUG 600 --- [http-nio-8081-exec-3] o.s.web.servlet.DispatcherServlet        : GET "/user/verification", parameters={}
2022-06-26 14:09:10.540 DEBUG 600 --- [http-nio-8081-exec-3] o.s.w.s.handler.SimpleUrlHandlerMapping  : Mapped to ResourceHttpRequestHandler ["classpath:/META-INF/resources/", "classpath:/resources/", "classpath:/static/", "classpath:/public/"]
2022-06-26 14:09:11.016 DEBUG 600 --- [http-nio-8081-exec-3] o.s.w.s.r.ResourceHttpRequestHandler     : Resource not found
2022-06-26 14:09:11.023 DEBUG 600 --- [http-nio-8081-exec-3] o.s.web.servlet.DispatcherServlet        : Completed 404 NOT_FOUND
2022-06-26 14:09:11.622 DEBUG 600 --- [http-nio-8081-exec-3] o.s.web.servlet.DispatcherServlet        : "ERROR" dispatch for GET "/error", parameters={}
2022-06-26 14:09:11.780 DEBUG 600 --- [http-nio-8081-exec-3] s.w.s.m.m.a.RequestMappingHandlerMapping : Mapped to org.springframework.boot.autoconfigure.web.servlet.error.BasicErrorController#error(HttpServletRequest)
2022-06-26 14:09:12.911 DEBUG 600 --- [http-nio-8081-exec-3] o.s.w.s.m.m.a.HttpEntityMethodProcessor  : Using 'application/json', given [application/json, text/plain, */*] and supported [application/json, application/*+json, application/json, application/*+json]
2022-06-26 14:09:12.913 DEBUG 600 --- [http-nio-8081-exec-3] o.s.w.s.m.m.a.HttpEntityMethodProcessor  : Writing [{timestamp=Sun Jun 26 14:09:12 CST 2022, status=404, error=Not Found, message=, path=/user/verificat (truncated)...]
2022-06-26 14:09:13.196 DEBUG 600 --- [http-nio-8081-exec-3] o.s.web.servlet.DispatcherServlet        : Exiting from "ERROR" dispatch, status 404
2022-06-26 14:09:56.939  INFO 14632 --- [main] com.student.userService.UserApplication  : Starting UserApplication on DESKTOP-DQS4SD0 with PID 14632 (D:\Projects\StudentProject\student_Backend\userService\student-userService\target\classes started by liuziyu in D:\Projects\StudentProject\student_Backend\userService\student-userService)
2022-06-26 14:09:56.959  INFO 14632 --- [main] com.student.userService.UserApplication  : No active profile set, falling back to default profiles: default
2022-06-26 14:09:59.478  INFO 14632 --- [main] .s.d.r.c.RepositoryConfigurationDelegate : Multiple Spring Data modules found, entering strict repository configuration mode!
2022-06-26 14:09:59.502  INFO 14632 --- [main] .s.d.r.c.RepositoryConfigurationDelegate : Bootstrapping Spring Data Redis repositories in DEFAULT mode.
2022-06-26 14:09:59.578  INFO 14632 --- [main] .s.d.r.c.RepositoryConfigurationDelegate : Finished Spring Data repository scanning in 13ms. Found 0 Redis repository interfaces.
2022-06-26 14:10:00.084  INFO 14632 --- [main] trationDelegate$BeanPostProcessorChecker : Bean 'redisConfig' of type [com.student.userService.Config.RedisConfig$$EnhancerBySpringCGLIB$$3089bb54] is not eligible for getting processed by all BeanPostProcessors (for example: not eligible for auto-proxying)
2022-06-26 14:10:00.716  INFO 14632 --- [main] o.s.b.w.embedded.tomcat.TomcatWebServer  : Tomcat initialized with port(s): 8081 (http)
2022-06-26 14:10:00.754  INFO 14632 --- [main] o.apache.catalina.core.StandardService   : Starting service [Tomcat]
2022-06-26 14:10:00.754  INFO 14632 --- [main] org.apache.catalina.core.StandardEngine  : Starting Servlet engine: [Apache Tomcat/9.0.41]
2022-06-26 14:10:00.755  INFO 14632 --- [main] o.a.catalina.core.AprLifecycleListener   : An older version [1.2.21] of the Apache Tomcat Native library is installed, while Tomcat recommends a minimum version of [1.2.23]
2022-06-26 14:10:00.755  INFO 14632 --- [main] o.a.catalina.core.AprLifecycleListener   : Loaded Apache Tomcat Native library [1.2.21] using APR version [1.6.5].
2022-06-26 14:10:00.756  INFO 14632 --- [main] o.a.catalina.core.AprLifecycleListener   : APR capabilities: IPv6 [true], sendfile [true], accept filters [false], random [true].
2022-06-26 14:10:00.756  INFO 14632 --- [main] o.a.catalina.core.AprLifecycleListener   : APR/OpenSSL configuration: useAprConnector [false], useOpenSSL [true]
2022-06-26 14:10:00.823  INFO 14632 --- [main] o.a.catalina.core.AprLifecycleListener   : OpenSSL successfully initialized [OpenSSL 1.1.1a  20 Nov 2018]
2022-06-26 14:10:01.060  INFO 14632 --- [main] o.a.c.c.C.[Tomcat].[localhost].[/]       : Initializing Spring embedded WebApplicationContext
2022-06-26 14:10:01.060  INFO 14632 --- [main] w.s.c.ServletWebServerApplicationContext : Root WebApplicationContext: initialization completed in 3891 ms
2022-06-26 14:10:02.881  INFO 14632 --- [main] o.s.s.concurrent.ThreadPoolTaskExecutor  : Initializing ExecutorService 'applicationTaskExecutor'
2022-06-26 14:10:02.890 DEBUG 14632 --- [main] s.w.s.m.m.a.RequestMappingHandlerAdapter : ControllerAdvice beans: 0 @ModelAttribute, 0 @InitBinder, 1 RequestBodyAdvice, 1 ResponseBodyAdvice
2022-06-26 14:10:02.969 DEBUG 14632 --- [main] s.w.s.m.m.a.RequestMappingHandlerMapping : 6 mappings in 'requestMappingHandlerMapping'
2022-06-26 14:10:02.978 DEBUG 14632 --- [main] o.s.w.s.handler.SimpleUrlHandlerMapping  : Patterns [/webjars/**, /**] in 'resourceHandlerMapping'
2022-06-26 14:10:03.008 DEBUG 14632 --- [main] .m.m.a.ExceptionHandlerExceptionResolver : ControllerAdvice beans: 0 @ExceptionHandler, 1 ResponseBodyAdvice
2022-06-26 14:10:03.299  INFO 14632 --- [main] o.s.b.w.embedded.tomcat.TomcatWebServer  : Tomcat started on port(s): 8081 (http) with context path ''
2022-06-26 14:10:03.307  INFO 14632 --- [main] com.student.userService.UserApplication  : Started UserApplication in 7.262 seconds (JVM running for 8.74)
2022-06-26 14:13:52.596  INFO 14632 --- [http-nio-8081-exec-1] o.a.c.c.C.[Tomcat].[localhost].[/]       : Initializing Spring DispatcherServlet 'dispatcherServlet'
2022-06-26 14:13:52.596  INFO 14632 --- [http-nio-8081-exec-1] o.s.web.servlet.DispatcherServlet        : Initializing Servlet 'dispatcherServlet'
2022-06-26 14:13:52.596 DEBUG 14632 --- [http-nio-8081-exec-1] o.s.web.servlet.DispatcherServlet        : Detected StandardServletMultipartResolver
2022-06-26 14:13:52.601 DEBUG 14632 --- [http-nio-8081-exec-1] o.s.web.servlet.DispatcherServlet        : enableLoggingRequestDetails='false': request parameters and headers will be masked to prevent unsafe logging of potentially sensitive data
2022-06-26 14:13:52.602  INFO 14632 --- [http-nio-8081-exec-1] o.s.web.servlet.DispatcherServlet        : Completed initialization in 6 ms
2022-06-26 14:13:52.616 DEBUG 14632 --- [http-nio-8081-exec-1] o.s.web.servlet.DispatcherServlet        : POST "/user/login", parameters={}
2022-06-26 14:13:52.619 DEBUG 14632 --- [http-nio-8081-exec-1] s.w.s.m.m.a.RequestMappingHandlerMapping : Mapped to com.student.userService.Controller.UserController#login(User)
2022-06-26 14:13:52.765 DEBUG 14632 --- [http-nio-8081-exec-1] m.m.a.RequestResponseBodyMethodProcessor : Read "application/json;charset=UTF-8" to [User(id=null, mobile=17605603455, userName=null, password=123456, province=null, city=null, area=nul (truncated)...]
2022-06-26 14:13:52.807  INFO 14632 --- [http-nio-8081-exec-1] com.zaxxer.hikari.HikariDataSource       : HikariPool-1 - Starting...
2022-06-26 14:13:54.747  INFO 14632 --- [http-nio-8081-exec-1] com.zaxxer.hikari.HikariDataSource       : HikariPool-1 - Start completed.
2022-06-26 14:13:57.200 DEBUG 14632 --- [http-nio-8081-exec-1] m.m.a.RequestResponseBodyMethodProcessor : Using 'application/json', given [application/json, text/plain, */*] and supported [application/json, application/*+json, application/json, application/*+json]
2022-06-26 14:13:57.200 DEBUG 14632 --- [http-nio-8081-exec-1] m.m.a.RequestResponseBodyMethodProcessor : Writing [com.student.userService.Utils.ApiResult@3c7254e6]
2022-06-26 14:13:57.210 DEBUG 14632 --- [http-nio-8081-exec-1] o.s.web.servlet.DispatcherServlet        : Completed 200 OK
2022-06-26 14:13:57.564 DEBUG 14632 --- [http-nio-8081-exec-3] o.s.web.servlet.DispatcherServlet        : GET "/user/verification", parameters={}
2022-06-26 14:13:57.565 DEBUG 14632 --- [http-nio-8081-exec-3] s.w.s.m.m.a.RequestMappingHandlerMapping : Mapped to com.student.userService.Controller.UserController#verification()
2022-06-26 14:13:57.568 DEBUG 14632 --- [http-nio-8081-exec-3] m.m.a.RequestResponseBodyMethodProcessor : Using 'application/json', given [application/json, text/plain, */*] and supported [application/json, application/*+json, application/json, application/*+json]
2022-06-26 14:13:57.568 DEBUG 14632 --- [http-nio-8081-exec-3] m.m.a.RequestResponseBodyMethodProcessor : Writing [com.student.userService.Utils.ApiResult@2cc7ae46]
2022-06-26 14:13:57.573 DEBUG 14632 --- [http-nio-8081-exec-3] o.s.web.servlet.DispatcherServlet        : Completed 200 OK
2022-06-26 14:14:30.233 DEBUG 14632 --- [http-nio-8081-exec-2] o.s.web.servlet.DispatcherServlet        : GET "/user/verification", parameters={}
2022-06-26 14:14:30.233 DEBUG 14632 --- [http-nio-8081-exec-2] s.w.s.m.m.a.RequestMappingHandlerMapping : Mapped to com.student.userService.Controller.UserController#verification()
2022-06-26 14:14:30.233 DEBUG 14632 --- [http-nio-8081-exec-2] m.m.a.RequestResponseBodyMethodProcessor : Using 'application/json', given [application/json, text/plain, */*] and supported [application/json, application/*+json, application/json, application/*+json]
2022-06-26 14:14:30.234 DEBUG 14632 --- [http-nio-8081-exec-2] m.m.a.RequestResponseBodyMethodProcessor : Writing [com.student.userService.Utils.ApiResult@3487774a]
2022-06-26 14:14:30.234 DEBUG 14632 --- [http-nio-8081-exec-2] o.s.web.servlet.DispatcherServlet        : Completed 200 OK
2022-06-26 14:15:22.255 DEBUG 14632 --- [http-nio-8081-exec-4] o.s.web.servlet.DispatcherServlet        : GET "/user/verification", parameters={}
2022-06-26 14:15:22.255 DEBUG 14632 --- [http-nio-8081-exec-4] s.w.s.m.m.a.RequestMappingHandlerMapping : Mapped to com.student.userService.Controller.UserController#verification()
2022-06-26 14:15:22.256 DEBUG 14632 --- [http-nio-8081-exec-4] m.m.a.RequestResponseBodyMethodProcessor : Using 'application/json', given [application/json, text/plain, */*] and supported [application/json, application/*+json, application/json, application/*+json]
2022-06-26 14:15:22.256 DEBUG 14632 --- [http-nio-8081-exec-4] m.m.a.RequestResponseBodyMethodProcessor : Writing [com.student.userService.Utils.ApiResult@1a2be48d]
2022-06-26 14:15:22.257 DEBUG 14632 --- [http-nio-8081-exec-4] o.s.web.servlet.DispatcherServlet        : Completed 200 OK
2022-06-26 14:15:45.089 DEBUG 14632 --- [http-nio-8081-exec-5] o.s.web.servlet.DispatcherServlet        : POST "/user/login", parameters={}
2022-06-26 14:15:45.091 DEBUG 14632 --- [http-nio-8081-exec-5] s.w.s.m.m.a.RequestMappingHandlerMapping : Mapped to com.student.userService.Controller.UserController#login(User)
2022-06-26 14:15:45.094 DEBUG 14632 --- [http-nio-8081-exec-5] m.m.a.RequestResponseBodyMethodProcessor : Read "application/json;charset=UTF-8" to [User(id=null, mobile=17605603455, userName=null, password=123456, province=null, city=null, area=nul (truncated)...]
2022-06-26 14:15:45.108 DEBUG 14632 --- [http-nio-8081-exec-5] m.m.a.RequestResponseBodyMethodProcessor : Using 'application/json', given [application/json, text/plain, */*] and supported [application/json, application/*+json, application/json, application/*+json]
2022-06-26 14:15:45.108 DEBUG 14632 --- [http-nio-8081-exec-5] m.m.a.RequestResponseBodyMethodProcessor : Writing [com.student.userService.Utils.ApiResult@38d77bcf]
2022-06-26 14:15:45.109 DEBUG 14632 --- [http-nio-8081-exec-5] o.s.web.servlet.DispatcherServlet        : Completed 200 OK
2022-06-26 14:15:45.336 DEBUG 14632 --- [http-nio-8081-exec-6] o.s.web.servlet.DispatcherServlet        : GET "/user/verification", parameters={}
2022-06-26 14:15:45.336 DEBUG 14632 --- [http-nio-8081-exec-6] s.w.s.m.m.a.RequestMappingHandlerMapping : Mapped to com.student.userService.Controller.UserController#verification()
2022-06-26 14:15:45.337 DEBUG 14632 --- [http-nio-8081-exec-6] m.m.a.RequestResponseBodyMethodProcessor : Using 'application/json', given [application/json, text/plain, */*] and supported [application/json, application/*+json, application/json, application/*+json]
2022-06-26 14:15:45.337 DEBUG 14632 --- [http-nio-8081-exec-6] m.m.a.RequestResponseBodyMethodProcessor : Writing [com.student.userService.Utils.ApiResult@7691300f]
2022-06-26 14:15:45.338 DEBUG 14632 --- [http-nio-8081-exec-6] o.s.web.servlet.DispatcherServlet        : Completed 200 OK
2022-06-26 14:16:45.157 DEBUG 14632 --- [http-nio-8081-exec-7] o.s.web.servlet.DispatcherServlet        : GET "/user/verification", parameters={}
2022-06-26 14:16:45.158 DEBUG 14632 --- [http-nio-8081-exec-7] s.w.s.m.m.a.RequestMappingHandlerMapping : Mapped to com.student.userService.Controller.UserController#verification()
2022-06-26 14:16:45.159 DEBUG 14632 --- [http-nio-8081-exec-7] m.m.a.RequestResponseBodyMethodProcessor : Using 'application/json', given [application/json, text/plain, */*] and supported [application/json, application/*+json, application/json, application/*+json]
2022-06-26 14:16:45.159 DEBUG 14632 --- [http-nio-8081-exec-7] m.m.a.RequestResponseBodyMethodProcessor : Writing [com.student.userService.Utils.ApiResult@6ed25010]
2022-06-26 14:16:45.160 DEBUG 14632 --- [http-nio-8081-exec-7] o.s.web.servlet.DispatcherServlet        : Completed 200 OK
2022-06-26 14:17:22.839 DEBUG 14632 --- [http-nio-8081-exec-8] o.s.web.servlet.DispatcherServlet        : GET "/user/verification", parameters={}
2022-06-26 14:17:22.840 DEBUG 14632 --- [http-nio-8081-exec-8] s.w.s.m.m.a.RequestMappingHandlerMapping : Mapped to com.student.userService.Controller.UserController#verification()
2022-06-26 14:17:22.842 DEBUG 14632 --- [http-nio-8081-exec-8] m.m.a.RequestResponseBodyMethodProcessor : Using 'application/json', given [application/json, text/plain, */*] and supported [application/json, application/*+json, application/json, application/*+json]
2022-06-26 14:17:22.843 DEBUG 14632 --- [http-nio-8081-exec-8] m.m.a.RequestResponseBodyMethodProcessor : Writing [com.student.userService.Utils.ApiResult@1d93936]
2022-06-26 14:17:22.844 DEBUG 14632 --- [http-nio-8081-exec-8] o.s.web.servlet.DispatcherServlet        : Completed 200 OK
2022-06-26 14:17:30.853 DEBUG 14632 --- [http-nio-8081-exec-9] o.s.web.servlet.DispatcherServlet        : GET "/user/verification", parameters={}
2022-06-26 14:17:30.853 DEBUG 14632 --- [http-nio-8081-exec-9] s.w.s.m.m.a.RequestMappingHandlerMapping : Mapped to com.student.userService.Controller.UserController#verification()
2022-06-26 14:17:30.853 DEBUG 14632 --- [http-nio-8081-exec-9] m.m.a.RequestResponseBodyMethodProcessor : Using 'application/json', given [application/json, text/plain, */*] and supported [application/json, application/*+json, application/json, application/*+json]
2022-06-26 14:17:30.854 DEBUG 14632 --- [http-nio-8081-exec-9] m.m.a.RequestResponseBodyMethodProcessor : Writing [com.student.userService.Utils.ApiResult@1df1836d]
2022-06-26 14:17:30.855 DEBUG 14632 --- [http-nio-8081-exec-9] o.s.web.servlet.DispatcherServlet        : Completed 200 OK
2022-06-26 14:26:47.582 DEBUG 14632 --- [http-nio-8081-exec-10] o.s.web.servlet.DispatcherServlet        : GET "/user/verification", parameters={}
2022-06-26 14:26:47.582 DEBUG 14632 --- [http-nio-8081-exec-10] s.w.s.m.m.a.RequestMappingHandlerMapping : Mapped to com.student.userService.Controller.UserController#verification()
2022-06-26 14:26:47.583 DEBUG 14632 --- [http-nio-8081-exec-10] m.m.a.RequestResponseBodyMethodProcessor : Using 'application/json', given [application/json, text/plain, */*] and supported [application/json, application/*+json, application/json, application/*+json]
2022-06-26 14:26:47.584 DEBUG 14632 --- [http-nio-8081-exec-10] m.m.a.RequestResponseBodyMethodProcessor : Writing [com.student.userService.Utils.ApiResult@23e4a0cf]
2022-06-26 14:26:47.585 DEBUG 14632 --- [http-nio-8081-exec-10] o.s.web.servlet.DispatcherServlet        : Completed 200 OK
2022-06-26 14:42:40.881 DEBUG 14632 --- [http-nio-8081-exec-1] o.s.web.servlet.DispatcherServlet        : POST "/user/login", parameters={}
2022-06-26 14:42:40.892 DEBUG 14632 --- [http-nio-8081-exec-1] s.w.s.m.m.a.RequestMappingHandlerMapping : Mapped to com.student.userService.Controller.UserController#login(User)
2022-06-26 14:42:40.901 DEBUG 14632 --- [http-nio-8081-exec-1] m.m.a.RequestResponseBodyMethodProcessor : Read "application/json;charset=UTF-8" to [User(id=null, mobile=17605603455, userName=null, password=123456, province=null, city=null, area=nul (truncated)...]
2022-06-26 14:42:41.546 DEBUG 14632 --- [http-nio-8081-exec-1] m.m.a.RequestResponseBodyMethodProcessor : Using 'application/json', given [application/json, text/plain, */*] and supported [application/json, application/*+json, application/json, application/*+json]
2022-06-26 14:42:41.546 DEBUG 14632 --- [http-nio-8081-exec-1] m.m.a.RequestResponseBodyMethodProcessor : Writing [com.student.userService.Utils.ApiResult@32b34fa9]
2022-06-26 14:42:41.548 DEBUG 14632 --- [http-nio-8081-exec-1] o.s.web.servlet.DispatcherServlet        : Completed 200 OK
2022-06-26 14:52:39.164 DEBUG 14632 --- [http-nio-8081-exec-3] o.s.web.servlet.DispatcherServlet        : POST "/user/login", parameters={}
2022-06-26 14:52:39.164 DEBUG 14632 --- [http-nio-8081-exec-3] s.w.s.m.m.a.RequestMappingHandlerMapping : Mapped to com.student.userService.Controller.UserController#login(User)
2022-06-26 14:52:39.165 DEBUG 14632 --- [http-nio-8081-exec-3] m.m.a.RequestResponseBodyMethodProcessor : Read "application/json;charset=UTF-8" to [User(id=null, mobile=17605603455, userName=null, password=123456, province=null, city=null, area=nul (truncated)...]
2022-06-26 14:52:39.304 DEBUG 14632 --- [http-nio-8081-exec-3] m.m.a.RequestResponseBodyMethodProcessor : Using 'application/json', given [application/json, text/plain, */*] and supported [application/json, application/*+json, application/json, application/*+json]
2022-06-26 14:52:39.305 DEBUG 14632 --- [http-nio-8081-exec-3] m.m.a.RequestResponseBodyMethodProcessor : Writing [com.student.userService.Utils.ApiResult@629e9a25]
2022-06-26 14:52:39.307 DEBUG 14632 --- [http-nio-8081-exec-3] o.s.web.servlet.DispatcherServlet        : Completed 200 OK
2022-06-26 14:52:55.746 DEBUG 14632 --- [http-nio-8081-exec-2] o.s.web.servlet.DispatcherServlet        : POST "/user/login", parameters={}
2022-06-26 14:52:55.746 DEBUG 14632 --- [http-nio-8081-exec-2] s.w.s.m.m.a.RequestMappingHandlerMapping : Mapped to com.student.userService.Controller.UserController#login(User)
2022-06-26 14:52:55.747 DEBUG 14632 --- [http-nio-8081-exec-2] m.m.a.RequestResponseBodyMethodProcessor : Read "application/json;charset=UTF-8" to [User(id=null, mobile=17605603455, userName=null, password=123456, province=null, city=null, area=nul (truncated)...]
2022-06-26 14:52:55.753 DEBUG 14632 --- [http-nio-8081-exec-2] m.m.a.RequestResponseBodyMethodProcessor : Using 'application/json', given [application/json, text/plain, */*] and supported [application/json, application/*+json, application/json, application/*+json]
2022-06-26 14:52:55.753 DEBUG 14632 --- [http-nio-8081-exec-2] m.m.a.RequestResponseBodyMethodProcessor : Writing [com.student.userService.Utils.ApiResult@744f8093]
2022-06-26 14:52:55.754 DEBUG 14632 --- [http-nio-8081-exec-2] o.s.web.servlet.DispatcherServlet        : Completed 200 OK
2022-06-26 14:53:18.228 DEBUG 14632 --- [http-nio-8081-exec-4] o.s.web.servlet.DispatcherServlet        : POST "/user/login", parameters={}
2022-06-26 14:53:18.229 DEBUG 14632 --- [http-nio-8081-exec-4] s.w.s.m.m.a.RequestMappingHandlerMapping : Mapped to com.student.userService.Controller.UserController#login(User)
2022-06-26 14:53:18.231 DEBUG 14632 --- [http-nio-8081-exec-4] m.m.a.RequestResponseBodyMethodProcessor : Read "application/json;charset=UTF-8" to [User(id=null, mobile=17605603455, userName=null, password=123456, province=null, city=null, area=nul (truncated)...]
2022-06-26 14:53:18.290 DEBUG 14632 --- [http-nio-8081-exec-4] m.m.a.RequestResponseBodyMethodProcessor : Using 'application/json', given [application/json, text/plain, */*] and supported [application/json, application/*+json, application/json, application/*+json]
2022-06-26 14:53:18.290 DEBUG 14632 --- [http-nio-8081-exec-4] m.m.a.RequestResponseBodyMethodProcessor : Writing [com.student.userService.Utils.ApiResult@109b8a38]
2022-06-26 14:53:18.291 DEBUG 14632 --- [http-nio-8081-exec-4] o.s.web.servlet.DispatcherServlet        : Completed 200 OK
2022-06-26 14:53:37.522 DEBUG 14632 --- [http-nio-8081-exec-5] o.s.web.servlet.DispatcherServlet        : POST "/user/login", parameters={}
2022-06-26 14:53:37.522 DEBUG 14632 --- [http-nio-8081-exec-5] s.w.s.m.m.a.RequestMappingHandlerMapping : Mapped to com.student.userService.Controller.UserController#login(User)
2022-06-26 14:53:37.523 DEBUG 14632 --- [http-nio-8081-exec-5] m.m.a.RequestResponseBodyMethodProcessor : Read "application/json;charset=UTF-8" to [User(id=null, mobile=17605603455, userName=null, password=123456, province=null, city=null, area=nul (truncated)...]
2022-06-26 14:53:37.529 DEBUG 14632 --- [http-nio-8081-exec-5] m.m.a.RequestResponseBodyMethodProcessor : Using 'application/json', given [application/json, text/plain, */*] and supported [application/json, application/*+json, application/json, application/*+json]
2022-06-26 14:53:37.529 DEBUG 14632 --- [http-nio-8081-exec-5] m.m.a.RequestResponseBodyMethodProcessor : Writing [com.student.userService.Utils.ApiResult@2e01ef20]
2022-06-26 14:53:37.530 DEBUG 14632 --- [http-nio-8081-exec-5] o.s.web.servlet.DispatcherServlet        : Completed 200 OK
2022-06-26 14:59:55.460 DEBUG 14632 --- [http-nio-8081-exec-6] o.s.web.servlet.DispatcherServlet        : POST "/user/login", parameters={}
2022-06-26 14:59:55.461 DEBUG 14632 --- [http-nio-8081-exec-6] s.w.s.m.m.a.RequestMappingHandlerMapping : Mapped to com.student.userService.Controller.UserController#login(User)
2022-06-26 14:59:55.461 DEBUG 14632 --- [http-nio-8081-exec-6] m.m.a.RequestResponseBodyMethodProcessor : Read "application/json;charset=UTF-8" to [User(id=null, mobile=17605603455, userName=null, password=123456, province=null, city=null, area=nul (truncated)...]
2022-06-26 14:59:55.525 DEBUG 14632 --- [http-nio-8081-exec-6] m.m.a.RequestResponseBodyMethodProcessor : Using 'application/json', given [application/json, text/plain, */*] and supported [application/json, application/*+json, application/json, application/*+json]
2022-06-26 14:59:55.526 DEBUG 14632 --- [http-nio-8081-exec-6] m.m.a.RequestResponseBodyMethodProcessor : Writing [com.student.userService.Utils.ApiResult@5d0a0824]
2022-06-26 14:59:55.528 DEBUG 14632 --- [http-nio-8081-exec-6] o.s.web.servlet.DispatcherServlet        : Completed 200 OK
2022-06-26 15:00:28.314 DEBUG 14632 --- [http-nio-8081-exec-7] o.s.web.servlet.DispatcherServlet        : POST "/user/login", parameters={}
2022-06-26 15:00:28.315 DEBUG 14632 --- [http-nio-8081-exec-7] s.w.s.m.m.a.RequestMappingHandlerMapping : Mapped to com.student.userService.Controller.UserController#login(User)
2022-06-26 15:00:28.315 DEBUG 14632 --- [http-nio-8081-exec-7] m.m.a.RequestResponseBodyMethodProcessor : Read "application/json;charset=UTF-8" to [User(id=null, mobile=17605603455, userName=null, password=123456, province=null, city=null, area=nul (truncated)...]
2022-06-26 15:00:28.321 DEBUG 14632 --- [http-nio-8081-exec-7] m.m.a.RequestResponseBodyMethodProcessor : Using 'application/json', given [application/json, text/plain, */*] and supported [application/json, application/*+json, application/json, application/*+json]
2022-06-26 15:00:28.322 DEBUG 14632 --- [http-nio-8081-exec-7] m.m.a.RequestResponseBodyMethodProcessor : Writing [com.student.userService.Utils.ApiResult@5d863f64]
2022-06-26 15:00:28.322 DEBUG 14632 --- [http-nio-8081-exec-7] o.s.web.servlet.DispatcherServlet        : Completed 200 OK
2022-06-26 15:02:39.699 DEBUG 14632 --- [http-nio-8081-exec-8] o.s.web.servlet.DispatcherServlet        : POST "/user/login", parameters={}
2022-06-26 15:02:39.700 DEBUG 14632 --- [http-nio-8081-exec-8] s.w.s.m.m.a.RequestMappingHandlerMapping : Mapped to com.student.userService.Controller.UserController#login(User)
2022-06-26 15:02:39.702 DEBUG 14632 --- [http-nio-8081-exec-8] m.m.a.RequestResponseBodyMethodProcessor : Read "application/json;charset=UTF-8" to [User(id=null, mobile=17605603455, userName=null, password=123456, province=null, city=null, area=nul (truncated)...]
2022-06-26 15:02:39.708 DEBUG 14632 --- [http-nio-8081-exec-8] m.m.a.RequestResponseBodyMethodProcessor : Using 'application/json', given [application/json, text/plain, */*] and supported [application/json, application/*+json, application/json, application/*+json]
2022-06-26 15:02:39.709 DEBUG 14632 --- [http-nio-8081-exec-8] m.m.a.RequestResponseBodyMethodProcessor : Writing [com.student.userService.Utils.ApiResult@6fb4d3d]
2022-06-26 15:02:39.709 DEBUG 14632 --- [http-nio-8081-exec-8] o.s.web.servlet.DispatcherServlet        : Completed 200 OK
2022-06-26 15:02:39.895 DEBUG 14632 --- [http-nio-8081-exec-9] o.s.web.servlet.DispatcherServlet        : GET "/user/verification", parameters={}
2022-06-26 15:02:39.895 DEBUG 14632 --- [http-nio-8081-exec-9] s.w.s.m.m.a.RequestMappingHandlerMapping : Mapped to com.student.userService.Controller.UserController#verification()
2022-06-26 15:02:39.896 DEBUG 14632 --- [http-nio-8081-exec-9] m.m.a.RequestResponseBodyMethodProcessor : Using 'application/json', given [application/json, text/plain, */*] and supported [application/json, application/*+json, application/json, application/*+json]
2022-06-26 15:02:39.896 DEBUG 14632 --- [http-nio-8081-exec-9] m.m.a.RequestResponseBodyMethodProcessor : Writing [com.student.userService.Utils.ApiResult@13367ea3]
2022-06-26 15:02:39.897 DEBUG 14632 --- [http-nio-8081-exec-9] o.s.web.servlet.DispatcherServlet        : Completed 200 OK
2022-06-26 15:02:45.339 DEBUG 14632 --- [http-nio-8081-exec-10] o.s.web.servlet.DispatcherServlet        : GET "/user/verification", parameters={}
2022-06-26 15:02:45.339 DEBUG 14632 --- [http-nio-8081-exec-10] s.w.s.m.m.a.RequestMappingHandlerMapping : Mapped to com.student.userService.Controller.UserController#verification()
2022-06-26 15:02:45.340 DEBUG 14632 --- [http-nio-8081-exec-10] m.m.a.RequestResponseBodyMethodProcessor : Using 'application/json', given [application/json, text/plain, */*] and supported [application/json, application/*+json, application/json, application/*+json]
2022-06-26 15:02:45.340 DEBUG 14632 --- [http-nio-8081-exec-10] m.m.a.RequestResponseBodyMethodProcessor : Writing [com.student.userService.Utils.ApiResult@2d235ac3]
2022-06-26 15:02:45.341 DEBUG 14632 --- [http-nio-8081-exec-10] o.s.web.servlet.DispatcherServlet        : Completed 200 OK
2022-06-26 15:05:38.588 DEBUG 14632 --- [http-nio-8081-exec-1] o.s.web.servlet.DispatcherServlet        : GET "/user/verification", parameters={}
2022-06-26 15:05:38.589 DEBUG 14632 --- [http-nio-8081-exec-1] s.w.s.m.m.a.RequestMappingHandlerMapping : Mapped to com.student.userService.Controller.UserController#verification()
2022-06-26 15:05:38.591 DEBUG 14632 --- [http-nio-8081-exec-1] m.m.a.RequestResponseBodyMethodProcessor : Using 'application/json', given [application/json, text/plain, */*] and supported [application/json, application/*+json, application/json, application/*+json]
2022-06-26 15:05:38.591 DEBUG 14632 --- [http-nio-8081-exec-1] m.m.a.RequestResponseBodyMethodProcessor : Writing [com.student.userService.Utils.ApiResult@6e8ef9d4]
2022-06-26 15:05:38.597 DEBUG 14632 --- [http-nio-8081-exec-1] o.s.web.servlet.DispatcherServlet        : Completed 200 OK
2022-06-26 15:16:08.258 DEBUG 14632 --- [http-nio-8081-exec-3] o.s.web.servlet.DispatcherServlet        : GET "/user/verification", parameters={}
2022-06-26 15:16:08.259 DEBUG 14632 --- [http-nio-8081-exec-3] s.w.s.m.m.a.RequestMappingHandlerMapping : Mapped to com.student.userService.Controller.UserController#verification()
2022-06-26 15:16:08.259 DEBUG 14632 --- [http-nio-8081-exec-3] m.m.a.RequestResponseBodyMethodProcessor : Using 'application/json', given [application/json, text/plain, */*] and supported [application/json, application/*+json, application/json, application/*+json]
2022-06-26 15:16:08.260 DEBUG 14632 --- [http-nio-8081-exec-3] m.m.a.RequestResponseBodyMethodProcessor : Writing [com.student.userService.Utils.ApiResult@301a4852]
2022-06-26 15:16:08.291 DEBUG 14632 --- [http-nio-8081-exec-3] o.s.web.servlet.DispatcherServlet        : Completed 200 OK
2022-06-26 15:20:17.267 DEBUG 14632 --- [http-nio-8081-exec-2] o.s.web.servlet.DispatcherServlet        : GET "/user/verification", parameters={}
2022-06-26 15:20:17.273 DEBUG 14632 --- [http-nio-8081-exec-2] s.w.s.m.m.a.RequestMappingHandlerMapping : Mapped to com.student.userService.Controller.UserController#verification()
2022-06-26 15:20:17.274 DEBUG 14632 --- [http-nio-8081-exec-2] m.m.a.RequestResponseBodyMethodProcessor : Using 'application/json', given [application/json, text/plain, */*] and supported [application/json, application/*+json, application/json, application/*+json]
2022-06-26 15:20:17.274 DEBUG 14632 --- [http-nio-8081-exec-2] m.m.a.RequestResponseBodyMethodProcessor : Writing [com.student.userService.Utils.ApiResult@4acc7c6f]
2022-06-26 15:20:17.279 DEBUG 14632 --- [http-nio-8081-exec-2] o.s.web.servlet.DispatcherServlet        : Completed 200 OK
2022-06-26 15:24:25.089 DEBUG 14632 --- [http-nio-8081-exec-4] o.s.web.servlet.DispatcherServlet        : GET "/user/verification", parameters={}
2022-06-26 15:24:25.104 DEBUG 14632 --- [http-nio-8081-exec-4] s.w.s.m.m.a.RequestMappingHandlerMapping : Mapped to com.student.userService.Controller.UserController#verification()
2022-06-26 15:24:25.105 DEBUG 14632 --- [http-nio-8081-exec-4] m.m.a.RequestResponseBodyMethodProcessor : Using 'application/json', given [application/json, text/plain, */*] and supported [application/json, application/*+json, application/json, application/*+json]
2022-06-26 15:24:25.105 DEBUG 14632 --- [http-nio-8081-exec-4] m.m.a.RequestResponseBodyMethodProcessor : Writing [com.student.userService.Utils.ApiResult@644e604a]
2022-06-26 15:24:25.108 DEBUG 14632 --- [http-nio-8081-exec-4] o.s.web.servlet.DispatcherServlet        : Completed 200 OK
2022-06-26 15:25:45.919 DEBUG 14632 --- [http-nio-8081-exec-5] o.s.web.servlet.DispatcherServlet        : GET "/user/verification", parameters={}
2022-06-26 15:25:45.920 DEBUG 14632 --- [http-nio-8081-exec-5] s.w.s.m.m.a.RequestMappingHandlerMapping : Mapped to com.student.userService.Controller.UserController#verification()
2022-06-26 15:25:45.920 DEBUG 14632 --- [http-nio-8081-exec-5] m.m.a.RequestResponseBodyMethodProcessor : Using 'application/json', given [application/json, text/plain, */*] and supported [application/json, application/*+json, application/json, application/*+json]
2022-06-26 15:25:45.921 DEBUG 14632 --- [http-nio-8081-exec-5] m.m.a.RequestResponseBodyMethodProcessor : Writing [com.student.userService.Utils.ApiResult@4e4f4d58]
2022-06-26 15:25:45.947 DEBUG 14632 --- [http-nio-8081-exec-5] o.s.web.servlet.DispatcherServlet        : Completed 200 OK
2022-06-26 15:41:23.022 DEBUG 14632 --- [http-nio-8081-exec-6] o.s.web.servlet.DispatcherServlet        : GET "/user/verification", parameters={}
2022-06-26 15:41:23.022 DEBUG 14632 --- [http-nio-8081-exec-6] s.w.s.m.m.a.RequestMappingHandlerMapping : Mapped to com.student.userService.Controller.UserController#verification()
2022-06-26 15:41:23.078 DEBUG 14632 --- [http-nio-8081-exec-6] m.m.a.RequestResponseBodyMethodProcessor : Using 'application/json', given [application/json, text/plain, */*] and supported [application/json, application/*+json, application/json, application/*+json]
2022-06-26 15:41:23.078 DEBUG 14632 --- [http-nio-8081-exec-6] m.m.a.RequestResponseBodyMethodProcessor : Writing [com.student.userService.Utils.ApiResult@28ab58f3]
2022-06-26 15:41:23.083 DEBUG 14632 --- [http-nio-8081-exec-6] o.s.web.servlet.DispatcherServlet        : Completed 200 OK
2022-06-26 15:46:10.771 DEBUG 14632 --- [http-nio-8081-exec-7] o.s.web.servlet.DispatcherServlet        : GET "/user/verification", parameters={}
2022-06-26 15:46:10.771 DEBUG 14632 --- [http-nio-8081-exec-7] s.w.s.m.m.a.RequestMappingHandlerMapping : Mapped to com.student.userService.Controller.UserController#verification()
2022-06-26 15:46:10.772 DEBUG 14632 --- [http-nio-8081-exec-7] m.m.a.RequestResponseBodyMethodProcessor : Using 'application/json', given [application/json, text/plain, */*] and supported [application/json, application/*+json, application/json, application/*+json]
2022-06-26 15:46:10.773 DEBUG 14632 --- [http-nio-8081-exec-7] m.m.a.RequestResponseBodyMethodProcessor : Writing [com.student.userService.Utils.ApiResult@10c34f1d]
2022-06-26 15:46:10.923 DEBUG 14632 --- [http-nio-8081-exec-7] o.s.web.servlet.DispatcherServlet        : Completed 200 OK
2022-06-26 15:48:20.562 DEBUG 14632 --- [http-nio-8081-exec-8] o.s.web.servlet.DispatcherServlet        : GET "/user/verification", parameters={}
2022-06-26 15:48:20.563 DEBUG 14632 --- [http-nio-8081-exec-8] s.w.s.m.m.a.RequestMappingHandlerMapping : Mapped to com.student.userService.Controller.UserController#verification()
2022-06-26 15:48:20.564 DEBUG 14632 --- [http-nio-8081-exec-8] m.m.a.RequestResponseBodyMethodProcessor : Using 'application/json', given [application/json, text/plain, */*] and supported [application/json, application/*+json, application/json, application/*+json]
2022-06-26 15:48:20.564 DEBUG 14632 --- [http-nio-8081-exec-8] m.m.a.RequestResponseBodyMethodProcessor : Writing [com.student.userService.Utils.ApiResult@7fa747b0]
2022-06-26 15:48:20.587 DEBUG 14632 --- [http-nio-8081-exec-8] o.s.web.servlet.DispatcherServlet        : Completed 200 OK
