2023-01-10 14:37:46.093 [http-nio-8081-exec-3] INFO  com.student.userService.Filter.GlobleFilter - 过滤器执行了
2023-01-10 14:37:46.096 [http-nio-8081-exec-3] DEBUG org.springframework.web.servlet.DispatcherServlet - GET "/subject/getSubjectList?page=1&pageSize=10&subjectName=", parameters={masked}
2023-01-10 14:37:46.097 [http-nio-8081-exec-3] DEBUG o.s.w.s.m.m.a.RequestMappingHandlerMapping - Mapped to com.student.userService.Controller.Subject.SubjectController#getSubjectList(int, int, String)
2023-01-10 14:37:46.100 [http-nio-8081-exec-3] DEBUG c.s.u.Mapper.SubjectMapper.getSubjectList_COUNT - ==>  Preparing: SELECT count(0) FROM subject WHERE 1 = 1
2023-01-10 14:37:46.100 [http-nio-8081-exec-3] DEBUG c.s.u.Mapper.SubjectMapper.getSubjectList_COUNT - ==> Parameters: 
2023-01-10 14:37:46.103 [http-nio-8081-exec-3] DEBUG c.s.u.Mapper.SubjectMapper.getSubjectList_COUNT - <==      Total: 1
2023-01-10 14:37:46.104 [http-nio-8081-exec-3] DEBUG c.s.u.Mapper.SubjectMapper.getSubjectList - ==>  Preparing: select * from subject where 1=1 LIMIT ?
2023-01-10 14:37:46.104 [http-nio-8081-exec-3] DEBUG c.s.u.Mapper.SubjectMapper.getSubjectList - ==> Parameters: 10(Integer)
2023-01-10 14:37:46.106 [http-nio-8081-exec-3] DEBUG c.s.u.Mapper.SubjectMapper.getSubjectList - <==      Total: 9
2023-01-10 14:37:46.106 [http-nio-8081-exec-3] DEBUG o.s.w.s.m.m.a.RequestResponseBodyMethodProcessor - Using 'application/json', given [application/json, text/plain, */*] and supported [application/json, application/*+json, application/json, application/*+json]
2023-01-10 14:37:46.106 [http-nio-8081-exec-3] DEBUG o.s.w.s.m.m.a.RequestResponseBodyMethodProcessor - Writing [com.student.userService.Utils.ApiResult@7ca86542]
2023-01-10 14:37:46.107 [http-nio-8081-exec-3] DEBUG org.springframework.web.servlet.DispatcherServlet - Completed 200 OK
2023-01-10 14:39:04.165 [main] INFO  com.student.userService.UserApplication - Starting UserApplication on DESKTOP-DQS4SD0 with PID 716 (D:\Projects\StudentProject\student_Backend\student_userService\student-userService\target\classes started by liuziyu in D:\Projects\StudentProject\student_Backend\student_userService\student-userService)
2023-01-10 14:39:04.168 [main] INFO  com.student.userService.UserApplication - No active profile set, falling back to default profiles: default
2023-01-10 14:39:04.262 [background-preinit] WARN  o.s.h.converter.json.Jackson2ObjectMapperBuilder - For Jackson Kotlin classes support please add "com.fasterxml.jackson.module:jackson-module-kotlin" to the classpath
2023-01-10 14:39:04.906 [main] DEBUG c.b.m.autoconfigure.MybatisPlusAutoConfiguration - Searching for mappers annotated with @Mapper
2023-01-10 14:39:04.906 [main] DEBUG c.b.m.autoconfigure.MybatisPlusAutoConfiguration - Using auto-configuration base package 'com.student.userService.Config'
2023-01-10 14:39:04.907 [main] DEBUG c.b.m.autoconfigure.MybatisPlusAutoConfiguration - Using auto-configuration base package 'com.student.userService'
2023-01-10 14:39:04.962 [main] INFO  o.s.d.r.config.RepositoryConfigurationDelegate - Multiple Spring Data modules found, entering strict repository configuration mode!
2023-01-10 14:39:04.964 [main] INFO  o.s.d.r.config.RepositoryConfigurationDelegate - Bootstrapping Spring Data Redis repositories in DEFAULT mode.
2023-01-10 14:39:04.990 [main] INFO  o.s.d.r.config.RepositoryConfigurationDelegate - Finished Spring Data repository scanning in 15ms. Found 0 Redis repository interfaces.
2023-01-10 14:39:05.140 [main] INFO  o.s.c.s.PostProcessorRegistrationDelegate$BeanPostProcessorChecker - Bean 'redisConfig' of type [com.student.userService.Config.RedisConfig$$EnhancerBySpringCGLIB$$f3e67f0a] is not eligible for getting processed by all BeanPostProcessors (for example: not eligible for auto-proxying)
2023-01-10 14:39:05.332 [main] INFO  o.s.boot.web.embedded.tomcat.TomcatWebServer - Tomcat initialized with port(s): 8081 (http)
2023-01-10 14:39:05.336 [main] INFO  org.apache.coyote.http11.Http11NioProtocol - Initializing ProtocolHandler ["http-nio-8081"]
2023-01-10 14:39:05.337 [main] INFO  org.apache.catalina.core.StandardService - Starting service [Tomcat]
2023-01-10 14:39:05.337 [main] INFO  org.apache.catalina.core.StandardEngine - Starting Servlet engine: [Apache Tomcat/9.0.41]
2023-01-10 14:39:05.418 [main] INFO  o.a.c.core.ContainerBase.[Tomcat].[localhost].[/] - Initializing Spring embedded WebApplicationContext
2023-01-10 14:39:05.418 [main] INFO  o.s.b.w.s.c.ServletWebServerApplicationContext - Root WebApplicationContext: initialization completed in 1176 ms
2023-01-10 14:39:05.452 [main] INFO  com.student.userService.Filter.GlobleFilter - 过滤器执行了........
2023-01-10 14:39:05.874 [main] DEBUG c.b.m.e.spring.MybatisSqlSessionFactoryBean - Parsed mapper file: 'file [D:\Projects\StudentProject\student_Backend\student_userService\student-userService\target\classes\mapper\ClassMapper.xml]'
2023-01-10 14:39:05.898 [main] DEBUG c.b.m.e.spring.MybatisSqlSessionFactoryBean - Parsed mapper file: 'file [D:\Projects\StudentProject\student_Backend\student_userService\student-userService\target\classes\mapper\CourseMapper.xml]'
2023-01-10 14:39:05.919 [main] DEBUG c.b.m.e.spring.MybatisSqlSessionFactoryBean - Parsed mapper file: 'file [D:\Projects\StudentProject\student_Backend\student_userService\student-userService\target\classes\mapper\FileMapper.xml]'
2023-01-10 14:39:05.937 [main] DEBUG c.b.m.e.spring.MybatisSqlSessionFactoryBean - Parsed mapper file: 'file [D:\Projects\StudentProject\student_Backend\student_userService\student-userService\target\classes\mapper\GradeMapper.xml]'
2023-01-10 14:39:05.954 [main] DEBUG c.b.m.e.spring.MybatisSqlSessionFactoryBean - Parsed mapper file: 'file [D:\Projects\StudentProject\student_Backend\student_userService\student-userService\target\classes\mapper\SubjectMapper.xml]'
2023-01-10 14:39:05.974 [main] DEBUG c.b.m.e.spring.MybatisSqlSessionFactoryBean - Parsed mapper file: 'file [D:\Projects\StudentProject\student_Backend\student_userService\student-userService\target\classes\mapper\TsMapper.xml]'
2023-01-10 14:39:05.990 [main] DEBUG c.b.m.e.spring.MybatisSqlSessionFactoryBean - Parsed mapper file: 'file [D:\Projects\StudentProject\student_Backend\student_userService\student-userService\target\classes\mapper\UserMapper.xml]'
2023-01-10 14:39:06.772 [main] INFO  o.s.scheduling.concurrent.ThreadPoolTaskExecutor - Initializing ExecutorService 'applicationTaskExecutor'
2023-01-10 14:39:06.778 [main] DEBUG o.s.w.s.m.m.a.RequestMappingHandlerAdapter - ControllerAdvice beans: 0 @ModelAttribute, 0 @InitBinder, 1 RequestBodyAdvice, 1 ResponseBodyAdvice
2023-01-10 14:39:06.816 [main] DEBUG o.s.w.s.m.m.a.RequestMappingHandlerMapping - 32 mappings in 'requestMappingHandlerMapping'
2023-01-10 14:39:06.824 [main] DEBUG o.s.web.servlet.handler.SimpleUrlHandlerMapping - Patterns [/webjars/**, /**] in 'resourceHandlerMapping'
2023-01-10 14:39:06.839 [main] DEBUG o.s.w.s.m.m.a.ExceptionHandlerExceptionResolver - ControllerAdvice beans: 0 @ExceptionHandler, 1 ResponseBodyAdvice
2023-01-10 14:39:06.850 [main] DEBUG c.b.m.autoconfigure.MybatisPlusAutoConfiguration - Not found configuration for registering mapper bean using @MapperScan, MapperFactoryBean and MapperScannerConfigurer.
2023-01-10 14:39:07.000 [main] INFO  org.apache.coyote.http11.Http11NioProtocol - Starting ProtocolHandler ["http-nio-8081"]
2023-01-10 14:39:07.017 [main] INFO  o.s.boot.web.embedded.tomcat.TomcatWebServer - Tomcat started on port(s): 8081 (http) with context path ''
2023-01-10 14:39:07.025 [main] INFO  com.student.userService.UserApplication - Started UserApplication in 3.414 seconds (JVM running for 4.541)
2023-01-10 14:39:25.912 [main] INFO  com.student.userService.UserApplication - Starting UserApplication on DESKTOP-DQS4SD0 with PID 11716 (D:\Projects\StudentProject\student_Backend\student_userService\student-userService\target\classes started by liuziyu in D:\Projects\StudentProject\student_Backend\student_userService\student-userService)
2023-01-10 14:39:25.915 [main] INFO  com.student.userService.UserApplication - No active profile set, falling back to default profiles: default
2023-01-10 14:39:26.053 [background-preinit] WARN  o.s.h.converter.json.Jackson2ObjectMapperBuilder - For Jackson Kotlin classes support please add "com.fasterxml.jackson.module:jackson-module-kotlin" to the classpath
2023-01-10 14:39:26.719 [main] DEBUG c.b.m.autoconfigure.MybatisPlusAutoConfiguration - Searching for mappers annotated with @Mapper
2023-01-10 14:39:26.719 [main] DEBUG c.b.m.autoconfigure.MybatisPlusAutoConfiguration - Using auto-configuration base package 'com.student.userService.Config'
2023-01-10 14:39:26.720 [main] DEBUG c.b.m.autoconfigure.MybatisPlusAutoConfiguration - Using auto-configuration base package 'com.student.userService'
2023-01-10 14:39:26.797 [main] INFO  o.s.d.r.config.RepositoryConfigurationDelegate - Multiple Spring Data modules found, entering strict repository configuration mode!
2023-01-10 14:39:26.799 [main] INFO  o.s.d.r.config.RepositoryConfigurationDelegate - Bootstrapping Spring Data Redis repositories in DEFAULT mode.
2023-01-10 14:39:26.823 [main] INFO  o.s.d.r.config.RepositoryConfigurationDelegate - Finished Spring Data repository scanning in 13ms. Found 0 Redis repository interfaces.
2023-01-10 14:39:27.068 [main] INFO  o.s.c.s.PostProcessorRegistrationDelegate$BeanPostProcessorChecker - Bean 'redisConfig' of type [com.student.userService.Config.RedisConfig$$EnhancerBySpringCGLIB$$57c99151] is not eligible for getting processed by all BeanPostProcessors (for example: not eligible for auto-proxying)
2023-01-10 14:39:27.315 [main] INFO  o.s.boot.web.embedded.tomcat.TomcatWebServer - Tomcat initialized with port(s): 8081 (http)
2023-01-10 14:39:27.322 [main] INFO  org.apache.coyote.http11.Http11NioProtocol - Initializing ProtocolHandler ["http-nio-8081"]
2023-01-10 14:39:27.323 [main] INFO  org.apache.catalina.core.StandardService - Starting service [Tomcat]
2023-01-10 14:39:27.323 [main] INFO  org.apache.catalina.core.StandardEngine - Starting Servlet engine: [Apache Tomcat/9.0.41]
2023-01-10 14:39:27.390 [main] INFO  o.a.c.core.ContainerBase.[Tomcat].[localhost].[/] - Initializing Spring embedded WebApplicationContext
2023-01-10 14:39:27.390 [main] INFO  o.s.b.w.s.c.ServletWebServerApplicationContext - Root WebApplicationContext: initialization completed in 1408 ms
2023-01-10 14:39:27.417 [main] INFO  com.student.userService.Filter.GlobleFilter - 过滤器执行了........
2023-01-10 14:39:27.897 [main] DEBUG c.b.m.e.spring.MybatisSqlSessionFactoryBean - Parsed mapper file: 'file [D:\Projects\StudentProject\student_Backend\student_userService\student-userService\target\classes\mapper\ClassMapper.xml]'
2023-01-10 14:39:27.930 [main] DEBUG c.b.m.e.spring.MybatisSqlSessionFactoryBean - Parsed mapper file: 'file [D:\Projects\StudentProject\student_Backend\student_userService\student-userService\target\classes\mapper\CourseMapper.xml]'
2023-01-10 14:39:27.955 [main] DEBUG c.b.m.e.spring.MybatisSqlSessionFactoryBean - Parsed mapper file: 'file [D:\Projects\StudentProject\student_Backend\student_userService\student-userService\target\classes\mapper\FileMapper.xml]'
2023-01-10 14:39:27.980 [main] DEBUG c.b.m.e.spring.MybatisSqlSessionFactoryBean - Parsed mapper file: 'file [D:\Projects\StudentProject\student_Backend\student_userService\student-userService\target\classes\mapper\GradeMapper.xml]'
2023-01-10 14:39:28.000 [main] DEBUG c.b.m.e.spring.MybatisSqlSessionFactoryBean - Parsed mapper file: 'file [D:\Projects\StudentProject\student_Backend\student_userService\student-userService\target\classes\mapper\SubjectMapper.xml]'
2023-01-10 14:39:28.024 [main] DEBUG c.b.m.e.spring.MybatisSqlSessionFactoryBean - Parsed mapper file: 'file [D:\Projects\StudentProject\student_Backend\student_userService\student-userService\target\classes\mapper\TsMapper.xml]'
2023-01-10 14:39:28.042 [main] DEBUG c.b.m.e.spring.MybatisSqlSessionFactoryBean - Parsed mapper file: 'file [D:\Projects\StudentProject\student_Backend\student_userService\student-userService\target\classes\mapper\UserMapper.xml]'
2023-01-10 14:39:28.825 [main] INFO  o.s.scheduling.concurrent.ThreadPoolTaskExecutor - Initializing ExecutorService 'applicationTaskExecutor'
2023-01-10 14:39:28.832 [main] DEBUG o.s.w.s.m.m.a.RequestMappingHandlerAdapter - ControllerAdvice beans: 0 @ModelAttribute, 0 @InitBinder, 1 RequestBodyAdvice, 1 ResponseBodyAdvice
2023-01-10 14:39:28.870 [main] DEBUG o.s.w.s.m.m.a.RequestMappingHandlerMapping - 32 mappings in 'requestMappingHandlerMapping'
2023-01-10 14:39:28.878 [main] DEBUG o.s.web.servlet.handler.SimpleUrlHandlerMapping - Patterns [/webjars/**, /**] in 'resourceHandlerMapping'
2023-01-10 14:39:28.894 [main] DEBUG o.s.w.s.m.m.a.ExceptionHandlerExceptionResolver - ControllerAdvice beans: 0 @ExceptionHandler, 1 ResponseBodyAdvice
2023-01-10 14:39:28.904 [main] DEBUG c.b.m.autoconfigure.MybatisPlusAutoConfiguration - Not found configuration for registering mapper bean using @MapperScan, MapperFactoryBean and MapperScannerConfigurer.
2023-01-10 14:39:29.052 [main] INFO  org.apache.coyote.http11.Http11NioProtocol - Starting ProtocolHandler ["http-nio-8081"]
2023-01-10 14:39:29.065 [main] INFO  o.s.boot.web.embedded.tomcat.TomcatWebServer - Tomcat started on port(s): 8081 (http) with context path ''
2023-01-10 14:39:29.072 [main] INFO  com.student.userService.UserApplication - Started UserApplication in 3.794 seconds (JVM running for 5.004)
2023-01-10 14:39:39.811 [http-nio-8081-exec-1] INFO  o.a.c.core.ContainerBase.[Tomcat].[localhost].[/] - Initializing Spring DispatcherServlet 'dispatcherServlet'
2023-01-10 14:39:39.811 [http-nio-8081-exec-1] INFO  org.springframework.web.servlet.DispatcherServlet - Initializing Servlet 'dispatcherServlet'
2023-01-10 14:39:39.812 [http-nio-8081-exec-1] DEBUG org.springframework.web.servlet.DispatcherServlet - Detected StandardServletMultipartResolver
2023-01-10 14:39:39.815 [http-nio-8081-exec-1] DEBUG org.springframework.web.servlet.DispatcherServlet - enableLoggingRequestDetails='false': request parameters and headers will be masked to prevent unsafe logging of potentially sensitive data
2023-01-10 14:39:39.816 [http-nio-8081-exec-1] INFO  org.springframework.web.servlet.DispatcherServlet - Completed initialization in 5 ms
2023-01-10 14:39:39.820 [http-nio-8081-exec-1] INFO  com.student.userService.Filter.GlobleFilter - 过滤器执行了
2023-01-10 14:39:39.820 [http-nio-8081-exec-2] INFO  com.student.userService.Filter.GlobleFilter - 过滤器执行了
2023-01-10 14:39:40.605 [http-nio-8081-exec-1] DEBUG org.springframework.web.servlet.DispatcherServlet - GET "/grade/selectGrade?gradeName=&gradeDirectorId=&page=1&pageSize=10", parameters={masked}
2023-01-10 14:39:40.605 [http-nio-8081-exec-2] DEBUG org.springframework.web.servlet.DispatcherServlet - GET "/ts/getTeacherInfo", parameters={}
2023-01-10 14:39:40.607 [http-nio-8081-exec-2] DEBUG o.s.w.s.m.m.a.RequestMappingHandlerMapping - Mapped to com.student.userService.Controller.Ts.TsController#getTeacherInfo()
2023-01-10 14:39:40.607 [http-nio-8081-exec-1] DEBUG o.s.w.s.m.m.a.RequestMappingHandlerMapping - Mapped to com.student.userService.Controller.Grade.GradeController#selectGrade(String, String, int, int)
2023-01-10 14:39:41.100 [http-nio-8081-exec-1] INFO  com.zaxxer.hikari.HikariDataSource - HikariPool-1 - Starting...
2023-01-10 14:39:41.237 [http-nio-8081-exec-1] INFO  com.zaxxer.hikari.HikariDataSource - HikariPool-1 - Start completed.
2023-01-10 14:39:41.248 [http-nio-8081-exec-2] DEBUG com.student.userService.Mapper.TsMapper.selectList - ==>  Preparing: SELECT id,mobile,user_name,password,province_name,city_name,area_name,age,sex,identity,user_no,birthday,create_time,create_by,modify_by,modify_time,is_head FROM user WHERE (identity = ? AND is_head = ?)
2023-01-10 14:39:41.267 [http-nio-8081-exec-1] DEBUG c.s.u.Mapper.GradeMapper.selectGrade_COUNT - ==>  Preparing: SELECT count(0) FROM Grade WHERE 1 = 1
2023-01-10 14:39:41.269 [http-nio-8081-exec-1] DEBUG c.s.u.Mapper.GradeMapper.selectGrade_COUNT - ==> Parameters: 
2023-01-10 14:39:41.270 [http-nio-8081-exec-2] DEBUG com.student.userService.Mapper.TsMapper.selectList - ==> Parameters: 0(Integer), 0(Integer)
2023-01-10 14:39:41.349 [http-nio-8081-exec-1] DEBUG c.s.u.Mapper.GradeMapper.selectGrade_COUNT - <==      Total: 1
2023-01-10 14:39:41.352 [http-nio-8081-exec-1] DEBUG c.s.userService.Mapper.GradeMapper.selectGrade - ==>  Preparing: select id,grade_name,create_time,create_by,grade_director_id from Grade where 1=1 order by grade_name asc LIMIT ?
2023-01-10 14:39:41.352 [http-nio-8081-exec-1] DEBUG c.s.userService.Mapper.GradeMapper.selectGrade - ==> Parameters: 10(Integer)
2023-01-10 14:39:41.353 [http-nio-8081-exec-2] DEBUG com.student.userService.Mapper.TsMapper.selectList - <==      Total: 2
2023-01-10 14:39:41.354 [http-nio-8081-exec-1] DEBUG c.s.userService.Mapper.GradeMapper.selectGrade - <==      Total: 4
2023-01-10 14:39:41.356 [http-nio-8081-exec-1] DEBUG c.s.userService.Mapper.UserMapper.getUserName - ==>  Preparing: select user_name from user where id =?
2023-01-10 14:39:41.356 [http-nio-8081-exec-1] DEBUG c.s.userService.Mapper.UserMapper.getUserName - ==> Parameters: 6348c9ff1c0ea24fd729aa34(String)
2023-01-10 14:39:41.358 [http-nio-8081-exec-1] DEBUG c.s.userService.Mapper.UserMapper.getUserName - <==      Total: 1
2023-01-10 14:39:41.358 [http-nio-8081-exec-1] DEBUG c.s.userService.Mapper.UserMapper.getUserName - ==>  Preparing: select user_name from user where id =?
2023-01-10 14:39:41.358 [http-nio-8081-exec-1] DEBUG c.s.userService.Mapper.UserMapper.getUserName - ==> Parameters: 6348bf111c0ea24fd729aa31(String)
2023-01-10 14:39:41.359 [http-nio-8081-exec-1] DEBUG c.s.userService.Mapper.UserMapper.getUserName - <==      Total: 1
2023-01-10 14:39:41.360 [http-nio-8081-exec-1] DEBUG c.s.userService.Mapper.UserMapper.getUserName - ==>  Preparing: select user_name from user where id =?
2023-01-10 14:39:41.360 [http-nio-8081-exec-1] DEBUG c.s.userService.Mapper.UserMapper.getUserName - ==> Parameters: 6348c9ff1c0ea24fd729aa34(String)
2023-01-10 14:39:41.362 [http-nio-8081-exec-1] DEBUG c.s.userService.Mapper.UserMapper.getUserName - <==      Total: 1
2023-01-10 14:39:41.363 [http-nio-8081-exec-1] DEBUG c.s.userService.Mapper.UserMapper.getUserName - ==>  Preparing: select user_name from user where id =?
2023-01-10 14:39:41.364 [http-nio-8081-exec-1] DEBUG c.s.userService.Mapper.UserMapper.getUserName - ==> Parameters: 6348bf111c0ea24fd729aa31(String)
2023-01-10 14:39:41.365 [http-nio-8081-exec-1] DEBUG c.s.userService.Mapper.UserMapper.getUserName - <==      Total: 1
2023-01-10 14:39:41.392 [http-nio-8081-exec-2] DEBUG o.s.w.s.m.m.a.RequestResponseBodyMethodProcessor - Using 'application/json', given [application/json, text/plain, */*] and supported [application/json, application/*+json, application/json, application/*+json]
2023-01-10 14:39:41.392 [http-nio-8081-exec-1] DEBUG o.s.w.s.m.m.a.RequestResponseBodyMethodProcessor - Using 'application/json', given [application/json, text/plain, */*] and supported [application/json, application/*+json, application/json, application/*+json]
2023-01-10 14:39:41.392 [http-nio-8081-exec-2] DEBUG o.s.w.s.m.m.a.RequestResponseBodyMethodProcessor - Writing [com.student.userService.Utils.ApiResult@3a63315d]
2023-01-10 14:39:41.392 [http-nio-8081-exec-1] DEBUG o.s.w.s.m.m.a.RequestResponseBodyMethodProcessor - Writing [com.student.userService.Utils.ApiResult@408f22ba]
2023-01-10 14:39:41.410 [http-nio-8081-exec-1] DEBUG org.springframework.web.servlet.DispatcherServlet - Completed 200 OK
2023-01-10 14:39:41.410 [http-nio-8081-exec-2] DEBUG org.springframework.web.servlet.DispatcherServlet - Completed 200 OK
2023-01-10 14:39:42.909 [http-nio-8081-exec-3] INFO  com.student.userService.Filter.GlobleFilter - 过滤器执行了
2023-01-10 14:39:42.911 [http-nio-8081-exec-3] DEBUG org.springframework.web.servlet.DispatcherServlet - GET "/ts/getProvince", parameters={}
2023-01-10 14:39:42.911 [http-nio-8081-exec-3] DEBUG o.s.w.s.m.m.a.RequestMappingHandlerMapping - Mapped to com.student.userService.Controller.Ts.TsController#getProvince()
2023-01-10 14:39:42.913 [http-nio-8081-exec-3] DEBUG c.student.userService.Mapper.TsMapper.getProvince - ==>  Preparing: select * from region where level_id=1
2023-01-10 14:39:42.913 [http-nio-8081-exec-3] DEBUG c.student.userService.Mapper.TsMapper.getProvince - ==> Parameters: 
2023-01-10 14:39:42.940 [http-nio-8081-exec-3] DEBUG c.student.userService.Mapper.TsMapper.getProvince - <==      Total: 34
2023-01-10 14:39:42.941 [http-nio-8081-exec-3] DEBUG o.s.w.s.m.m.a.RequestResponseBodyMethodProcessor - Using 'application/json', given [application/json, text/plain, */*] and supported [application/json, application/*+json, application/json, application/*+json]
2023-01-10 14:39:42.942 [http-nio-8081-exec-3] DEBUG o.s.w.s.m.m.a.RequestResponseBodyMethodProcessor - Writing [com.student.userService.Utils.ApiResult@27c560b2]
2023-01-10 14:39:42.945 [http-nio-8081-exec-3] DEBUG org.springframework.web.servlet.DispatcherServlet - Completed 200 OK
2023-01-10 14:39:43.177 [http-nio-8081-exec-4] INFO  com.student.userService.Filter.GlobleFilter - 过滤器执行了
2023-01-10 14:39:43.181 [http-nio-8081-exec-4] DEBUG org.springframework.web.servlet.DispatcherServlet - POST "/ts/tsInfo", parameters={}
2023-01-10 14:39:43.181 [http-nio-8081-exec-4] DEBUG o.s.w.s.m.m.a.RequestMappingHandlerMapping - Mapped to com.student.userService.Controller.Ts.TsController#getTsInfo(UserVo)
2023-01-10 14:39:43.203 [http-nio-8081-exec-4] DEBUG o.s.w.s.m.m.a.RequestResponseBodyMethodProcessor - Read "application/json;charset=UTF-8" to [UserVo(page=1, pageSize=10, userName=, userNo=, identity=null, provinceName=, cityName=null, areaNam (truncated)...]
2023-01-10 14:39:43.210 [http-nio-8081-exec-4] DEBUG c.s.userService.Mapper.TsMapper.getUserList_COUNT - ==>  Preparing: SELECT count(0) FROM user WHERE 1 = 1
2023-01-10 14:39:43.210 [http-nio-8081-exec-4] DEBUG c.s.userService.Mapper.TsMapper.getUserList_COUNT - ==> Parameters: 
2023-01-10 14:39:43.212 [http-nio-8081-exec-4] DEBUG c.s.userService.Mapper.TsMapper.getUserList_COUNT - <==      Total: 1
2023-01-10 14:39:43.213 [http-nio-8081-exec-4] DEBUG c.student.userService.Mapper.TsMapper.getUserList - ==>  Preparing: select * from user where 1=1 LIMIT ?
2023-01-10 14:39:43.213 [http-nio-8081-exec-4] DEBUG c.student.userService.Mapper.TsMapper.getUserList - ==> Parameters: 10(Integer)
2023-01-10 14:39:43.216 [http-nio-8081-exec-4] DEBUG c.student.userService.Mapper.TsMapper.getUserList - <==      Total: 3
2023-01-10 14:39:43.216 [http-nio-8081-exec-4] DEBUG o.s.w.s.m.m.a.RequestResponseBodyMethodProcessor - Using 'application/json', given [application/json, text/plain, */*] and supported [application/json, application/*+json, application/json, application/*+json]
2023-01-10 14:39:43.216 [http-nio-8081-exec-4] DEBUG o.s.w.s.m.m.a.RequestResponseBodyMethodProcessor - Writing [com.student.userService.Utils.ApiResult@4bad146c]
2023-01-10 14:39:43.217 [http-nio-8081-exec-4] DEBUG org.springframework.web.servlet.DispatcherServlet - Completed 200 OK
2023-01-10 14:39:44.630 [http-nio-8081-exec-6] INFO  com.student.userService.Filter.GlobleFilter - 过滤器执行了
2023-01-10 14:39:44.636 [http-nio-8081-exec-6] DEBUG org.springframework.web.servlet.DispatcherServlet - GET "/subject/getSubjectList?page=1&pageSize=10&subjectName=", parameters={masked}
2023-01-10 14:39:44.636 [http-nio-8081-exec-6] DEBUG o.s.w.s.m.m.a.RequestMappingHandlerMapping - Mapped to com.student.userService.Controller.Subject.SubjectController#getSubjectList(int, int, String)
2023-01-10 14:39:44.647 [http-nio-8081-exec-6] DEBUG c.s.u.Mapper.SubjectMapper.getSubjectList_COUNT - ==>  Preparing: SELECT count(0) FROM subject WHERE 1 = 1
2023-01-10 14:39:44.648 [http-nio-8081-exec-6] DEBUG c.s.u.Mapper.SubjectMapper.getSubjectList_COUNT - ==> Parameters: 
2023-01-10 14:39:44.650 [http-nio-8081-exec-6] DEBUG c.s.u.Mapper.SubjectMapper.getSubjectList_COUNT - <==      Total: 1
2023-01-10 14:39:44.651 [http-nio-8081-exec-6] DEBUG c.s.u.Mapper.SubjectMapper.getSubjectList - ==>  Preparing: select * from subject where 1=1 LIMIT ?
2023-01-10 14:39:44.651 [http-nio-8081-exec-6] DEBUG c.s.u.Mapper.SubjectMapper.getSubjectList - ==> Parameters: 10(Integer)
2023-01-10 14:39:44.655 [http-nio-8081-exec-6] DEBUG c.s.u.Mapper.SubjectMapper.getSubjectList - <==      Total: 9
2023-01-10 14:39:44.655 [http-nio-8081-exec-6] DEBUG o.s.w.s.m.m.a.RequestResponseBodyMethodProcessor - Using 'application/json', given [application/json, text/plain, */*] and supported [application/json, application/*+json, application/json, application/*+json]
2023-01-10 14:39:44.655 [http-nio-8081-exec-6] DEBUG o.s.w.s.m.m.a.RequestResponseBodyMethodProcessor - Writing [com.student.userService.Utils.ApiResult@b66ecca]
2023-01-10 14:39:44.658 [http-nio-8081-exec-6] DEBUG org.springframework.web.servlet.DispatcherServlet - Completed 200 OK
2023-01-10 14:39:45.639 [http-nio-8081-exec-5] INFO  com.student.userService.Filter.GlobleFilter - 过滤器执行了
2023-01-10 14:39:45.642 [http-nio-8081-exec-5] DEBUG org.springframework.web.servlet.DispatcherServlet - GET "/class/selectAllClass?gradeName=&headTeacherName=&page=1&pageSize=10", parameters={masked}
2023-01-10 14:39:45.643 [http-nio-8081-exec-5] DEBUG o.s.w.s.m.m.a.RequestMappingHandlerMapping - Mapped to com.student.userService.Controller.Class.ClassController#selectAllClass(String, String, int, int)
2023-01-10 14:39:45.648 [http-nio-8081-exec-5] DEBUG c.s.u.Mapper.ClassMapper.selectAllClass_COUNT - ==>  Preparing: SELECT count(0) FROM clas c LEFT JOIN user u ON c.head_teacher_id = u.id WHERE 1 = 1
2023-01-10 14:39:45.648 [http-nio-8081-exec-5] DEBUG c.s.u.Mapper.ClassMapper.selectAllClass_COUNT - ==> Parameters: 
2023-01-10 14:39:45.649 [http-nio-8081-exec-5] DEBUG c.s.u.Mapper.ClassMapper.selectAllClass_COUNT - <==      Total: 1
2023-01-10 14:39:45.650 [http-nio-8081-exec-5] DEBUG c.s.userService.Mapper.ClassMapper.selectAllClass - ==>  Preparing: select c.*,u.user_name headTeacherName from clas c left join user u on c.head_teacher_id=u.id where 1=1 LIMIT ?
2023-01-10 14:39:45.650 [http-nio-8081-exec-5] DEBUG c.s.userService.Mapper.ClassMapper.selectAllClass - ==> Parameters: 10(Integer)
2023-01-10 14:39:45.651 [http-nio-8081-exec-5] DEBUG c.s.userService.Mapper.ClassMapper.selectAllClass - <==      Total: 2
2023-01-10 14:39:45.651 [http-nio-8081-exec-5] DEBUG o.s.w.s.m.m.a.RequestResponseBodyMethodProcessor - Using 'application/json', given [application/json, text/plain, */*] and supported [application/json, application/*+json, application/json, application/*+json]
2023-01-10 14:39:45.652 [http-nio-8081-exec-5] DEBUG o.s.w.s.m.m.a.RequestResponseBodyMethodProcessor - Writing [com.student.userService.Utils.ApiResult@6d0a73ec]
2023-01-10 14:39:45.653 [http-nio-8081-exec-5] DEBUG org.springframework.web.servlet.DispatcherServlet - Completed 200 OK
2023-01-10 14:39:45.962 [http-nio-8081-exec-8] INFO  com.student.userService.Filter.GlobleFilter - 过滤器执行了
2023-01-10 14:39:45.962 [http-nio-8081-exec-7] INFO  com.student.userService.Filter.GlobleFilter - 过滤器执行了
2023-01-10 14:39:45.964 [http-nio-8081-exec-8] DEBUG org.springframework.web.servlet.DispatcherServlet - GET "/grade/selectGrade?gradeName=&gradeDirectorId=&page=0&pageSize=0", parameters={masked}
2023-01-10 14:39:45.964 [http-nio-8081-exec-7] DEBUG org.springframework.web.servlet.DispatcherServlet - GET "/ts/getTeacherInfo", parameters={}
2023-01-10 14:39:45.964 [http-nio-8081-exec-8] DEBUG o.s.w.s.m.m.a.RequestMappingHandlerMapping - Mapped to com.student.userService.Controller.Grade.GradeController#selectGrade(String, String, int, int)
2023-01-10 14:39:45.964 [http-nio-8081-exec-7] DEBUG o.s.w.s.m.m.a.RequestMappingHandlerMapping - Mapped to com.student.userService.Controller.Ts.TsController#getTeacherInfo()
2023-01-10 14:39:45.967 [http-nio-8081-exec-8] DEBUG c.s.userService.Mapper.GradeMapper.selectGrade - ==>  Preparing: select id,grade_name,create_time,create_by,grade_director_id from Grade where 1=1 order by grade_name asc
2023-01-10 14:39:45.968 [http-nio-8081-exec-8] DEBUG c.s.userService.Mapper.GradeMapper.selectGrade - ==> Parameters: 
2023-01-10 14:39:45.969 [http-nio-8081-exec-7] DEBUG com.student.userService.Mapper.TsMapper.selectList - ==>  Preparing: SELECT id,mobile,user_name,password,province_name,city_name,area_name,age,sex,identity,user_no,birthday,create_time,create_by,modify_by,modify_time,is_head FROM user WHERE (identity = ? AND is_head = ?)
2023-01-10 14:39:45.969 [http-nio-8081-exec-8] DEBUG c.s.userService.Mapper.GradeMapper.selectGrade - <==      Total: 4
2023-01-10 14:39:45.969 [http-nio-8081-exec-7] DEBUG com.student.userService.Mapper.TsMapper.selectList - ==> Parameters: 0(Integer), 0(Integer)
2023-01-10 14:39:45.970 [http-nio-8081-exec-8] DEBUG c.s.userService.Mapper.UserMapper.getUserName - ==>  Preparing: select user_name from user where id =?
2023-01-10 14:39:45.970 [http-nio-8081-exec-8] DEBUG c.s.userService.Mapper.UserMapper.getUserName - ==> Parameters: 6348c9ff1c0ea24fd729aa34(String)
2023-01-10 14:39:45.971 [http-nio-8081-exec-8] DEBUG c.s.userService.Mapper.UserMapper.getUserName - <==      Total: 1
2023-01-10 14:39:45.972 [http-nio-8081-exec-7] DEBUG com.student.userService.Mapper.TsMapper.selectList - <==      Total: 2
2023-01-10 14:39:45.973 [http-nio-8081-exec-8] DEBUG c.s.userService.Mapper.UserMapper.getUserName - ==>  Preparing: select user_name from user where id =?
2023-01-10 14:39:45.973 [http-nio-8081-exec-8] DEBUG c.s.userService.Mapper.UserMapper.getUserName - ==> Parameters: 6348bf111c0ea24fd729aa31(String)
2023-01-10 14:39:45.973 [http-nio-8081-exec-7] DEBUG o.s.w.s.m.m.a.RequestResponseBodyMethodProcessor - Using 'application/json', given [application/json, text/plain, */*] and supported [application/json, application/*+json, application/json, application/*+json]
2023-01-10 14:39:45.973 [http-nio-8081-exec-7] DEBUG o.s.w.s.m.m.a.RequestResponseBodyMethodProcessor - Writing [com.student.userService.Utils.ApiResult@5c925862]
2023-01-10 14:39:45.974 [http-nio-8081-exec-8] DEBUG c.s.userService.Mapper.UserMapper.getUserName - <==      Total: 1
2023-01-10 14:39:45.974 [http-nio-8081-exec-7] DEBUG org.springframework.web.servlet.DispatcherServlet - Completed 200 OK
2023-01-10 14:39:45.974 [http-nio-8081-exec-8] DEBUG c.s.userService.Mapper.UserMapper.getUserName - ==>  Preparing: select user_name from user where id =?
2023-01-10 14:39:45.975 [http-nio-8081-exec-8] DEBUG c.s.userService.Mapper.UserMapper.getUserName - ==> Parameters: 6348c9ff1c0ea24fd729aa34(String)
2023-01-10 14:39:45.976 [http-nio-8081-exec-8] DEBUG c.s.userService.Mapper.UserMapper.getUserName - <==      Total: 1
2023-01-10 14:39:45.976 [http-nio-8081-exec-8] DEBUG c.s.userService.Mapper.UserMapper.getUserName - ==>  Preparing: select user_name from user where id =?
2023-01-10 14:39:45.977 [http-nio-8081-exec-8] DEBUG c.s.userService.Mapper.UserMapper.getUserName - ==> Parameters: 6348bf111c0ea24fd729aa31(String)
2023-01-10 14:39:45.977 [http-nio-8081-exec-8] DEBUG c.s.userService.Mapper.UserMapper.getUserName - <==      Total: 1
2023-01-10 14:39:45.978 [http-nio-8081-exec-8] DEBUG o.s.w.s.m.m.a.RequestResponseBodyMethodProcessor - Using 'application/json', given [application/json, text/plain, */*] and supported [application/json, application/*+json, application/json, application/*+json]
2023-01-10 14:39:45.979 [http-nio-8081-exec-8] DEBUG o.s.w.s.m.m.a.RequestResponseBodyMethodProcessor - Writing [com.student.userService.Utils.ApiResult@316897d6]
2023-01-10 14:39:45.979 [http-nio-8081-exec-8] DEBUG org.springframework.web.servlet.DispatcherServlet - Completed 200 OK
2023-01-10 14:41:57.169 [http-nio-8081-exec-10] INFO  com.student.userService.Filter.GlobleFilter - 过滤器执行了
2023-01-10 14:41:57.169 [http-nio-8081-exec-9] INFO  com.student.userService.Filter.GlobleFilter - 过滤器执行了
2023-01-10 14:41:57.174 [http-nio-8081-exec-10] DEBUG org.springframework.web.servlet.DispatcherServlet - GET "/ts/getTeacherInfo", parameters={}
2023-01-10 14:41:57.174 [http-nio-8081-exec-9] DEBUG org.springframework.web.servlet.DispatcherServlet - GET "/grade/selectGrade?gradeName=&gradeDirectorId=&page=1&pageSize=10", parameters={masked}
2023-01-10 14:41:57.175 [http-nio-8081-exec-10] DEBUG o.s.w.s.m.m.a.RequestMappingHandlerMapping - Mapped to com.student.userService.Controller.Ts.TsController#getTeacherInfo()
2023-01-10 14:41:57.175 [http-nio-8081-exec-9] DEBUG o.s.w.s.m.m.a.RequestMappingHandlerMapping - Mapped to com.student.userService.Controller.Grade.GradeController#selectGrade(String, String, int, int)
2023-01-10 14:41:57.182 [http-nio-8081-exec-9] DEBUG c.s.u.Mapper.GradeMapper.selectGrade_COUNT - ==>  Preparing: SELECT count(0) FROM Grade WHERE 1 = 1
2023-01-10 14:41:57.182 [http-nio-8081-exec-9] DEBUG c.s.u.Mapper.GradeMapper.selectGrade_COUNT - ==> Parameters: 
2023-01-10 14:41:57.182 [http-nio-8081-exec-10] DEBUG com.student.userService.Mapper.TsMapper.selectList - ==>  Preparing: SELECT id,mobile,user_name,password,province_name,city_name,area_name,age,sex,identity,user_no,birthday,create_time,create_by,modify_by,modify_time,is_head FROM user WHERE (identity = ? AND is_head = ?)
2023-01-10 14:41:57.183 [http-nio-8081-exec-10] DEBUG com.student.userService.Mapper.TsMapper.selectList - ==> Parameters: 0(Integer), 0(Integer)
2023-01-10 14:41:57.184 [http-nio-8081-exec-9] DEBUG c.s.u.Mapper.GradeMapper.selectGrade_COUNT - <==      Total: 1
2023-01-10 14:41:57.185 [http-nio-8081-exec-9] DEBUG c.s.userService.Mapper.GradeMapper.selectGrade - ==>  Preparing: select id,grade_name,create_time,create_by,grade_director_id from Grade where 1=1 order by grade_name asc LIMIT ?
2023-01-10 14:41:57.185 [http-nio-8081-exec-9] DEBUG c.s.userService.Mapper.GradeMapper.selectGrade - ==> Parameters: 10(Integer)
2023-01-10 14:41:57.185 [http-nio-8081-exec-10] DEBUG com.student.userService.Mapper.TsMapper.selectList - <==      Total: 2
2023-01-10 14:41:57.186 [http-nio-8081-exec-10] DEBUG o.s.w.s.m.m.a.RequestResponseBodyMethodProcessor - Using 'application/json', given [application/json, text/plain, */*] and supported [application/json, application/*+json, application/json, application/*+json]
2023-01-10 14:41:57.187 [http-nio-8081-exec-10] DEBUG o.s.w.s.m.m.a.RequestResponseBodyMethodProcessor - Writing [com.student.userService.Utils.ApiResult@68b1bc48]
2023-01-10 14:41:57.187 [http-nio-8081-exec-9] DEBUG c.s.userService.Mapper.GradeMapper.selectGrade - <==      Total: 4
2023-01-10 14:41:57.188 [http-nio-8081-exec-10] DEBUG org.springframework.web.servlet.DispatcherServlet - Completed 200 OK
2023-01-10 14:41:57.188 [http-nio-8081-exec-9] DEBUG c.s.userService.Mapper.UserMapper.getUserName - ==>  Preparing: select user_name from user where id =?
2023-01-10 14:41:57.188 [http-nio-8081-exec-9] DEBUG c.s.userService.Mapper.UserMapper.getUserName - ==> Parameters: 6348c9ff1c0ea24fd729aa34(String)
2023-01-10 14:41:57.189 [http-nio-8081-exec-9] DEBUG c.s.userService.Mapper.UserMapper.getUserName - <==      Total: 1
2023-01-10 14:41:57.190 [http-nio-8081-exec-9] DEBUG c.s.userService.Mapper.UserMapper.getUserName - ==>  Preparing: select user_name from user where id =?
2023-01-10 14:41:57.190 [http-nio-8081-exec-9] DEBUG c.s.userService.Mapper.UserMapper.getUserName - ==> Parameters: 6348bf111c0ea24fd729aa31(String)
2023-01-10 14:41:57.191 [http-nio-8081-exec-9] DEBUG c.s.userService.Mapper.UserMapper.getUserName - <==      Total: 1
2023-01-10 14:41:57.191 [http-nio-8081-exec-9] DEBUG c.s.userService.Mapper.UserMapper.getUserName - ==>  Preparing: select user_name from user where id =?
2023-01-10 14:41:57.191 [http-nio-8081-exec-9] DEBUG c.s.userService.Mapper.UserMapper.getUserName - ==> Parameters: 6348c9ff1c0ea24fd729aa34(String)
2023-01-10 14:41:57.192 [http-nio-8081-exec-9] DEBUG c.s.userService.Mapper.UserMapper.getUserName - <==      Total: 1
2023-01-10 14:41:57.192 [http-nio-8081-exec-9] DEBUG c.s.userService.Mapper.UserMapper.getUserName - ==>  Preparing: select user_name from user where id =?
2023-01-10 14:41:57.192 [http-nio-8081-exec-9] DEBUG c.s.userService.Mapper.UserMapper.getUserName - ==> Parameters: 6348bf111c0ea24fd729aa31(String)
2023-01-10 14:41:57.193 [http-nio-8081-exec-9] DEBUG c.s.userService.Mapper.UserMapper.getUserName - <==      Total: 1
2023-01-10 14:41:57.194 [http-nio-8081-exec-9] DEBUG o.s.w.s.m.m.a.RequestResponseBodyMethodProcessor - Using 'application/json', given [application/json, text/plain, */*] and supported [application/json, application/*+json, application/json, application/*+json]
2023-01-10 14:41:57.194 [http-nio-8081-exec-9] DEBUG o.s.w.s.m.m.a.RequestResponseBodyMethodProcessor - Writing [com.student.userService.Utils.ApiResult@a6a09d6]
2023-01-10 14:41:57.195 [http-nio-8081-exec-9] DEBUG org.springframework.web.servlet.DispatcherServlet - Completed 200 OK
2023-01-10 14:41:59.657 [http-nio-8081-exec-1] INFO  com.student.userService.Filter.GlobleFilter - 过滤器执行了
2023-01-10 14:41:59.659 [http-nio-8081-exec-1] DEBUG org.springframework.web.servlet.DispatcherServlet - GET "/grade/selectGrade?gradeName=&gradeDirectorId=&page=0&pageSize=0", parameters={masked}
2023-01-10 14:41:59.660 [http-nio-8081-exec-1] DEBUG o.s.w.s.m.m.a.RequestMappingHandlerMapping - Mapped to com.student.userService.Controller.Grade.GradeController#selectGrade(String, String, int, int)
2023-01-10 14:41:59.663 [http-nio-8081-exec-1] DEBUG c.s.userService.Mapper.GradeMapper.selectGrade - ==>  Preparing: select id,grade_name,create_time,create_by,grade_director_id from Grade where 1=1 order by grade_name asc
2023-01-10 14:41:59.663 [http-nio-8081-exec-1] DEBUG c.s.userService.Mapper.GradeMapper.selectGrade - ==> Parameters: 
2023-01-10 14:41:59.665 [http-nio-8081-exec-1] DEBUG c.s.userService.Mapper.GradeMapper.selectGrade - <==      Total: 4
2023-01-10 14:41:59.665 [http-nio-8081-exec-1] DEBUG c.s.userService.Mapper.UserMapper.getUserName - ==>  Preparing: select user_name from user where id =?
2023-01-10 14:41:59.666 [http-nio-8081-exec-1] DEBUG c.s.userService.Mapper.UserMapper.getUserName - ==> Parameters: 6348c9ff1c0ea24fd729aa34(String)
2023-01-10 14:41:59.666 [http-nio-8081-exec-1] DEBUG c.s.userService.Mapper.UserMapper.getUserName - <==      Total: 1
2023-01-10 14:41:59.667 [http-nio-8081-exec-1] DEBUG c.s.userService.Mapper.UserMapper.getUserName - ==>  Preparing: select user_name from user where id =?
2023-01-10 14:41:59.667 [http-nio-8081-exec-1] DEBUG c.s.userService.Mapper.UserMapper.getUserName - ==> Parameters: 6348bf111c0ea24fd729aa31(String)
2023-01-10 14:41:59.669 [http-nio-8081-exec-1] DEBUG c.s.userService.Mapper.UserMapper.getUserName - <==      Total: 1
2023-01-10 14:41:59.669 [http-nio-8081-exec-1] DEBUG c.s.userService.Mapper.UserMapper.getUserName - ==>  Preparing: select user_name from user where id =?
2023-01-10 14:41:59.670 [http-nio-8081-exec-1] DEBUG c.s.userService.Mapper.UserMapper.getUserName - ==> Parameters: 6348c9ff1c0ea24fd729aa34(String)
2023-01-10 14:41:59.671 [http-nio-8081-exec-1] DEBUG c.s.userService.Mapper.UserMapper.getUserName - <==      Total: 1
2023-01-10 14:41:59.672 [http-nio-8081-exec-1] DEBUG c.s.userService.Mapper.UserMapper.getUserName - ==>  Preparing: select user_name from user where id =?
2023-01-10 14:41:59.672 [http-nio-8081-exec-1] DEBUG c.s.userService.Mapper.UserMapper.getUserName - ==> Parameters: 6348bf111c0ea24fd729aa31(String)
2023-01-10 14:41:59.674 [http-nio-8081-exec-1] DEBUG c.s.userService.Mapper.UserMapper.getUserName - <==      Total: 1
2023-01-10 14:41:59.675 [http-nio-8081-exec-1] DEBUG o.s.w.s.m.m.a.RequestResponseBodyMethodProcessor - Using 'application/json', given [application/json, text/plain, */*] and supported [application/json, application/*+json, application/json, application/*+json]
2023-01-10 14:41:59.675 [http-nio-8081-exec-1] DEBUG o.s.w.s.m.m.a.RequestResponseBodyMethodProcessor - Writing [com.student.userService.Utils.ApiResult@3a1d3265]
2023-01-10 14:41:59.677 [http-nio-8081-exec-1] DEBUG org.springframework.web.servlet.DispatcherServlet - Completed 200 OK
2023-01-10 15:07:02.292 [http-nio-8081-exec-2] INFO  com.student.userService.Filter.GlobleFilter - 过滤器执行了
2023-01-10 15:07:02.328 [http-nio-8081-exec-2] DEBUG org.springframework.web.servlet.DispatcherServlet - GET "/file/2e8f2cfe7d8a4a0d94f0de586d5b9609.jpg", parameters={}
2023-01-10 15:07:02.329 [http-nio-8081-exec-2] DEBUG o.s.w.s.m.m.a.RequestMappingHandlerMapping - Mapped to com.student.userService.Controller.File.FileController#download(String, HttpServletResponse)
2023-01-10 15:07:02.540 [http-nio-8081-exec-2] DEBUG org.springframework.web.servlet.DispatcherServlet - Failed to complete request: cn.hutool.core.io.IORuntimeException: File not exist: D:\Projects\files\ 2e8f2cfe7d8a4a0d94f0de586d5b9609.jpg
2023-01-10 15:07:02.612 [http-nio-8081-exec-2] ERROR o.a.c.c.C.[.[localhost].[/].[dispatcherServlet] - Servlet.service() for servlet [dispatcherServlet] in context with path [] threw exception [Request processing failed; nested exception is cn.hutool.core.io.IORuntimeException: File not exist: D:\Projects\files\ 2e8f2cfe7d8a4a0d94f0de586d5b9609.jpg] with root cause
cn.hutool.core.io.IORuntimeException: File not exist: D:\Projects\files\ 2e8f2cfe7d8a4a0d94f0de586d5b9609.jpg
	at cn.hutool.core.io.file.FileReader.checkFile(FileReader.java:283)
	at cn.hutool.core.io.file.FileReader.<init>(FileReader.java:57)
	at cn.hutool.core.io.file.FileReader.<init>(FileReader.java:93)
	at cn.hutool.core.io.file.FileReader.create(FileReader.java:46)
	at cn.hutool.core.io.FileUtil.readBytes(FileUtil.java:2127)
	at com.student.userService.Controller.File.FileController.download(FileController.java:65)
	at sun.reflect.NativeMethodAccessorImpl.invoke0(Native Method)
	at sun.reflect.NativeMethodAccessorImpl.invoke(NativeMethodAccessorImpl.java:62)
	at sun.reflect.DelegatingMethodAccessorImpl.invoke(DelegatingMethodAccessorImpl.java:43)
	at java.lang.reflect.Method.invoke(Method.java:498)
	at org.springframework.web.method.support.InvocableHandlerMethod.doInvoke(InvocableHandlerMethod.java:190)
	at org.springframework.web.method.support.InvocableHandlerMethod.invokeForRequest(InvocableHandlerMethod.java:138)
	at org.springframework.web.servlet.mvc.method.annotation.ServletInvocableHandlerMethod.invokeAndHandle(ServletInvocableHandlerMethod.java:105)
	at org.springframework.web.servlet.mvc.method.annotation.RequestMappingHandlerAdapter.invokeHandlerMethod(RequestMappingHandlerAdapter.java:878)
	at org.springframework.web.servlet.mvc.method.annotation.RequestMappingHandlerAdapter.handleInternal(RequestMappingHandlerAdapter.java:792)
	at org.springframework.web.servlet.mvc.method.AbstractHandlerMethodAdapter.handle(AbstractHandlerMethodAdapter.java:87)
	at org.springframework.web.servlet.DispatcherServlet.doDispatch(DispatcherServlet.java:1040)
	at org.springframework.web.servlet.DispatcherServlet.doService(DispatcherServlet.java:943)
	at org.springframework.web.servlet.FrameworkServlet.processRequest(FrameworkServlet.java:1006)
	at org.springframework.web.servlet.FrameworkServlet.doGet(FrameworkServlet.java:898)
	at javax.servlet.http.HttpServlet.service(HttpServlet.java:626)
	at org.springframework.web.servlet.FrameworkServlet.service(FrameworkServlet.java:883)
	at javax.servlet.http.HttpServlet.service(HttpServlet.java:733)
	at org.apache.catalina.core.ApplicationFilterChain.internalDoFilter(ApplicationFilterChain.java:231)
	at org.apache.catalina.core.ApplicationFilterChain.doFilter(ApplicationFilterChain.java:166)
	at org.apache.tomcat.websocket.server.WsFilter.doFilter(WsFilter.java:53)
	at org.apache.catalina.core.ApplicationFilterChain.internalDoFilter(ApplicationFilterChain.java:193)
	at org.apache.catalina.core.ApplicationFilterChain.doFilter(ApplicationFilterChain.java:166)
	at com.student.userService.Filter.GlobleFilter.doFilter(GlobleFilter.java:60)
	at org.apache.catalina.core.ApplicationFilterChain.internalDoFilter(ApplicationFilterChain.java:193)
	at org.apache.catalina.core.ApplicationFilterChain.doFilter(ApplicationFilterChain.java:166)
	at org.springframework.web.filter.RequestContextFilter.doFilterInternal(RequestContextFilter.java:100)
	at org.springframework.web.filter.OncePerRequestFilter.doFilter(OncePerRequestFilter.java:119)
	at org.apache.catalina.core.ApplicationFilterChain.internalDoFilter(ApplicationFilterChain.java:193)
	at org.apache.catalina.core.ApplicationFilterChain.doFilter(ApplicationFilterChain.java:166)
	at org.springframework.web.filter.FormContentFilter.doFilterInternal(FormContentFilter.java:93)
	at org.springframework.web.filter.OncePerRequestFilter.doFilter(OncePerRequestFilter.java:119)
	at org.apache.catalina.core.ApplicationFilterChain.internalDoFilter(ApplicationFilterChain.java:193)
	at org.apache.catalina.core.ApplicationFilterChain.doFilter(ApplicationFilterChain.java:166)
	at org.springframework.web.filter.CharacterEncodingFilter.doFilterInternal(CharacterEncodingFilter.java:201)
	at org.springframework.web.filter.OncePerRequestFilter.doFilter(OncePerRequestFilter.java:119)
	at org.apache.catalina.core.ApplicationFilterChain.internalDoFilter(ApplicationFilterChain.java:193)
	at org.apache.catalina.core.ApplicationFilterChain.doFilter(ApplicationFilterChain.java:166)
	at org.apache.catalina.core.StandardWrapperValve.invoke(StandardWrapperValve.java:202)
	at org.apache.catalina.core.StandardContextValve.invoke(StandardContextValve.java:97)
	at org.apache.catalina.authenticator.AuthenticatorBase.invoke(AuthenticatorBase.java:542)
	at org.apache.catalina.core.StandardHostValve.invoke(StandardHostValve.java:143)
	at org.apache.catalina.valves.ErrorReportValve.invoke(ErrorReportValve.java:92)
	at org.apache.catalina.core.StandardEngineValve.invoke(StandardEngineValve.java:78)
	at org.apache.catalina.connector.CoyoteAdapter.service(CoyoteAdapter.java:343)
	at org.apache.coyote.http11.Http11Processor.service(Http11Processor.java:374)
	at org.apache.coyote.AbstractProcessorLight.process(AbstractProcessorLight.java:65)
	at org.apache.coyote.AbstractProtocol$ConnectionHandler.process(AbstractProtocol.java:888)
	at org.apache.tomcat.util.net.NioEndpoint$SocketProcessor.doRun(NioEndpoint.java:1597)
	at org.apache.tomcat.util.net.SocketProcessorBase.run(SocketProcessorBase.java:49)
	at java.util.concurrent.ThreadPoolExecutor.runWorker(ThreadPoolExecutor.java:1149)
	at java.util.concurrent.ThreadPoolExecutor$Worker.run(ThreadPoolExecutor.java:624)
	at org.apache.tomcat.util.threads.TaskThread$WrappingRunnable.run(TaskThread.java:61)
	at java.lang.Thread.run(Thread.java:748)
2023-01-10 15:07:02.715 [http-nio-8081-exec-2] DEBUG org.springframework.web.servlet.DispatcherServlet - "ERROR" dispatch for GET "/error", parameters={}
2023-01-10 15:07:02.798 [http-nio-8081-exec-2] DEBUG o.s.w.s.m.m.a.RequestMappingHandlerMapping - Mapped to org.springframework.boot.autoconfigure.web.servlet.error.BasicErrorController#errorHtml(HttpServletRequest, HttpServletResponse)
2023-01-10 15:07:02.844 [http-nio-8081-exec-2] DEBUG o.s.w.servlet.view.ContentNegotiatingViewResolver - Selected 'text/html' given [text/html, text/html;q=0.8]
2023-01-10 15:07:02.987 [http-nio-8081-exec-2] DEBUG org.springframework.web.servlet.DispatcherServlet - Exiting from "ERROR" dispatch, status 500
2023-01-10 15:07:03.048 [http-nio-8081-exec-3] INFO  com.student.userService.Filter.GlobleFilter - 过滤器执行了
2023-01-10 15:07:03.122 [http-nio-8081-exec-3] ERROR o.a.c.c.C.[.[localhost].[/].[dispatcherServlet] - Servlet.service() for servlet [dispatcherServlet] in context with path [] threw exception
com.student.userService.Utils.MyException: 没有Token
	at com.student.userService.Filter.GlobleFilter.doFilter(GlobleFilter.java:66)
	at org.apache.catalina.core.ApplicationFilterChain.internalDoFilter(ApplicationFilterChain.java:193)
	at org.apache.catalina.core.ApplicationFilterChain.doFilter(ApplicationFilterChain.java:166)
	at org.springframework.web.filter.RequestContextFilter.doFilterInternal(RequestContextFilter.java:100)
	at org.springframework.web.filter.OncePerRequestFilter.doFilter(OncePerRequestFilter.java:119)
	at org.apache.catalina.core.ApplicationFilterChain.internalDoFilter(ApplicationFilterChain.java:193)
	at org.apache.catalina.core.ApplicationFilterChain.doFilter(ApplicationFilterChain.java:166)
	at org.springframework.web.filter.FormContentFilter.doFilterInternal(FormContentFilter.java:93)
	at org.springframework.web.filter.OncePerRequestFilter.doFilter(OncePerRequestFilter.java:119)
	at org.apache.catalina.core.ApplicationFilterChain.internalDoFilter(ApplicationFilterChain.java:193)
	at org.apache.catalina.core.ApplicationFilterChain.doFilter(ApplicationFilterChain.java:166)
	at org.springframework.web.filter.CharacterEncodingFilter.doFilterInternal(CharacterEncodingFilter.java:201)
	at org.springframework.web.filter.OncePerRequestFilter.doFilter(OncePerRequestFilter.java:119)
	at org.apache.catalina.core.ApplicationFilterChain.internalDoFilter(ApplicationFilterChain.java:193)
	at org.apache.catalina.core.ApplicationFilterChain.doFilter(ApplicationFilterChain.java:166)
	at org.apache.catalina.core.StandardWrapperValve.invoke(StandardWrapperValve.java:202)
	at org.apache.catalina.core.StandardContextValve.invoke(StandardContextValve.java:97)
	at org.apache.catalina.authenticator.AuthenticatorBase.invoke(AuthenticatorBase.java:542)
	at org.apache.catalina.core.StandardHostValve.invoke(StandardHostValve.java:143)
	at org.apache.catalina.valves.ErrorReportValve.invoke(ErrorReportValve.java:92)
	at org.apache.catalina.core.StandardEngineValve.invoke(StandardEngineValve.java:78)
	at org.apache.catalina.connector.CoyoteAdapter.service(CoyoteAdapter.java:343)
	at org.apache.coyote.http11.Http11Processor.service(Http11Processor.java:374)
	at org.apache.coyote.AbstractProcessorLight.process(AbstractProcessorLight.java:65)
	at org.apache.coyote.AbstractProtocol$ConnectionHandler.process(AbstractProtocol.java:888)
	at org.apache.tomcat.util.net.NioEndpoint$SocketProcessor.doRun(NioEndpoint.java:1597)
	at org.apache.tomcat.util.net.SocketProcessorBase.run(SocketProcessorBase.java:49)
	at java.util.concurrent.ThreadPoolExecutor.runWorker(ThreadPoolExecutor.java:1149)
	at java.util.concurrent.ThreadPoolExecutor$Worker.run(ThreadPoolExecutor.java:624)
	at org.apache.tomcat.util.threads.TaskThread$WrappingRunnable.run(TaskThread.java:61)
	at java.lang.Thread.run(Thread.java:748)
2023-01-10 15:07:03.123 [http-nio-8081-exec-3] DEBUG org.springframework.web.servlet.DispatcherServlet - "ERROR" dispatch for GET "/error", parameters={}
2023-01-10 15:07:03.123 [http-nio-8081-exec-3] DEBUG o.s.w.s.m.m.a.RequestMappingHandlerMapping - Mapped to org.springframework.boot.autoconfigure.web.servlet.error.BasicErrorController#error(HttpServletRequest)
2023-01-10 15:07:03.156 [http-nio-8081-exec-3] DEBUG o.s.w.s.m.m.annotation.HttpEntityMethodProcessor - Using 'application/json;q=0.8', given [image/avif, image/webp, image/apng, image/svg+xml, image/*, */*;q=0.8] and supported [application/json, application/*+json, application/json, application/*+json]
2023-01-10 15:07:03.157 [http-nio-8081-exec-3] DEBUG o.s.w.s.m.m.annotation.HttpEntityMethodProcessor - Writing [{timestamp=Tue Jan 10 15:07:03 CST 2023, status=500, error=Internal Server Error, message=, path=/fa (truncated)...]
2023-01-10 15:07:03.287 [http-nio-8081-exec-3] DEBUG org.springframework.web.servlet.DispatcherServlet - Exiting from "ERROR" dispatch, status 500
2023-01-10 15:07:37.525 [http-nio-8081-exec-4] INFO  com.student.userService.Filter.GlobleFilter - 过滤器执行了
2023-01-10 15:07:37.528 [http-nio-8081-exec-4] DEBUG org.springframework.web.servlet.DispatcherServlet - GET "/grade/selectGrade?gradeName=&gradeDirectorId=&page=0&pageSize=0", parameters={masked}
2023-01-10 15:07:37.528 [http-nio-8081-exec-4] DEBUG o.s.w.s.m.m.a.RequestMappingHandlerMapping - Mapped to com.student.userService.Controller.Grade.GradeController#selectGrade(String, String, int, int)
2023-01-10 15:07:37.577 [http-nio-8081-exec-4] DEBUG c.s.userService.Mapper.GradeMapper.selectGrade - ==>  Preparing: select id,grade_name,create_time,create_by,grade_director_id from Grade where 1=1 order by grade_name asc
2023-01-10 15:07:37.577 [http-nio-8081-exec-4] DEBUG c.s.userService.Mapper.GradeMapper.selectGrade - ==> Parameters: 
2023-01-10 15:07:37.664 [http-nio-8081-exec-4] DEBUG c.s.userService.Mapper.GradeMapper.selectGrade - <==      Total: 4
2023-01-10 15:07:37.665 [http-nio-8081-exec-4] DEBUG c.s.userService.Mapper.UserMapper.getUserName - ==>  Preparing: select user_name from user where id =?
2023-01-10 15:07:37.666 [http-nio-8081-exec-4] DEBUG c.s.userService.Mapper.UserMapper.getUserName - ==> Parameters: 6348c9ff1c0ea24fd729aa34(String)
2023-01-10 15:07:37.679 [http-nio-8081-exec-4] DEBUG c.s.userService.Mapper.UserMapper.getUserName - <==      Total: 1
2023-01-10 15:07:37.680 [http-nio-8081-exec-4] DEBUG c.s.userService.Mapper.UserMapper.getUserName - ==>  Preparing: select user_name from user where id =?
2023-01-10 15:07:37.681 [http-nio-8081-exec-4] DEBUG c.s.userService.Mapper.UserMapper.getUserName - ==> Parameters: 6348bf111c0ea24fd729aa31(String)
2023-01-10 15:07:37.682 [http-nio-8081-exec-4] DEBUG c.s.userService.Mapper.UserMapper.getUserName - <==      Total: 1
2023-01-10 15:07:37.683 [http-nio-8081-exec-4] DEBUG c.s.userService.Mapper.UserMapper.getUserName - ==>  Preparing: select user_name from user where id =?
2023-01-10 15:07:37.684 [http-nio-8081-exec-4] DEBUG c.s.userService.Mapper.UserMapper.getUserName - ==> Parameters: 6348c9ff1c0ea24fd729aa34(String)
2023-01-10 15:07:37.685 [http-nio-8081-exec-4] DEBUG c.s.userService.Mapper.UserMapper.getUserName - <==      Total: 1
2023-01-10 15:07:37.686 [http-nio-8081-exec-4] DEBUG c.s.userService.Mapper.UserMapper.getUserName - ==>  Preparing: select user_name from user where id =?
2023-01-10 15:07:37.687 [http-nio-8081-exec-4] DEBUG c.s.userService.Mapper.UserMapper.getUserName - ==> Parameters: 6348bf111c0ea24fd729aa31(String)
2023-01-10 15:07:37.688 [http-nio-8081-exec-4] DEBUG c.s.userService.Mapper.UserMapper.getUserName - <==      Total: 1
2023-01-10 15:07:37.690 [http-nio-8081-exec-4] DEBUG o.s.w.s.m.m.a.RequestResponseBodyMethodProcessor - Using 'application/json', given [application/json, text/plain, */*] and supported [application/json, application/*+json, application/json, application/*+json]
2023-01-10 15:07:37.690 [http-nio-8081-exec-4] DEBUG o.s.w.s.m.m.a.RequestResponseBodyMethodProcessor - Writing [com.student.userService.Utils.ApiResult@5c63ea4]
2023-01-10 15:07:37.692 [http-nio-8081-exec-4] DEBUG org.springframework.web.servlet.DispatcherServlet - Completed 200 OK
2023-01-10 16:53:43.627 [HikariPool-1 housekeeper] WARN  com.zaxxer.hikari.pool.HikariPool - HikariPool-1 - Thread starvation or clock leap detected (housekeeper delta=5m31s734ms810µs900ns).
